29-10-2018 11:06:17:538 phase1 [INFO] : List of users: [user0, user1, user2, user3, user4]
29-10-2018 11:06:17:563 phase1 [INFO] : List of operations:
[AddOperation [recipe=[ftyqqryp, Content--ftyqqryp, user0], timestamp=user0:   0], AddOperation [recipe=[vgrxismv, Content--vgrxismv, user2], timestamp=user2:   0], AddOperation [recipe=[mrtsccko, Content--mrtsccko, user1], timestamp=user1:   0], AddOperation [recipe=[mtxhcsxk, Content--mtxhcsxk, user4], timestamp=user4:   0], AddOperation [recipe=[igutjmas, Content--igutjmas, user2], timestamp=user2:   1], AddOperation [recipe=[enwxuoaq, Content--enwxuoaq, user2], timestamp=user2:   2], AddOperation [recipe=[naenayif, Content--naenayif, user3], timestamp=user3:   0], AddOperation [recipe=[paqhlrar, Content--paqhlrar, user3], timestamp=user3:   1], AddOperation [recipe=[guimxcvn, Content--guimxcvn, user4], timestamp=user4:   1], AddOperation [recipe=[brqcmawf, Content--brqcmawf, user3], timestamp=user3:   2], AddOperation [recipe=[wvfvcioe, Content--wvfvcioe, user0], timestamp=user0:   1], AddOperation [recipe=[jdpmsrot, Content--jdpmsrot, user4], timestamp=user4:   2], AddOperation [recipe=[bycjuiap, Content--bycjuiap, user2], timestamp=user2:   3], AddOperation [recipe=[prrrbyyq, Content--prrrbyyq, user4], timestamp=user4:   3], AddOperation [recipe=[ayxlnxfj, Content--ayxlnxfj, user0], timestamp=user0:   2], AddOperation [recipe=[fbybqmkf, Content--fbybqmkf, user1], timestamp=user1:   1], AddOperation [recipe=[clibbrbl, Content--clibbrbl, user2], timestamp=user2:   4], AddOperation [recipe=[qycxccpi, Content--qycxccpi, user1], timestamp=user1:   2], AddOperation [recipe=[jeqkicvn, Content--jeqkicvn, user0], timestamp=user0:   3], AddOperation [recipe=[gsktxxsh, Content--gsktxxsh, user1], timestamp=user1:   3], AddOperation [recipe=[nhmswiev, Content--nhmswiev, user4], timestamp=user4:   4], AddOperation [recipe=[gjtvehkq, Content--gjtvehkq, user0], timestamp=user0:   4], AddOperation [recipe=[rlretsfx, Content--rlretsfx, user2], timestamp=user2:   5], AddOperation [recipe=[hnsfjsrm, Content--hnsfjsrm, user0], timestamp=user0:   5], AddOperation [recipe=[dtuaotah, Content--dtuaotah, user4], timestamp=user4:   5], AddOperation [recipe=[vqkrfrdd, Content--vqkrfrdd, user2], timestamp=user2:   6], AddOperation [recipe=[hlvdoryn, Content--hlvdoryn, user1], timestamp=user1:   4], AddOperation [recipe=[srhvddam, Content--srhvddam, user2], timestamp=user2:   7], AddOperation [recipe=[jfyqttss, Content--jfyqttss, user4], timestamp=user4:   6], AddOperation [recipe=[tustxmqr, Content--tustxmqr, user0], timestamp=user0:   6], AddOperation [recipe=[vribeukc, Content--vribeukc, user3], timestamp=user3:   3], AddOperation [recipe=[xakmtotn, Content--xakmtotn, user4], timestamp=user4:   7], AddOperation [recipe=[skotncrs, Content--skotncrs, user2], timestamp=user2:   8], AddOperation [recipe=[tluqowex, Content--tluqowex, user2], timestamp=user2:   9], AddOperation [recipe=[lupjjovh, Content--lupjjovh, user3], timestamp=user3:   4], AddOperation [recipe=[qbmyxmeo, Content--qbmyxmeo, user3], timestamp=user3:   5], AddOperation [recipe=[ooqduvgv, Content--ooqduvgv, user4], timestamp=user4:   8], AddOperation [recipe=[hauelsfc, Content--hauelsfc, user1], timestamp=user1:   5], AddOperation [recipe=[jvuacyfw, Content--jvuacyfw, user3], timestamp=user3:   6], AddOperation [recipe=[kpetxjqi, Content--kpetxjqi, user1], timestamp=user1:   6], AddOperation [recipe=[fdfyucma, Content--fdfyucma, user2], timestamp=user2:   10], AddOperation [recipe=[lvckthrq, Content--lvckthrq, user4], timestamp=user4:   9], AddOperation [recipe=[booxoevo, Content--booxoevo, user3], timestamp=user3:   7], AddOperation [recipe=[pytljyec, Content--pytljyec, user4], timestamp=user4:   10], AddOperation [recipe=[cefxgrfy, Content--cefxgrfy, user3], timestamp=user3:   8], AddOperation [recipe=[nikvppdg, Content--nikvppdg, user3], timestamp=user3:   9], AddOperation [recipe=[phmfgbsu, Content--phmfgbsu, user3], timestamp=user3:   10], AddOperation [recipe=[fewjqkrh, Content--fewjqkrh, user3], timestamp=user3:   11], AddOperation [recipe=[yjcaeuhb, Content--yjcaeuhb, user1], timestamp=user1:   7], AddOperation [recipe=[roppuwew, Content--roppuwew, user4], timestamp=user4:   11]]
29-10-2018 11:06:17:571 phase1 [TRACE] : Inserting into Log the operation: AddOperation [recipe=[ftyqqryp, Content--ftyqqryp, user0], timestamp=user0:   0]
29-10-2018 11:06:17:572 phase1 [TRACE] : Log updated:
AddOperation [recipe=[ftyqqryp, Content--ftyqqryp, user0], timestamp=user0:   0]

29-10-2018 11:06:17:572 phase1 [TRACE] : Updating the TimestampVectorInserting with the timestamp: user0:   0
29-10-2018 11:06:17:581 phase1 [TRACE] : Summary updated:
user0:   0
user2:   -1000
user1:   -1000
user4:   -1000
user3:   -1000

29-10-2018 11:06:17:581 phase1 [TRACE] : Inserting into Log the operation: AddOperation [recipe=[vgrxismv, Content--vgrxismv, user2], timestamp=user2:   0]
29-10-2018 11:06:17:581 phase1 [TRACE] : Log updated:
AddOperation [recipe=[ftyqqryp, Content--ftyqqryp, user0], timestamp=user0:   0]
AddOperation [recipe=[vgrxismv, Content--vgrxismv, user2], timestamp=user2:   0]

29-10-2018 11:06:17:582 phase1 [TRACE] : Updating the TimestampVectorInserting with the timestamp: user2:   0
29-10-2018 11:06:17:582 phase1 [TRACE] : Summary updated:
user0:   0
user2:   0
user1:   -1000
user4:   -1000
user3:   -1000

29-10-2018 11:06:17:583 phase1 [TRACE] : Inserting into Log the operation: AddOperation [recipe=[mrtsccko, Content--mrtsccko, user1], timestamp=user1:   0]
29-10-2018 11:06:17:583 phase1 [TRACE] : Log updated:
AddOperation [recipe=[ftyqqryp, Content--ftyqqryp, user0], timestamp=user0:   0]
AddOperation [recipe=[vgrxismv, Content--vgrxismv, user2], timestamp=user2:   0]
AddOperation [recipe=[mrtsccko, Content--mrtsccko, user1], timestamp=user1:   0]

29-10-2018 11:06:17:583 phase1 [TRACE] : Updating the TimestampVectorInserting with the timestamp: user1:   0
29-10-2018 11:06:17:584 phase1 [TRACE] : Summary updated:
user0:   0
user2:   0
user1:   0
user4:   -1000
user3:   -1000

29-10-2018 11:06:17:584 phase1 [TRACE] : Inserting into Log the operation: AddOperation [recipe=[mtxhcsxk, Content--mtxhcsxk, user4], timestamp=user4:   0]
29-10-2018 11:06:17:584 phase1 [TRACE] : Log updated:
AddOperation [recipe=[ftyqqryp, Content--ftyqqryp, user0], timestamp=user0:   0]
AddOperation [recipe=[vgrxismv, Content--vgrxismv, user2], timestamp=user2:   0]
AddOperation [recipe=[mrtsccko, Content--mrtsccko, user1], timestamp=user1:   0]
AddOperation [recipe=[mtxhcsxk, Content--mtxhcsxk, user4], timestamp=user4:   0]

29-10-2018 11:06:17:585 phase1 [TRACE] : Updating the TimestampVectorInserting with the timestamp: user4:   0
29-10-2018 11:06:17:585 phase1 [TRACE] : Summary updated:
user0:   0
user2:   0
user1:   0
user4:   0
user3:   -1000

29-10-2018 11:06:17:586 phase1 [TRACE] : Inserting into Log the operation: AddOperation [recipe=[igutjmas, Content--igutjmas, user2], timestamp=user2:   1]
29-10-2018 11:06:17:586 phase1 [TRACE] : Log updated:
AddOperation [recipe=[ftyqqryp, Content--ftyqqryp, user0], timestamp=user0:   0]
AddOperation [recipe=[vgrxismv, Content--vgrxismv, user2], timestamp=user2:   0]
AddOperation [recipe=[mrtsccko, Content--mrtsccko, user1], timestamp=user1:   0]
AddOperation [recipe=[mtxhcsxk, Content--mtxhcsxk, user4], timestamp=user4:   0]

29-10-2018 11:06:17:586 phase1 [TRACE] : Updating the TimestampVectorInserting with the timestamp: user2:   1
29-10-2018 11:06:17:587 phase1 [TRACE] : Summary updated:
user0:   0
user2:   1
user1:   0
user4:   0
user3:   -1000

29-10-2018 11:06:17:587 phase1 [TRACE] : Inserting into Log the operation: AddOperation [recipe=[enwxuoaq, Content--enwxuoaq, user2], timestamp=user2:   2]
29-10-2018 11:06:17:588 phase1 [TRACE] : Log updated:
AddOperation [recipe=[ftyqqryp, Content--ftyqqryp, user0], timestamp=user0:   0]
AddOperation [recipe=[vgrxismv, Content--vgrxismv, user2], timestamp=user2:   0]
AddOperation [recipe=[mrtsccko, Content--mrtsccko, user1], timestamp=user1:   0]
AddOperation [recipe=[mtxhcsxk, Content--mtxhcsxk, user4], timestamp=user4:   0]

29-10-2018 11:06:17:588 phase1 [TRACE] : Updating the TimestampVectorInserting with the timestamp: user2:   2
29-10-2018 11:06:17:588 phase1 [TRACE] : Summary updated:
user0:   0
user2:   2
user1:   0
user4:   0
user3:   -1000

29-10-2018 11:06:17:589 phase1 [TRACE] : Inserting into Log the operation: AddOperation [recipe=[naenayif, Content--naenayif, user3], timestamp=user3:   0]
29-10-2018 11:06:17:590 phase1 [TRACE] : Log updated:
AddOperation [recipe=[ftyqqryp, Content--ftyqqryp, user0], timestamp=user0:   0]
AddOperation [recipe=[vgrxismv, Content--vgrxismv, user2], timestamp=user2:   0]
AddOperation [recipe=[mrtsccko, Content--mrtsccko, user1], timestamp=user1:   0]
AddOperation [recipe=[mtxhcsxk, Content--mtxhcsxk, user4], timestamp=user4:   0]
AddOperation [recipe=[naenayif, Content--naenayif, user3], timestamp=user3:   0]

29-10-2018 11:06:17:590 phase1 [TRACE] : Updating the TimestampVectorInserting with the timestamp: user3:   0
29-10-2018 11:06:17:590 phase1 [TRACE] : Summary updated:
user0:   0
user2:   2
user1:   0
user4:   0
user3:   0

29-10-2018 11:06:17:591 phase1 [TRACE] : Inserting into Log the operation: AddOperation [recipe=[paqhlrar, Content--paqhlrar, user3], timestamp=user3:   1]
29-10-2018 11:06:17:591 phase1 [TRACE] : Log updated:
AddOperation [recipe=[ftyqqryp, Content--ftyqqryp, user0], timestamp=user0:   0]
AddOperation [recipe=[vgrxismv, Content--vgrxismv, user2], timestamp=user2:   0]
AddOperation [recipe=[mrtsccko, Content--mrtsccko, user1], timestamp=user1:   0]
AddOperation [recipe=[mtxhcsxk, Content--mtxhcsxk, user4], timestamp=user4:   0]
AddOperation [recipe=[naenayif, Content--naenayif, user3], timestamp=user3:   0]

29-10-2018 11:06:17:591 phase1 [TRACE] : Updating the TimestampVectorInserting with the timestamp: user3:   1
29-10-2018 11:06:17:592 phase1 [TRACE] : Summary updated:
user0:   0
user2:   2
user1:   0
user4:   0
user3:   1

29-10-2018 11:06:17:592 phase1 [TRACE] : Inserting into Log the operation: AddOperation [recipe=[guimxcvn, Content--guimxcvn, user4], timestamp=user4:   1]
29-10-2018 11:06:17:592 phase1 [TRACE] : Log updated:
AddOperation [recipe=[ftyqqryp, Content--ftyqqryp, user0], timestamp=user0:   0]
AddOperation [recipe=[vgrxismv, Content--vgrxismv, user2], timestamp=user2:   0]
AddOperation [recipe=[mrtsccko, Content--mrtsccko, user1], timestamp=user1:   0]
AddOperation [recipe=[mtxhcsxk, Content--mtxhcsxk, user4], timestamp=user4:   0]
AddOperation [recipe=[naenayif, Content--naenayif, user3], timestamp=user3:   0]

29-10-2018 11:06:17:593 phase1 [TRACE] : Updating the TimestampVectorInserting with the timestamp: user4:   1
29-10-2018 11:06:17:593 phase1 [TRACE] : Summary updated:
user0:   0
user2:   2
user1:   0
user4:   1
user3:   1

29-10-2018 11:06:17:594 phase1 [TRACE] : Inserting into Log the operation: AddOperation [recipe=[brqcmawf, Content--brqcmawf, user3], timestamp=user3:   2]
29-10-2018 11:06:17:594 phase1 [TRACE] : Log updated:
AddOperation [recipe=[ftyqqryp, Content--ftyqqryp, user0], timestamp=user0:   0]
AddOperation [recipe=[vgrxismv, Content--vgrxismv, user2], timestamp=user2:   0]
AddOperation [recipe=[mrtsccko, Content--mrtsccko, user1], timestamp=user1:   0]
AddOperation [recipe=[mtxhcsxk, Content--mtxhcsxk, user4], timestamp=user4:   0]
AddOperation [recipe=[naenayif, Content--naenayif, user3], timestamp=user3:   0]

29-10-2018 11:06:17:594 phase1 [TRACE] : Updating the TimestampVectorInserting with the timestamp: user3:   2
29-10-2018 11:06:17:595 phase1 [TRACE] : Summary updated:
user0:   0
user2:   2
user1:   0
user4:   1
user3:   2

29-10-2018 11:06:17:595 phase1 [TRACE] : Inserting into Log the operation: AddOperation [recipe=[wvfvcioe, Content--wvfvcioe, user0], timestamp=user0:   1]
29-10-2018 11:06:17:596 phase1 [TRACE] : Log updated:
AddOperation [recipe=[ftyqqryp, Content--ftyqqryp, user0], timestamp=user0:   0]
AddOperation [recipe=[vgrxismv, Content--vgrxismv, user2], timestamp=user2:   0]
AddOperation [recipe=[mrtsccko, Content--mrtsccko, user1], timestamp=user1:   0]
AddOperation [recipe=[mtxhcsxk, Content--mtxhcsxk, user4], timestamp=user4:   0]
AddOperation [recipe=[naenayif, Content--naenayif, user3], timestamp=user3:   0]

29-10-2018 11:06:17:597 phase1 [TRACE] : Updating the TimestampVectorInserting with the timestamp: user0:   1
29-10-2018 11:06:17:598 phase1 [TRACE] : Summary updated:
user0:   1
user2:   2
user1:   0
user4:   1
user3:   2

29-10-2018 11:06:17:598 phase1 [TRACE] : Inserting into Log the operation: AddOperation [recipe=[jdpmsrot, Content--jdpmsrot, user4], timestamp=user4:   2]
29-10-2018 11:06:17:599 phase1 [TRACE] : Log updated:
AddOperation [recipe=[ftyqqryp, Content--ftyqqryp, user0], timestamp=user0:   0]
AddOperation [recipe=[vgrxismv, Content--vgrxismv, user2], timestamp=user2:   0]
AddOperation [recipe=[mrtsccko, Content--mrtsccko, user1], timestamp=user1:   0]
AddOperation [recipe=[mtxhcsxk, Content--mtxhcsxk, user4], timestamp=user4:   0]
AddOperation [recipe=[naenayif, Content--naenayif, user3], timestamp=user3:   0]

29-10-2018 11:06:17:599 phase1 [TRACE] : Updating the TimestampVectorInserting with the timestamp: user4:   2
29-10-2018 11:06:17:599 phase1 [TRACE] : Summary updated:
user0:   1
user2:   2
user1:   0
user4:   2
user3:   2

29-10-2018 11:06:17:600 phase1 [TRACE] : Inserting into Log the operation: AddOperation [recipe=[bycjuiap, Content--bycjuiap, user2], timestamp=user2:   3]
29-10-2018 11:06:17:600 phase1 [TRACE] : Log updated:
AddOperation [recipe=[ftyqqryp, Content--ftyqqryp, user0], timestamp=user0:   0]
AddOperation [recipe=[vgrxismv, Content--vgrxismv, user2], timestamp=user2:   0]
AddOperation [recipe=[mrtsccko, Content--mrtsccko, user1], timestamp=user1:   0]
AddOperation [recipe=[mtxhcsxk, Content--mtxhcsxk, user4], timestamp=user4:   0]
AddOperation [recipe=[naenayif, Content--naenayif, user3], timestamp=user3:   0]

29-10-2018 11:06:17:600 phase1 [TRACE] : Updating the TimestampVectorInserting with the timestamp: user2:   3
29-10-2018 11:06:17:601 phase1 [TRACE] : Summary updated:
user0:   1
user2:   3
user1:   0
user4:   2
user3:   2

29-10-2018 11:06:17:601 phase1 [TRACE] : Inserting into Log the operation: AddOperation [recipe=[prrrbyyq, Content--prrrbyyq, user4], timestamp=user4:   3]
29-10-2018 11:06:17:601 phase1 [TRACE] : Log updated:
AddOperation [recipe=[ftyqqryp, Content--ftyqqryp, user0], timestamp=user0:   0]
AddOperation [recipe=[vgrxismv, Content--vgrxismv, user2], timestamp=user2:   0]
AddOperation [recipe=[mrtsccko, Content--mrtsccko, user1], timestamp=user1:   0]
AddOperation [recipe=[mtxhcsxk, Content--mtxhcsxk, user4], timestamp=user4:   0]
AddOperation [recipe=[naenayif, Content--naenayif, user3], timestamp=user3:   0]

29-10-2018 11:06:17:602 phase1 [TRACE] : Updating the TimestampVectorInserting with the timestamp: user4:   3
29-10-2018 11:06:17:602 phase1 [TRACE] : Summary updated:
user0:   1
user2:   3
user1:   0
user4:   3
user3:   2

29-10-2018 11:06:17:602 phase1 [TRACE] : Inserting into Log the operation: AddOperation [recipe=[ayxlnxfj, Content--ayxlnxfj, user0], timestamp=user0:   2]
29-10-2018 11:06:17:603 phase1 [TRACE] : Log updated:
AddOperation [recipe=[ftyqqryp, Content--ftyqqryp, user0], timestamp=user0:   0]
AddOperation [recipe=[vgrxismv, Content--vgrxismv, user2], timestamp=user2:   0]
AddOperation [recipe=[mrtsccko, Content--mrtsccko, user1], timestamp=user1:   0]
AddOperation [recipe=[mtxhcsxk, Content--mtxhcsxk, user4], timestamp=user4:   0]
AddOperation [recipe=[naenayif, Content--naenayif, user3], timestamp=user3:   0]

29-10-2018 11:06:17:603 phase1 [TRACE] : Updating the TimestampVectorInserting with the timestamp: user0:   2
29-10-2018 11:06:17:604 phase1 [TRACE] : Summary updated:
user0:   2
user2:   3
user1:   0
user4:   3
user3:   2

29-10-2018 11:06:17:605 phase1 [TRACE] : Inserting into Log the operation: AddOperation [recipe=[fbybqmkf, Content--fbybqmkf, user1], timestamp=user1:   1]
29-10-2018 11:06:17:609 phase1 [TRACE] : Log updated:
AddOperation [recipe=[ftyqqryp, Content--ftyqqryp, user0], timestamp=user0:   0]
AddOperation [recipe=[vgrxismv, Content--vgrxismv, user2], timestamp=user2:   0]
AddOperation [recipe=[mrtsccko, Content--mrtsccko, user1], timestamp=user1:   0]
AddOperation [recipe=[mtxhcsxk, Content--mtxhcsxk, user4], timestamp=user4:   0]
AddOperation [recipe=[naenayif, Content--naenayif, user3], timestamp=user3:   0]

29-10-2018 11:06:17:610 phase1 [TRACE] : Updating the TimestampVectorInserting with the timestamp: user1:   1
29-10-2018 11:06:17:612 phase1 [TRACE] : Summary updated:
user0:   2
user2:   3
user1:   1
user4:   3
user3:   2

29-10-2018 11:06:17:612 phase1 [TRACE] : Inserting into Log the operation: AddOperation [recipe=[clibbrbl, Content--clibbrbl, user2], timestamp=user2:   4]
29-10-2018 11:06:17:613 phase1 [TRACE] : Log updated:
AddOperation [recipe=[ftyqqryp, Content--ftyqqryp, user0], timestamp=user0:   0]
AddOperation [recipe=[vgrxismv, Content--vgrxismv, user2], timestamp=user2:   0]
AddOperation [recipe=[mrtsccko, Content--mrtsccko, user1], timestamp=user1:   0]
AddOperation [recipe=[mtxhcsxk, Content--mtxhcsxk, user4], timestamp=user4:   0]
AddOperation [recipe=[naenayif, Content--naenayif, user3], timestamp=user3:   0]

29-10-2018 11:06:17:613 phase1 [TRACE] : Updating the TimestampVectorInserting with the timestamp: user2:   4
29-10-2018 11:06:17:613 phase1 [TRACE] : Summary updated:
user0:   2
user2:   4
user1:   1
user4:   3
user3:   2

29-10-2018 11:06:17:614 phase1 [TRACE] : Inserting into Log the operation: AddOperation [recipe=[qycxccpi, Content--qycxccpi, user1], timestamp=user1:   2]
29-10-2018 11:06:17:614 phase1 [TRACE] : Log updated:
AddOperation [recipe=[ftyqqryp, Content--ftyqqryp, user0], timestamp=user0:   0]
AddOperation [recipe=[vgrxismv, Content--vgrxismv, user2], timestamp=user2:   0]
AddOperation [recipe=[mrtsccko, Content--mrtsccko, user1], timestamp=user1:   0]
AddOperation [recipe=[mtxhcsxk, Content--mtxhcsxk, user4], timestamp=user4:   0]
AddOperation [recipe=[naenayif, Content--naenayif, user3], timestamp=user3:   0]

29-10-2018 11:06:17:614 phase1 [TRACE] : Updating the TimestampVectorInserting with the timestamp: user1:   2
29-10-2018 11:06:17:615 phase1 [TRACE] : Summary updated:
user0:   2
user2:   4
user1:   2
user4:   3
user3:   2

29-10-2018 11:06:17:615 phase1 [TRACE] : Inserting into Log the operation: AddOperation [recipe=[jeqkicvn, Content--jeqkicvn, user0], timestamp=user0:   3]
29-10-2018 11:06:17:615 phase1 [TRACE] : Log updated:
AddOperation [recipe=[ftyqqryp, Content--ftyqqryp, user0], timestamp=user0:   0]
AddOperation [recipe=[vgrxismv, Content--vgrxismv, user2], timestamp=user2:   0]
AddOperation [recipe=[mrtsccko, Content--mrtsccko, user1], timestamp=user1:   0]
AddOperation [recipe=[mtxhcsxk, Content--mtxhcsxk, user4], timestamp=user4:   0]
AddOperation [recipe=[naenayif, Content--naenayif, user3], timestamp=user3:   0]

29-10-2018 11:06:17:615 phase1 [TRACE] : Updating the TimestampVectorInserting with the timestamp: user0:   3
29-10-2018 11:06:17:616 phase1 [TRACE] : Summary updated:
user0:   3
user2:   4
user1:   2
user4:   3
user3:   2

29-10-2018 11:06:17:616 phase1 [TRACE] : Inserting into Log the operation: AddOperation [recipe=[gsktxxsh, Content--gsktxxsh, user1], timestamp=user1:   3]
29-10-2018 11:06:17:617 phase1 [TRACE] : Log updated:
AddOperation [recipe=[ftyqqryp, Content--ftyqqryp, user0], timestamp=user0:   0]
AddOperation [recipe=[vgrxismv, Content--vgrxismv, user2], timestamp=user2:   0]
AddOperation [recipe=[mrtsccko, Content--mrtsccko, user1], timestamp=user1:   0]
AddOperation [recipe=[mtxhcsxk, Content--mtxhcsxk, user4], timestamp=user4:   0]
AddOperation [recipe=[naenayif, Content--naenayif, user3], timestamp=user3:   0]

29-10-2018 11:06:17:617 phase1 [TRACE] : Updating the TimestampVectorInserting with the timestamp: user1:   3
29-10-2018 11:06:17:617 phase1 [TRACE] : Summary updated:
user0:   3
user2:   4
user1:   3
user4:   3
user3:   2

29-10-2018 11:06:17:617 phase1 [TRACE] : Inserting into Log the operation: AddOperation [recipe=[nhmswiev, Content--nhmswiev, user4], timestamp=user4:   4]
29-10-2018 11:06:17:618 phase1 [TRACE] : Log updated:
AddOperation [recipe=[ftyqqryp, Content--ftyqqryp, user0], timestamp=user0:   0]
AddOperation [recipe=[vgrxismv, Content--vgrxismv, user2], timestamp=user2:   0]
AddOperation [recipe=[mrtsccko, Content--mrtsccko, user1], timestamp=user1:   0]
AddOperation [recipe=[mtxhcsxk, Content--mtxhcsxk, user4], timestamp=user4:   0]
AddOperation [recipe=[naenayif, Content--naenayif, user3], timestamp=user3:   0]

29-10-2018 11:06:17:618 phase1 [TRACE] : Updating the TimestampVectorInserting with the timestamp: user4:   4
29-10-2018 11:06:17:619 phase1 [TRACE] : Summary updated:
user0:   3
user2:   4
user1:   3
user4:   4
user3:   2

29-10-2018 11:06:17:619 phase1 [TRACE] : Inserting into Log the operation: AddOperation [recipe=[gjtvehkq, Content--gjtvehkq, user0], timestamp=user0:   4]
29-10-2018 11:06:17:619 phase1 [TRACE] : Log updated:
AddOperation [recipe=[ftyqqryp, Content--ftyqqryp, user0], timestamp=user0:   0]
AddOperation [recipe=[vgrxismv, Content--vgrxismv, user2], timestamp=user2:   0]
AddOperation [recipe=[mrtsccko, Content--mrtsccko, user1], timestamp=user1:   0]
AddOperation [recipe=[mtxhcsxk, Content--mtxhcsxk, user4], timestamp=user4:   0]
AddOperation [recipe=[naenayif, Content--naenayif, user3], timestamp=user3:   0]

29-10-2018 11:06:17:619 phase1 [TRACE] : Updating the TimestampVectorInserting with the timestamp: user0:   4
29-10-2018 11:06:17:620 phase1 [TRACE] : Summary updated:
user0:   4
user2:   4
user1:   3
user4:   4
user3:   2

29-10-2018 11:06:17:620 phase1 [TRACE] : Inserting into Log the operation: AddOperation [recipe=[rlretsfx, Content--rlretsfx, user2], timestamp=user2:   5]
29-10-2018 11:06:17:620 phase1 [TRACE] : Log updated:
AddOperation [recipe=[ftyqqryp, Content--ftyqqryp, user0], timestamp=user0:   0]
AddOperation [recipe=[vgrxismv, Content--vgrxismv, user2], timestamp=user2:   0]
AddOperation [recipe=[mrtsccko, Content--mrtsccko, user1], timestamp=user1:   0]
AddOperation [recipe=[mtxhcsxk, Content--mtxhcsxk, user4], timestamp=user4:   0]
AddOperation [recipe=[naenayif, Content--naenayif, user3], timestamp=user3:   0]

29-10-2018 11:06:17:621 phase1 [TRACE] : Updating the TimestampVectorInserting with the timestamp: user2:   5
29-10-2018 11:06:17:622 phase1 [TRACE] : Summary updated:
user0:   4
user2:   5
user1:   3
user4:   4
user3:   2

29-10-2018 11:06:17:622 phase1 [TRACE] : Inserting into Log the operation: AddOperation [recipe=[hnsfjsrm, Content--hnsfjsrm, user0], timestamp=user0:   5]
29-10-2018 11:06:17:622 phase1 [TRACE] : Log updated:
AddOperation [recipe=[ftyqqryp, Content--ftyqqryp, user0], timestamp=user0:   0]
AddOperation [recipe=[vgrxismv, Content--vgrxismv, user2], timestamp=user2:   0]
AddOperation [recipe=[mrtsccko, Content--mrtsccko, user1], timestamp=user1:   0]
AddOperation [recipe=[mtxhcsxk, Content--mtxhcsxk, user4], timestamp=user4:   0]
AddOperation [recipe=[naenayif, Content--naenayif, user3], timestamp=user3:   0]

29-10-2018 11:06:17:622 phase1 [TRACE] : Updating the TimestampVectorInserting with the timestamp: user0:   5
29-10-2018 11:06:17:623 phase1 [TRACE] : Summary updated:
user0:   5
user2:   5
user1:   3
user4:   4
user3:   2

29-10-2018 11:06:17:623 phase1 [TRACE] : Inserting into Log the operation: AddOperation [recipe=[dtuaotah, Content--dtuaotah, user4], timestamp=user4:   5]
29-10-2018 11:06:17:623 phase1 [TRACE] : Log updated:
AddOperation [recipe=[ftyqqryp, Content--ftyqqryp, user0], timestamp=user0:   0]
AddOperation [recipe=[vgrxismv, Content--vgrxismv, user2], timestamp=user2:   0]
AddOperation [recipe=[mrtsccko, Content--mrtsccko, user1], timestamp=user1:   0]
AddOperation [recipe=[mtxhcsxk, Content--mtxhcsxk, user4], timestamp=user4:   0]
AddOperation [recipe=[naenayif, Content--naenayif, user3], timestamp=user3:   0]

29-10-2018 11:06:17:623 phase1 [TRACE] : Updating the TimestampVectorInserting with the timestamp: user4:   5
29-10-2018 11:06:17:624 phase1 [TRACE] : Summary updated:
user0:   5
user2:   5
user1:   3
user4:   5
user3:   2

29-10-2018 11:06:17:624 phase1 [TRACE] : Inserting into Log the operation: AddOperation [recipe=[vqkrfrdd, Content--vqkrfrdd, user2], timestamp=user2:   6]
29-10-2018 11:06:17:624 phase1 [TRACE] : Log updated:
AddOperation [recipe=[ftyqqryp, Content--ftyqqryp, user0], timestamp=user0:   0]
AddOperation [recipe=[vgrxismv, Content--vgrxismv, user2], timestamp=user2:   0]
AddOperation [recipe=[mrtsccko, Content--mrtsccko, user1], timestamp=user1:   0]
AddOperation [recipe=[mtxhcsxk, Content--mtxhcsxk, user4], timestamp=user4:   0]
AddOperation [recipe=[naenayif, Content--naenayif, user3], timestamp=user3:   0]

29-10-2018 11:06:17:625 phase1 [TRACE] : Updating the TimestampVectorInserting with the timestamp: user2:   6
29-10-2018 11:06:17:625 phase1 [TRACE] : Summary updated:
user0:   5
user2:   6
user1:   3
user4:   5
user3:   2

29-10-2018 11:06:17:626 phase1 [TRACE] : Inserting into Log the operation: AddOperation [recipe=[hlvdoryn, Content--hlvdoryn, user1], timestamp=user1:   4]
29-10-2018 11:06:17:626 phase1 [TRACE] : Log updated:
AddOperation [recipe=[ftyqqryp, Content--ftyqqryp, user0], timestamp=user0:   0]
AddOperation [recipe=[vgrxismv, Content--vgrxismv, user2], timestamp=user2:   0]
AddOperation [recipe=[mrtsccko, Content--mrtsccko, user1], timestamp=user1:   0]
AddOperation [recipe=[mtxhcsxk, Content--mtxhcsxk, user4], timestamp=user4:   0]
AddOperation [recipe=[naenayif, Content--naenayif, user3], timestamp=user3:   0]

29-10-2018 11:06:17:628 phase1 [TRACE] : Updating the TimestampVectorInserting with the timestamp: user1:   4
29-10-2018 11:06:17:628 phase1 [TRACE] : Summary updated:
user0:   5
user2:   6
user1:   4
user4:   5
user3:   2

29-10-2018 11:06:17:629 phase1 [TRACE] : Inserting into Log the operation: AddOperation [recipe=[srhvddam, Content--srhvddam, user2], timestamp=user2:   7]
29-10-2018 11:06:17:629 phase1 [TRACE] : Log updated:
AddOperation [recipe=[ftyqqryp, Content--ftyqqryp, user0], timestamp=user0:   0]
AddOperation [recipe=[vgrxismv, Content--vgrxismv, user2], timestamp=user2:   0]
AddOperation [recipe=[mrtsccko, Content--mrtsccko, user1], timestamp=user1:   0]
AddOperation [recipe=[mtxhcsxk, Content--mtxhcsxk, user4], timestamp=user4:   0]
AddOperation [recipe=[naenayif, Content--naenayif, user3], timestamp=user3:   0]

29-10-2018 11:06:17:630 phase1 [TRACE] : Updating the TimestampVectorInserting with the timestamp: user2:   7
29-10-2018 11:06:17:630 phase1 [TRACE] : Summary updated:
user0:   5
user2:   7
user1:   4
user4:   5
user3:   2

29-10-2018 11:06:17:630 phase1 [TRACE] : Inserting into Log the operation: AddOperation [recipe=[jfyqttss, Content--jfyqttss, user4], timestamp=user4:   6]
29-10-2018 11:06:17:631 phase1 [TRACE] : Log updated:
AddOperation [recipe=[ftyqqryp, Content--ftyqqryp, user0], timestamp=user0:   0]
AddOperation [recipe=[vgrxismv, Content--vgrxismv, user2], timestamp=user2:   0]
AddOperation [recipe=[mrtsccko, Content--mrtsccko, user1], timestamp=user1:   0]
AddOperation [recipe=[mtxhcsxk, Content--mtxhcsxk, user4], timestamp=user4:   0]
AddOperation [recipe=[naenayif, Content--naenayif, user3], timestamp=user3:   0]

29-10-2018 11:06:17:631 phase1 [TRACE] : Updating the TimestampVectorInserting with the timestamp: user4:   6
29-10-2018 11:06:17:631 phase1 [TRACE] : Summary updated:
user0:   5
user2:   7
user1:   4
user4:   6
user3:   2

29-10-2018 11:06:17:634 phase1 [TRACE] : Inserting into Log the operation: AddOperation [recipe=[tustxmqr, Content--tustxmqr, user0], timestamp=user0:   6]
29-10-2018 11:06:17:634 phase1 [TRACE] : Log updated:
AddOperation [recipe=[ftyqqryp, Content--ftyqqryp, user0], timestamp=user0:   0]
AddOperation [recipe=[vgrxismv, Content--vgrxismv, user2], timestamp=user2:   0]
AddOperation [recipe=[mrtsccko, Content--mrtsccko, user1], timestamp=user1:   0]
AddOperation [recipe=[mtxhcsxk, Content--mtxhcsxk, user4], timestamp=user4:   0]
AddOperation [recipe=[naenayif, Content--naenayif, user3], timestamp=user3:   0]

29-10-2018 11:06:17:634 phase1 [TRACE] : Updating the TimestampVectorInserting with the timestamp: user0:   6
29-10-2018 11:06:17:635 phase1 [TRACE] : Summary updated:
user0:   6
user2:   7
user1:   4
user4:   6
user3:   2

29-10-2018 11:06:17:635 phase1 [TRACE] : Inserting into Log the operation: AddOperation [recipe=[vribeukc, Content--vribeukc, user3], timestamp=user3:   3]
29-10-2018 11:06:17:635 phase1 [TRACE] : Log updated:
AddOperation [recipe=[ftyqqryp, Content--ftyqqryp, user0], timestamp=user0:   0]
AddOperation [recipe=[vgrxismv, Content--vgrxismv, user2], timestamp=user2:   0]
AddOperation [recipe=[mrtsccko, Content--mrtsccko, user1], timestamp=user1:   0]
AddOperation [recipe=[mtxhcsxk, Content--mtxhcsxk, user4], timestamp=user4:   0]
AddOperation [recipe=[naenayif, Content--naenayif, user3], timestamp=user3:   0]

29-10-2018 11:06:17:636 phase1 [TRACE] : Updating the TimestampVectorInserting with the timestamp: user3:   3
29-10-2018 11:06:17:636 phase1 [TRACE] : Summary updated:
user0:   6
user2:   7
user1:   4
user4:   6
user3:   3

29-10-2018 11:06:17:644 phase1 [TRACE] : Inserting into Log the operation: AddOperation [recipe=[xakmtotn, Content--xakmtotn, user4], timestamp=user4:   7]
29-10-2018 11:06:17:644 phase1 [TRACE] : Log updated:
AddOperation [recipe=[ftyqqryp, Content--ftyqqryp, user0], timestamp=user0:   0]
AddOperation [recipe=[vgrxismv, Content--vgrxismv, user2], timestamp=user2:   0]
AddOperation [recipe=[mrtsccko, Content--mrtsccko, user1], timestamp=user1:   0]
AddOperation [recipe=[mtxhcsxk, Content--mtxhcsxk, user4], timestamp=user4:   0]
AddOperation [recipe=[naenayif, Content--naenayif, user3], timestamp=user3:   0]

29-10-2018 11:06:17:644 phase1 [TRACE] : Updating the TimestampVectorInserting with the timestamp: user4:   7
29-10-2018 11:06:17:645 phase1 [TRACE] : Summary updated:
user0:   6
user2:   7
user1:   4
user4:   7
user3:   3

29-10-2018 11:06:17:645 phase1 [TRACE] : Inserting into Log the operation: AddOperation [recipe=[skotncrs, Content--skotncrs, user2], timestamp=user2:   8]
29-10-2018 11:06:17:645 phase1 [TRACE] : Log updated:
AddOperation [recipe=[ftyqqryp, Content--ftyqqryp, user0], timestamp=user0:   0]
AddOperation [recipe=[vgrxismv, Content--vgrxismv, user2], timestamp=user2:   0]
AddOperation [recipe=[mrtsccko, Content--mrtsccko, user1], timestamp=user1:   0]
AddOperation [recipe=[mtxhcsxk, Content--mtxhcsxk, user4], timestamp=user4:   0]
AddOperation [recipe=[naenayif, Content--naenayif, user3], timestamp=user3:   0]

29-10-2018 11:06:17:646 phase1 [TRACE] : Updating the TimestampVectorInserting with the timestamp: user2:   8
29-10-2018 11:06:17:646 phase1 [TRACE] : Summary updated:
user0:   6
user2:   8
user1:   4
user4:   7
user3:   3

29-10-2018 11:06:17:646 phase1 [TRACE] : Inserting into Log the operation: AddOperation [recipe=[tluqowex, Content--tluqowex, user2], timestamp=user2:   9]
29-10-2018 11:06:17:646 phase1 [TRACE] : Log updated:
AddOperation [recipe=[ftyqqryp, Content--ftyqqryp, user0], timestamp=user0:   0]
AddOperation [recipe=[vgrxismv, Content--vgrxismv, user2], timestamp=user2:   0]
AddOperation [recipe=[mrtsccko, Content--mrtsccko, user1], timestamp=user1:   0]
AddOperation [recipe=[mtxhcsxk, Content--mtxhcsxk, user4], timestamp=user4:   0]
AddOperation [recipe=[naenayif, Content--naenayif, user3], timestamp=user3:   0]

29-10-2018 11:06:17:647 phase1 [TRACE] : Updating the TimestampVectorInserting with the timestamp: user2:   9
29-10-2018 11:06:17:647 phase1 [TRACE] : Summary updated:
user0:   6
user2:   9
user1:   4
user4:   7
user3:   3

29-10-2018 11:06:17:647 phase1 [TRACE] : Inserting into Log the operation: AddOperation [recipe=[lupjjovh, Content--lupjjovh, user3], timestamp=user3:   4]
29-10-2018 11:06:17:648 phase1 [TRACE] : Log updated:
AddOperation [recipe=[ftyqqryp, Content--ftyqqryp, user0], timestamp=user0:   0]
AddOperation [recipe=[vgrxismv, Content--vgrxismv, user2], timestamp=user2:   0]
AddOperation [recipe=[mrtsccko, Content--mrtsccko, user1], timestamp=user1:   0]
AddOperation [recipe=[mtxhcsxk, Content--mtxhcsxk, user4], timestamp=user4:   0]
AddOperation [recipe=[naenayif, Content--naenayif, user3], timestamp=user3:   0]

29-10-2018 11:06:17:648 phase1 [TRACE] : Updating the TimestampVectorInserting with the timestamp: user3:   4
29-10-2018 11:06:17:648 phase1 [TRACE] : Summary updated:
user0:   6
user2:   9
user1:   4
user4:   7
user3:   4

29-10-2018 11:06:17:648 phase1 [TRACE] : Inserting into Log the operation: AddOperation [recipe=[qbmyxmeo, Content--qbmyxmeo, user3], timestamp=user3:   5]
29-10-2018 11:06:17:649 phase1 [TRACE] : Log updated:
AddOperation [recipe=[ftyqqryp, Content--ftyqqryp, user0], timestamp=user0:   0]
AddOperation [recipe=[vgrxismv, Content--vgrxismv, user2], timestamp=user2:   0]
AddOperation [recipe=[mrtsccko, Content--mrtsccko, user1], timestamp=user1:   0]
AddOperation [recipe=[mtxhcsxk, Content--mtxhcsxk, user4], timestamp=user4:   0]
AddOperation [recipe=[naenayif, Content--naenayif, user3], timestamp=user3:   0]

29-10-2018 11:06:17:649 phase1 [TRACE] : Updating the TimestampVectorInserting with the timestamp: user3:   5
29-10-2018 11:06:17:649 phase1 [TRACE] : Summary updated:
user0:   6
user2:   9
user1:   4
user4:   7
user3:   5

29-10-2018 11:06:17:650 phase1 [TRACE] : Inserting into Log the operation: AddOperation [recipe=[ooqduvgv, Content--ooqduvgv, user4], timestamp=user4:   8]
29-10-2018 11:06:17:650 phase1 [TRACE] : Log updated:
AddOperation [recipe=[ftyqqryp, Content--ftyqqryp, user0], timestamp=user0:   0]
AddOperation [recipe=[vgrxismv, Content--vgrxismv, user2], timestamp=user2:   0]
AddOperation [recipe=[mrtsccko, Content--mrtsccko, user1], timestamp=user1:   0]
AddOperation [recipe=[mtxhcsxk, Content--mtxhcsxk, user4], timestamp=user4:   0]
AddOperation [recipe=[naenayif, Content--naenayif, user3], timestamp=user3:   0]

29-10-2018 11:06:17:651 phase1 [TRACE] : Updating the TimestampVectorInserting with the timestamp: user4:   8
29-10-2018 11:06:17:651 phase1 [TRACE] : Summary updated:
user0:   6
user2:   9
user1:   4
user4:   8
user3:   5

29-10-2018 11:06:17:651 phase1 [TRACE] : Inserting into Log the operation: AddOperation [recipe=[hauelsfc, Content--hauelsfc, user1], timestamp=user1:   5]
29-10-2018 11:06:17:652 phase1 [TRACE] : Log updated:
AddOperation [recipe=[ftyqqryp, Content--ftyqqryp, user0], timestamp=user0:   0]
AddOperation [recipe=[vgrxismv, Content--vgrxismv, user2], timestamp=user2:   0]
AddOperation [recipe=[mrtsccko, Content--mrtsccko, user1], timestamp=user1:   0]
AddOperation [recipe=[mtxhcsxk, Content--mtxhcsxk, user4], timestamp=user4:   0]
AddOperation [recipe=[naenayif, Content--naenayif, user3], timestamp=user3:   0]

29-10-2018 11:06:17:652 phase1 [TRACE] : Updating the TimestampVectorInserting with the timestamp: user1:   5
29-10-2018 11:06:17:652 phase1 [TRACE] : Summary updated:
user0:   6
user2:   9
user1:   5
user4:   8
user3:   5

29-10-2018 11:06:17:660 phase1 [TRACE] : Inserting into Log the operation: AddOperation [recipe=[jvuacyfw, Content--jvuacyfw, user3], timestamp=user3:   6]
29-10-2018 11:06:17:661 phase1 [TRACE] : Log updated:
AddOperation [recipe=[ftyqqryp, Content--ftyqqryp, user0], timestamp=user0:   0]
AddOperation [recipe=[vgrxismv, Content--vgrxismv, user2], timestamp=user2:   0]
AddOperation [recipe=[mrtsccko, Content--mrtsccko, user1], timestamp=user1:   0]
AddOperation [recipe=[mtxhcsxk, Content--mtxhcsxk, user4], timestamp=user4:   0]
AddOperation [recipe=[naenayif, Content--naenayif, user3], timestamp=user3:   0]

29-10-2018 11:06:17:661 phase1 [TRACE] : Updating the TimestampVectorInserting with the timestamp: user3:   6
29-10-2018 11:06:17:661 phase1 [TRACE] : Summary updated:
user0:   6
user2:   9
user1:   5
user4:   8
user3:   6

29-10-2018 11:06:17:661 phase1 [TRACE] : Inserting into Log the operation: AddOperation [recipe=[kpetxjqi, Content--kpetxjqi, user1], timestamp=user1:   6]
29-10-2018 11:06:17:662 phase1 [TRACE] : Log updated:
AddOperation [recipe=[ftyqqryp, Content--ftyqqryp, user0], timestamp=user0:   0]
AddOperation [recipe=[vgrxismv, Content--vgrxismv, user2], timestamp=user2:   0]
AddOperation [recipe=[mrtsccko, Content--mrtsccko, user1], timestamp=user1:   0]
AddOperation [recipe=[mtxhcsxk, Content--mtxhcsxk, user4], timestamp=user4:   0]
AddOperation [recipe=[naenayif, Content--naenayif, user3], timestamp=user3:   0]

29-10-2018 11:06:17:662 phase1 [TRACE] : Updating the TimestampVectorInserting with the timestamp: user1:   6
29-10-2018 11:06:17:662 phase1 [TRACE] : Summary updated:
user0:   6
user2:   9
user1:   6
user4:   8
user3:   6

29-10-2018 11:06:17:663 phase1 [TRACE] : Inserting into Log the operation: AddOperation [recipe=[fdfyucma, Content--fdfyucma, user2], timestamp=user2:   10]
29-10-2018 11:06:17:663 phase1 [TRACE] : Log updated:
AddOperation [recipe=[ftyqqryp, Content--ftyqqryp, user0], timestamp=user0:   0]
AddOperation [recipe=[vgrxismv, Content--vgrxismv, user2], timestamp=user2:   0]
AddOperation [recipe=[mrtsccko, Content--mrtsccko, user1], timestamp=user1:   0]
AddOperation [recipe=[mtxhcsxk, Content--mtxhcsxk, user4], timestamp=user4:   0]
AddOperation [recipe=[naenayif, Content--naenayif, user3], timestamp=user3:   0]

29-10-2018 11:06:17:663 phase1 [TRACE] : Updating the TimestampVectorInserting with the timestamp: user2:   10
29-10-2018 11:06:17:664 phase1 [TRACE] : Summary updated:
user0:   6
user2:   10
user1:   6
user4:   8
user3:   6

29-10-2018 11:06:17:664 phase1 [TRACE] : Inserting into Log the operation: AddOperation [recipe=[lvckthrq, Content--lvckthrq, user4], timestamp=user4:   9]
29-10-2018 11:06:17:664 phase1 [TRACE] : Log updated:
AddOperation [recipe=[ftyqqryp, Content--ftyqqryp, user0], timestamp=user0:   0]
AddOperation [recipe=[vgrxismv, Content--vgrxismv, user2], timestamp=user2:   0]
AddOperation [recipe=[mrtsccko, Content--mrtsccko, user1], timestamp=user1:   0]
AddOperation [recipe=[mtxhcsxk, Content--mtxhcsxk, user4], timestamp=user4:   0]
AddOperation [recipe=[naenayif, Content--naenayif, user3], timestamp=user3:   0]

29-10-2018 11:06:17:668 phase1 [TRACE] : Updating the TimestampVectorInserting with the timestamp: user4:   9
29-10-2018 11:06:17:669 phase1 [TRACE] : Summary updated:
user0:   6
user2:   10
user1:   6
user4:   9
user3:   6

29-10-2018 11:06:17:669 phase1 [TRACE] : Inserting into Log the operation: AddOperation [recipe=[booxoevo, Content--booxoevo, user3], timestamp=user3:   7]
29-10-2018 11:06:17:669 phase1 [TRACE] : Log updated:
AddOperation [recipe=[ftyqqryp, Content--ftyqqryp, user0], timestamp=user0:   0]
AddOperation [recipe=[vgrxismv, Content--vgrxismv, user2], timestamp=user2:   0]
AddOperation [recipe=[mrtsccko, Content--mrtsccko, user1], timestamp=user1:   0]
AddOperation [recipe=[mtxhcsxk, Content--mtxhcsxk, user4], timestamp=user4:   0]
AddOperation [recipe=[naenayif, Content--naenayif, user3], timestamp=user3:   0]

29-10-2018 11:06:17:669 phase1 [TRACE] : Updating the TimestampVectorInserting with the timestamp: user3:   7
29-10-2018 11:06:17:670 phase1 [TRACE] : Summary updated:
user0:   6
user2:   10
user1:   6
user4:   9
user3:   7

29-10-2018 11:06:17:670 phase1 [TRACE] : Inserting into Log the operation: AddOperation [recipe=[pytljyec, Content--pytljyec, user4], timestamp=user4:   10]
29-10-2018 11:06:17:670 phase1 [TRACE] : Log updated:
AddOperation [recipe=[ftyqqryp, Content--ftyqqryp, user0], timestamp=user0:   0]
AddOperation [recipe=[vgrxismv, Content--vgrxismv, user2], timestamp=user2:   0]
AddOperation [recipe=[mrtsccko, Content--mrtsccko, user1], timestamp=user1:   0]
AddOperation [recipe=[mtxhcsxk, Content--mtxhcsxk, user4], timestamp=user4:   0]
AddOperation [recipe=[naenayif, Content--naenayif, user3], timestamp=user3:   0]

29-10-2018 11:06:17:670 phase1 [TRACE] : Updating the TimestampVectorInserting with the timestamp: user4:   10
29-10-2018 11:06:17:670 phase1 [TRACE] : Summary updated:
user0:   6
user2:   10
user1:   6
user4:   10
user3:   7

29-10-2018 11:06:17:670 phase1 [TRACE] : Inserting into Log the operation: AddOperation [recipe=[cefxgrfy, Content--cefxgrfy, user3], timestamp=user3:   8]
29-10-2018 11:06:17:671 phase1 [TRACE] : Log updated:
AddOperation [recipe=[ftyqqryp, Content--ftyqqryp, user0], timestamp=user0:   0]
AddOperation [recipe=[vgrxismv, Content--vgrxismv, user2], timestamp=user2:   0]
AddOperation [recipe=[mrtsccko, Content--mrtsccko, user1], timestamp=user1:   0]
AddOperation [recipe=[mtxhcsxk, Content--mtxhcsxk, user4], timestamp=user4:   0]
AddOperation [recipe=[naenayif, Content--naenayif, user3], timestamp=user3:   0]

29-10-2018 11:06:17:671 phase1 [TRACE] : Updating the TimestampVectorInserting with the timestamp: user3:   8
29-10-2018 11:06:17:671 phase1 [TRACE] : Summary updated:
user0:   6
user2:   10
user1:   6
user4:   10
user3:   8

29-10-2018 11:06:17:671 phase1 [TRACE] : Inserting into Log the operation: AddOperation [recipe=[nikvppdg, Content--nikvppdg, user3], timestamp=user3:   9]
29-10-2018 11:06:17:671 phase1 [TRACE] : Log updated:
AddOperation [recipe=[ftyqqryp, Content--ftyqqryp, user0], timestamp=user0:   0]
AddOperation [recipe=[vgrxismv, Content--vgrxismv, user2], timestamp=user2:   0]
AddOperation [recipe=[mrtsccko, Content--mrtsccko, user1], timestamp=user1:   0]
AddOperation [recipe=[mtxhcsxk, Content--mtxhcsxk, user4], timestamp=user4:   0]
AddOperation [recipe=[naenayif, Content--naenayif, user3], timestamp=user3:   0]

29-10-2018 11:06:17:672 phase1 [TRACE] : Updating the TimestampVectorInserting with the timestamp: user3:   9
29-10-2018 11:06:17:675 phase1 [TRACE] : Summary updated:
user0:   6
user2:   10
user1:   6
user4:   10
user3:   9

29-10-2018 11:06:17:680 phase1 [TRACE] : Inserting into Log the operation: AddOperation [recipe=[phmfgbsu, Content--phmfgbsu, user3], timestamp=user3:   10]
29-10-2018 11:06:17:680 phase1 [TRACE] : Log updated:
AddOperation [recipe=[ftyqqryp, Content--ftyqqryp, user0], timestamp=user0:   0]
AddOperation [recipe=[vgrxismv, Content--vgrxismv, user2], timestamp=user2:   0]
AddOperation [recipe=[mrtsccko, Content--mrtsccko, user1], timestamp=user1:   0]
AddOperation [recipe=[mtxhcsxk, Content--mtxhcsxk, user4], timestamp=user4:   0]
AddOperation [recipe=[naenayif, Content--naenayif, user3], timestamp=user3:   0]

29-10-2018 11:06:17:680 phase1 [TRACE] : Updating the TimestampVectorInserting with the timestamp: user3:   10
29-10-2018 11:06:17:680 phase1 [TRACE] : Summary updated:
user0:   6
user2:   10
user1:   6
user4:   10
user3:   10

29-10-2018 11:06:17:681 phase1 [TRACE] : Inserting into Log the operation: AddOperation [recipe=[fewjqkrh, Content--fewjqkrh, user3], timestamp=user3:   11]
29-10-2018 11:06:17:681 phase1 [TRACE] : Log updated:
AddOperation [recipe=[ftyqqryp, Content--ftyqqryp, user0], timestamp=user0:   0]
AddOperation [recipe=[vgrxismv, Content--vgrxismv, user2], timestamp=user2:   0]
AddOperation [recipe=[mrtsccko, Content--mrtsccko, user1], timestamp=user1:   0]
AddOperation [recipe=[mtxhcsxk, Content--mtxhcsxk, user4], timestamp=user4:   0]
AddOperation [recipe=[naenayif, Content--naenayif, user3], timestamp=user3:   0]

29-10-2018 11:06:17:681 phase1 [TRACE] : Updating the TimestampVectorInserting with the timestamp: user3:   11
29-10-2018 11:06:17:681 phase1 [TRACE] : Summary updated:
user0:   6
user2:   10
user1:   6
user4:   10
user3:   11

29-10-2018 11:06:17:681 phase1 [TRACE] : Inserting into Log the operation: AddOperation [recipe=[yjcaeuhb, Content--yjcaeuhb, user1], timestamp=user1:   7]
29-10-2018 11:06:17:681 phase1 [TRACE] : Log updated:
AddOperation [recipe=[ftyqqryp, Content--ftyqqryp, user0], timestamp=user0:   0]
AddOperation [recipe=[vgrxismv, Content--vgrxismv, user2], timestamp=user2:   0]
AddOperation [recipe=[mrtsccko, Content--mrtsccko, user1], timestamp=user1:   0]
AddOperation [recipe=[mtxhcsxk, Content--mtxhcsxk, user4], timestamp=user4:   0]
AddOperation [recipe=[naenayif, Content--naenayif, user3], timestamp=user3:   0]

29-10-2018 11:06:17:682 phase1 [TRACE] : Updating the TimestampVectorInserting with the timestamp: user1:   7
29-10-2018 11:06:17:682 phase1 [TRACE] : Summary updated:
user0:   6
user2:   10
user1:   7
user4:   10
user3:   11

29-10-2018 11:06:17:682 phase1 [TRACE] : Inserting into Log the operation: AddOperation [recipe=[roppuwew, Content--roppuwew, user4], timestamp=user4:   11]
29-10-2018 11:06:17:684 phase1 [TRACE] : Log updated:
AddOperation [recipe=[ftyqqryp, Content--ftyqqryp, user0], timestamp=user0:   0]
AddOperation [recipe=[vgrxismv, Content--vgrxismv, user2], timestamp=user2:   0]
AddOperation [recipe=[mrtsccko, Content--mrtsccko, user1], timestamp=user1:   0]
AddOperation [recipe=[mtxhcsxk, Content--mtxhcsxk, user4], timestamp=user4:   0]
AddOperation [recipe=[naenayif, Content--naenayif, user3], timestamp=user3:   0]

29-10-2018 11:06:17:684 phase1 [TRACE] : Updating the TimestampVectorInserting with the timestamp: user4:   11
29-10-2018 11:06:17:684 phase1 [TRACE] : Summary updated:
user0:   6
user2:   10
user1:   7
user4:   11
user3:   11

29-10-2018 11:06:17:685 phase1 [INFO] : Log:
AddOperation [recipe=[ftyqqryp, Content--ftyqqryp, user0], timestamp=user0:   0]
AddOperation [recipe=[vgrxismv, Content--vgrxismv, user2], timestamp=user2:   0]
AddOperation [recipe=[mrtsccko, Content--mrtsccko, user1], timestamp=user1:   0]
AddOperation [recipe=[mtxhcsxk, Content--mtxhcsxk, user4], timestamp=user4:   0]
AddOperation [recipe=[naenayif, Content--naenayif, user3], timestamp=user3:   0]

29-10-2018 11:06:17:685 phase1 [INFO] : Summary:
user0:   6
user2:   10
user1:   7
user4:   11
user3:   11

