29-10-2018 11:09:11:807 phase1 [INFO] : List of users: [user0, user1, user2, user3, user4]
29-10-2018 11:09:11:825 phase1 [INFO] : List of operations:
[AddOperation [recipe=[ftyqqryp, Content--ftyqqryp, user0], timestamp=user0:   0], AddOperation [recipe=[vgrxismv, Content--vgrxismv, user2], timestamp=user2:   0], AddOperation [recipe=[mrtsccko, Content--mrtsccko, user1], timestamp=user1:   0], AddOperation [recipe=[mtxhcsxk, Content--mtxhcsxk, user4], timestamp=user4:   0], AddOperation [recipe=[igutjmas, Content--igutjmas, user2], timestamp=user2:   1], AddOperation [recipe=[enwxuoaq, Content--enwxuoaq, user2], timestamp=user2:   2], AddOperation [recipe=[naenayif, Content--naenayif, user3], timestamp=user3:   0], AddOperation [recipe=[paqhlrar, Content--paqhlrar, user3], timestamp=user3:   1], AddOperation [recipe=[guimxcvn, Content--guimxcvn, user4], timestamp=user4:   1], AddOperation [recipe=[brqcmawf, Content--brqcmawf, user3], timestamp=user3:   2], AddOperation [recipe=[wvfvcioe, Content--wvfvcioe, user0], timestamp=user0:   1], AddOperation [recipe=[jdpmsrot, Content--jdpmsrot, user4], timestamp=user4:   2], AddOperation [recipe=[bycjuiap, Content--bycjuiap, user2], timestamp=user2:   3], AddOperation [recipe=[prrrbyyq, Content--prrrbyyq, user4], timestamp=user4:   3], AddOperation [recipe=[ayxlnxfj, Content--ayxlnxfj, user0], timestamp=user0:   2], AddOperation [recipe=[fbybqmkf, Content--fbybqmkf, user1], timestamp=user1:   1], AddOperation [recipe=[clibbrbl, Content--clibbrbl, user2], timestamp=user2:   4], AddOperation [recipe=[qycxccpi, Content--qycxccpi, user1], timestamp=user1:   2], AddOperation [recipe=[jeqkicvn, Content--jeqkicvn, user0], timestamp=user0:   3], AddOperation [recipe=[gsktxxsh, Content--gsktxxsh, user1], timestamp=user1:   3], AddOperation [recipe=[nhmswiev, Content--nhmswiev, user4], timestamp=user4:   4], AddOperation [recipe=[gjtvehkq, Content--gjtvehkq, user0], timestamp=user0:   4], AddOperation [recipe=[rlretsfx, Content--rlretsfx, user2], timestamp=user2:   5], AddOperation [recipe=[hnsfjsrm, Content--hnsfjsrm, user0], timestamp=user0:   5], AddOperation [recipe=[dtuaotah, Content--dtuaotah, user4], timestamp=user4:   5], AddOperation [recipe=[vqkrfrdd, Content--vqkrfrdd, user2], timestamp=user2:   6], AddOperation [recipe=[hlvdoryn, Content--hlvdoryn, user1], timestamp=user1:   4], AddOperation [recipe=[srhvddam, Content--srhvddam, user2], timestamp=user2:   7], AddOperation [recipe=[jfyqttss, Content--jfyqttss, user4], timestamp=user4:   6], AddOperation [recipe=[tustxmqr, Content--tustxmqr, user0], timestamp=user0:   6], AddOperation [recipe=[vribeukc, Content--vribeukc, user3], timestamp=user3:   3], AddOperation [recipe=[xakmtotn, Content--xakmtotn, user4], timestamp=user4:   7], AddOperation [recipe=[skotncrs, Content--skotncrs, user2], timestamp=user2:   8], AddOperation [recipe=[tluqowex, Content--tluqowex, user2], timestamp=user2:   9], AddOperation [recipe=[lupjjovh, Content--lupjjovh, user3], timestamp=user3:   4], AddOperation [recipe=[qbmyxmeo, Content--qbmyxmeo, user3], timestamp=user3:   5], AddOperation [recipe=[ooqduvgv, Content--ooqduvgv, user4], timestamp=user4:   8], AddOperation [recipe=[hauelsfc, Content--hauelsfc, user1], timestamp=user1:   5], AddOperation [recipe=[jvuacyfw, Content--jvuacyfw, user3], timestamp=user3:   6], AddOperation [recipe=[kpetxjqi, Content--kpetxjqi, user1], timestamp=user1:   6], AddOperation [recipe=[fdfyucma, Content--fdfyucma, user2], timestamp=user2:   10], AddOperation [recipe=[lvckthrq, Content--lvckthrq, user4], timestamp=user4:   9], AddOperation [recipe=[booxoevo, Content--booxoevo, user3], timestamp=user3:   7], AddOperation [recipe=[pytljyec, Content--pytljyec, user4], timestamp=user4:   10], AddOperation [recipe=[cefxgrfy, Content--cefxgrfy, user3], timestamp=user3:   8], AddOperation [recipe=[nikvppdg, Content--nikvppdg, user3], timestamp=user3:   9], AddOperation [recipe=[phmfgbsu, Content--phmfgbsu, user3], timestamp=user3:   10], AddOperation [recipe=[fewjqkrh, Content--fewjqkrh, user3], timestamp=user3:   11], AddOperation [recipe=[yjcaeuhb, Content--yjcaeuhb, user1], timestamp=user1:   7], AddOperation [recipe=[roppuwew, Content--roppuwew, user4], timestamp=user4:   11]]
29-10-2018 11:09:11:838 phase1 [TRACE] : Inserting into Log the operation: AddOperation [recipe=[ftyqqryp, Content--ftyqqryp, user0], timestamp=user0:   0]
29-10-2018 11:09:11:839 phase1 [TRACE] : Log updated:
AddOperation [recipe=[ftyqqryp, Content--ftyqqryp, user0], timestamp=user0:   0]

29-10-2018 11:09:11:839 phase1 [TRACE] : Updating the TimestampVectorInserting with the timestamp: user0:   0
29-10-2018 11:09:11:839 phase1 [TRACE] : Summary updated:
user0:   0
user2:   -1000
user1:   -1000
user4:   -1000
user3:   -1000

29-10-2018 11:09:11:840 phase1 [TRACE] : Inserting into Log the operation: AddOperation [recipe=[vgrxismv, Content--vgrxismv, user2], timestamp=user2:   0]
29-10-2018 11:09:11:840 phase1 [TRACE] : Log updated:
AddOperation [recipe=[ftyqqryp, Content--ftyqqryp, user0], timestamp=user0:   0]
AddOperation [recipe=[vgrxismv, Content--vgrxismv, user2], timestamp=user2:   0]

29-10-2018 11:09:11:841 phase1 [TRACE] : Updating the TimestampVectorInserting with the timestamp: user2:   0
29-10-2018 11:09:11:842 phase1 [TRACE] : Summary updated:
user0:   0
user2:   0
user1:   -1000
user4:   -1000
user3:   -1000

29-10-2018 11:09:11:842 phase1 [TRACE] : Inserting into Log the operation: AddOperation [recipe=[mrtsccko, Content--mrtsccko, user1], timestamp=user1:   0]
29-10-2018 11:09:11:843 phase1 [TRACE] : Log updated:
AddOperation [recipe=[ftyqqryp, Content--ftyqqryp, user0], timestamp=user0:   0]
AddOperation [recipe=[vgrxismv, Content--vgrxismv, user2], timestamp=user2:   0]
AddOperation [recipe=[mrtsccko, Content--mrtsccko, user1], timestamp=user1:   0]

29-10-2018 11:09:11:843 phase1 [TRACE] : Updating the TimestampVectorInserting with the timestamp: user1:   0
29-10-2018 11:09:11:843 phase1 [TRACE] : Summary updated:
user0:   0
user2:   0
user1:   0
user4:   -1000
user3:   -1000

29-10-2018 11:09:11:843 phase1 [TRACE] : Inserting into Log the operation: AddOperation [recipe=[mtxhcsxk, Content--mtxhcsxk, user4], timestamp=user4:   0]
29-10-2018 11:09:11:844 phase1 [TRACE] : Log updated:
AddOperation [recipe=[ftyqqryp, Content--ftyqqryp, user0], timestamp=user0:   0]
AddOperation [recipe=[vgrxismv, Content--vgrxismv, user2], timestamp=user2:   0]
AddOperation [recipe=[mrtsccko, Content--mrtsccko, user1], timestamp=user1:   0]
AddOperation [recipe=[mtxhcsxk, Content--mtxhcsxk, user4], timestamp=user4:   0]

29-10-2018 11:09:11:844 phase1 [TRACE] : Updating the TimestampVectorInserting with the timestamp: user4:   0
29-10-2018 11:09:11:848 phase1 [TRACE] : Summary updated:
user0:   0
user2:   0
user1:   0
user4:   0
user3:   -1000

29-10-2018 11:09:11:849 phase1 [TRACE] : Inserting into Log the operation: AddOperation [recipe=[igutjmas, Content--igutjmas, user2], timestamp=user2:   1]
29-10-2018 11:09:11:850 phase1 [TRACE] : Log updated:
AddOperation [recipe=[ftyqqryp, Content--ftyqqryp, user0], timestamp=user0:   0]
AddOperation [recipe=[vgrxismv, Content--vgrxismv, user2], timestamp=user2:   0]
AddOperation [recipe=[mrtsccko, Content--mrtsccko, user1], timestamp=user1:   0]
AddOperation [recipe=[mtxhcsxk, Content--mtxhcsxk, user4], timestamp=user4:   0]

29-10-2018 11:09:11:850 phase1 [TRACE] : Updating the TimestampVectorInserting with the timestamp: user2:   1
29-10-2018 11:09:11:851 phase1 [TRACE] : Summary updated:
user0:   0
user2:   1
user1:   0
user4:   0
user3:   -1000

29-10-2018 11:09:11:851 phase1 [TRACE] : Inserting into Log the operation: AddOperation [recipe=[enwxuoaq, Content--enwxuoaq, user2], timestamp=user2:   2]
29-10-2018 11:09:11:851 phase1 [TRACE] : Log updated:
AddOperation [recipe=[ftyqqryp, Content--ftyqqryp, user0], timestamp=user0:   0]
AddOperation [recipe=[vgrxismv, Content--vgrxismv, user2], timestamp=user2:   0]
AddOperation [recipe=[mrtsccko, Content--mrtsccko, user1], timestamp=user1:   0]
AddOperation [recipe=[mtxhcsxk, Content--mtxhcsxk, user4], timestamp=user4:   0]

29-10-2018 11:09:11:852 phase1 [TRACE] : Updating the TimestampVectorInserting with the timestamp: user2:   2
29-10-2018 11:09:11:855 phase1 [TRACE] : Summary updated:
user0:   0
user2:   2
user1:   0
user4:   0
user3:   -1000

29-10-2018 11:09:11:856 phase1 [TRACE] : Inserting into Log the operation: AddOperation [recipe=[naenayif, Content--naenayif, user3], timestamp=user3:   0]
29-10-2018 11:09:11:861 phase1 [TRACE] : Log updated:
AddOperation [recipe=[ftyqqryp, Content--ftyqqryp, user0], timestamp=user0:   0]
AddOperation [recipe=[vgrxismv, Content--vgrxismv, user2], timestamp=user2:   0]
AddOperation [recipe=[mrtsccko, Content--mrtsccko, user1], timestamp=user1:   0]
AddOperation [recipe=[mtxhcsxk, Content--mtxhcsxk, user4], timestamp=user4:   0]
AddOperation [recipe=[naenayif, Content--naenayif, user3], timestamp=user3:   0]

29-10-2018 11:09:11:862 phase1 [TRACE] : Updating the TimestampVectorInserting with the timestamp: user3:   0
29-10-2018 11:09:11:862 phase1 [TRACE] : Summary updated:
user0:   0
user2:   2
user1:   0
user4:   0
user3:   0

29-10-2018 11:09:11:862 phase1 [TRACE] : Inserting into Log the operation: AddOperation [recipe=[paqhlrar, Content--paqhlrar, user3], timestamp=user3:   1]
29-10-2018 11:09:11:863 phase1 [TRACE] : Log updated:
AddOperation [recipe=[ftyqqryp, Content--ftyqqryp, user0], timestamp=user0:   0]
AddOperation [recipe=[vgrxismv, Content--vgrxismv, user2], timestamp=user2:   0]
AddOperation [recipe=[mrtsccko, Content--mrtsccko, user1], timestamp=user1:   0]
AddOperation [recipe=[mtxhcsxk, Content--mtxhcsxk, user4], timestamp=user4:   0]
AddOperation [recipe=[naenayif, Content--naenayif, user3], timestamp=user3:   0]

29-10-2018 11:09:11:863 phase1 [TRACE] : Updating the TimestampVectorInserting with the timestamp: user3:   1
29-10-2018 11:09:11:863 phase1 [TRACE] : Summary updated:
user0:   0
user2:   2
user1:   0
user4:   0
user3:   1

29-10-2018 11:09:11:863 phase1 [TRACE] : Inserting into Log the operation: AddOperation [recipe=[guimxcvn, Content--guimxcvn, user4], timestamp=user4:   1]
29-10-2018 11:09:11:864 phase1 [TRACE] : Log updated:
AddOperation [recipe=[ftyqqryp, Content--ftyqqryp, user0], timestamp=user0:   0]
AddOperation [recipe=[vgrxismv, Content--vgrxismv, user2], timestamp=user2:   0]
AddOperation [recipe=[mrtsccko, Content--mrtsccko, user1], timestamp=user1:   0]
AddOperation [recipe=[mtxhcsxk, Content--mtxhcsxk, user4], timestamp=user4:   0]
AddOperation [recipe=[naenayif, Content--naenayif, user3], timestamp=user3:   0]

29-10-2018 11:09:11:868 phase1 [TRACE] : Updating the TimestampVectorInserting with the timestamp: user4:   1
29-10-2018 11:09:11:868 phase1 [TRACE] : Summary updated:
user0:   0
user2:   2
user1:   0
user4:   1
user3:   1

29-10-2018 11:09:11:868 phase1 [TRACE] : Inserting into Log the operation: AddOperation [recipe=[brqcmawf, Content--brqcmawf, user3], timestamp=user3:   2]
29-10-2018 11:09:11:869 phase1 [TRACE] : Log updated:
AddOperation [recipe=[ftyqqryp, Content--ftyqqryp, user0], timestamp=user0:   0]
AddOperation [recipe=[vgrxismv, Content--vgrxismv, user2], timestamp=user2:   0]
AddOperation [recipe=[mrtsccko, Content--mrtsccko, user1], timestamp=user1:   0]
AddOperation [recipe=[mtxhcsxk, Content--mtxhcsxk, user4], timestamp=user4:   0]
AddOperation [recipe=[naenayif, Content--naenayif, user3], timestamp=user3:   0]

29-10-2018 11:09:11:869 phase1 [TRACE] : Updating the TimestampVectorInserting with the timestamp: user3:   2
29-10-2018 11:09:11:869 phase1 [TRACE] : Summary updated:
user0:   0
user2:   2
user1:   0
user4:   1
user3:   2

29-10-2018 11:09:11:870 phase1 [TRACE] : Inserting into Log the operation: AddOperation [recipe=[wvfvcioe, Content--wvfvcioe, user0], timestamp=user0:   1]
29-10-2018 11:09:11:870 phase1 [TRACE] : Log updated:
AddOperation [recipe=[ftyqqryp, Content--ftyqqryp, user0], timestamp=user0:   0]
AddOperation [recipe=[vgrxismv, Content--vgrxismv, user2], timestamp=user2:   0]
AddOperation [recipe=[mrtsccko, Content--mrtsccko, user1], timestamp=user1:   0]
AddOperation [recipe=[mtxhcsxk, Content--mtxhcsxk, user4], timestamp=user4:   0]
AddOperation [recipe=[naenayif, Content--naenayif, user3], timestamp=user3:   0]

29-10-2018 11:09:11:870 phase1 [TRACE] : Updating the TimestampVectorInserting with the timestamp: user0:   1
29-10-2018 11:09:11:871 phase1 [TRACE] : Summary updated:
user0:   1
user2:   2
user1:   0
user4:   1
user3:   2

29-10-2018 11:09:11:872 phase1 [TRACE] : Inserting into Log the operation: AddOperation [recipe=[jdpmsrot, Content--jdpmsrot, user4], timestamp=user4:   2]
29-10-2018 11:09:11:872 phase1 [TRACE] : Log updated:
AddOperation [recipe=[ftyqqryp, Content--ftyqqryp, user0], timestamp=user0:   0]
AddOperation [recipe=[vgrxismv, Content--vgrxismv, user2], timestamp=user2:   0]
AddOperation [recipe=[mrtsccko, Content--mrtsccko, user1], timestamp=user1:   0]
AddOperation [recipe=[mtxhcsxk, Content--mtxhcsxk, user4], timestamp=user4:   0]
AddOperation [recipe=[naenayif, Content--naenayif, user3], timestamp=user3:   0]

29-10-2018 11:09:11:872 phase1 [TRACE] : Updating the TimestampVectorInserting with the timestamp: user4:   2
29-10-2018 11:09:11:873 phase1 [TRACE] : Summary updated:
user0:   1
user2:   2
user1:   0
user4:   2
user3:   2

29-10-2018 11:09:11:873 phase1 [TRACE] : Inserting into Log the operation: AddOperation [recipe=[bycjuiap, Content--bycjuiap, user2], timestamp=user2:   3]
29-10-2018 11:09:11:873 phase1 [TRACE] : Log updated:
AddOperation [recipe=[ftyqqryp, Content--ftyqqryp, user0], timestamp=user0:   0]
AddOperation [recipe=[vgrxismv, Content--vgrxismv, user2], timestamp=user2:   0]
AddOperation [recipe=[mrtsccko, Content--mrtsccko, user1], timestamp=user1:   0]
AddOperation [recipe=[mtxhcsxk, Content--mtxhcsxk, user4], timestamp=user4:   0]
AddOperation [recipe=[naenayif, Content--naenayif, user3], timestamp=user3:   0]

29-10-2018 11:09:11:874 phase1 [TRACE] : Updating the TimestampVectorInserting with the timestamp: user2:   3
29-10-2018 11:09:11:874 phase1 [TRACE] : Summary updated:
user0:   1
user2:   3
user1:   0
user4:   2
user3:   2

29-10-2018 11:09:11:874 phase1 [TRACE] : Inserting into Log the operation: AddOperation [recipe=[prrrbyyq, Content--prrrbyyq, user4], timestamp=user4:   3]
29-10-2018 11:09:11:875 phase1 [TRACE] : Log updated:
AddOperation [recipe=[ftyqqryp, Content--ftyqqryp, user0], timestamp=user0:   0]
AddOperation [recipe=[vgrxismv, Content--vgrxismv, user2], timestamp=user2:   0]
AddOperation [recipe=[mrtsccko, Content--mrtsccko, user1], timestamp=user1:   0]
AddOperation [recipe=[mtxhcsxk, Content--mtxhcsxk, user4], timestamp=user4:   0]
AddOperation [recipe=[naenayif, Content--naenayif, user3], timestamp=user3:   0]

29-10-2018 11:09:11:875 phase1 [TRACE] : Updating the TimestampVectorInserting with the timestamp: user4:   3
29-10-2018 11:09:11:875 phase1 [TRACE] : Summary updated:
user0:   1
user2:   3
user1:   0
user4:   3
user3:   2

29-10-2018 11:09:11:875 phase1 [TRACE] : Inserting into Log the operation: AddOperation [recipe=[ayxlnxfj, Content--ayxlnxfj, user0], timestamp=user0:   2]
29-10-2018 11:09:11:876 phase1 [TRACE] : Log updated:
AddOperation [recipe=[ftyqqryp, Content--ftyqqryp, user0], timestamp=user0:   0]
AddOperation [recipe=[vgrxismv, Content--vgrxismv, user2], timestamp=user2:   0]
AddOperation [recipe=[mrtsccko, Content--mrtsccko, user1], timestamp=user1:   0]
AddOperation [recipe=[mtxhcsxk, Content--mtxhcsxk, user4], timestamp=user4:   0]
AddOperation [recipe=[naenayif, Content--naenayif, user3], timestamp=user3:   0]

29-10-2018 11:09:11:876 phase1 [TRACE] : Updating the TimestampVectorInserting with the timestamp: user0:   2
29-10-2018 11:09:11:877 phase1 [TRACE] : Summary updated:
user0:   2
user2:   3
user1:   0
user4:   3
user3:   2

29-10-2018 11:09:11:879 phase1 [TRACE] : Inserting into Log the operation: AddOperation [recipe=[fbybqmkf, Content--fbybqmkf, user1], timestamp=user1:   1]
29-10-2018 11:09:11:883 phase1 [TRACE] : Log updated:
AddOperation [recipe=[ftyqqryp, Content--ftyqqryp, user0], timestamp=user0:   0]
AddOperation [recipe=[vgrxismv, Content--vgrxismv, user2], timestamp=user2:   0]
AddOperation [recipe=[mrtsccko, Content--mrtsccko, user1], timestamp=user1:   0]
AddOperation [recipe=[mtxhcsxk, Content--mtxhcsxk, user4], timestamp=user4:   0]
AddOperation [recipe=[naenayif, Content--naenayif, user3], timestamp=user3:   0]

29-10-2018 11:09:11:884 phase1 [TRACE] : Updating the TimestampVectorInserting with the timestamp: user1:   1
29-10-2018 11:09:11:884 phase1 [TRACE] : Summary updated:
user0:   2
user2:   3
user1:   1
user4:   3
user3:   2

29-10-2018 11:09:11:884 phase1 [TRACE] : Inserting into Log the operation: AddOperation [recipe=[clibbrbl, Content--clibbrbl, user2], timestamp=user2:   4]
29-10-2018 11:09:11:885 phase1 [TRACE] : Log updated:
AddOperation [recipe=[ftyqqryp, Content--ftyqqryp, user0], timestamp=user0:   0]
AddOperation [recipe=[vgrxismv, Content--vgrxismv, user2], timestamp=user2:   0]
AddOperation [recipe=[mrtsccko, Content--mrtsccko, user1], timestamp=user1:   0]
AddOperation [recipe=[mtxhcsxk, Content--mtxhcsxk, user4], timestamp=user4:   0]
AddOperation [recipe=[naenayif, Content--naenayif, user3], timestamp=user3:   0]

29-10-2018 11:09:11:885 phase1 [TRACE] : Updating the TimestampVectorInserting with the timestamp: user2:   4
29-10-2018 11:09:11:885 phase1 [TRACE] : Summary updated:
user0:   2
user2:   4
user1:   1
user4:   3
user3:   2

29-10-2018 11:09:11:886 phase1 [TRACE] : Inserting into Log the operation: AddOperation [recipe=[qycxccpi, Content--qycxccpi, user1], timestamp=user1:   2]
29-10-2018 11:09:11:886 phase1 [TRACE] : Log updated:
AddOperation [recipe=[ftyqqryp, Content--ftyqqryp, user0], timestamp=user0:   0]
AddOperation [recipe=[vgrxismv, Content--vgrxismv, user2], timestamp=user2:   0]
AddOperation [recipe=[mrtsccko, Content--mrtsccko, user1], timestamp=user1:   0]
AddOperation [recipe=[mtxhcsxk, Content--mtxhcsxk, user4], timestamp=user4:   0]
AddOperation [recipe=[naenayif, Content--naenayif, user3], timestamp=user3:   0]

29-10-2018 11:09:11:886 phase1 [TRACE] : Updating the TimestampVectorInserting with the timestamp: user1:   2
29-10-2018 11:09:11:887 phase1 [TRACE] : Summary updated:
user0:   2
user2:   4
user1:   2
user4:   3
user3:   2

29-10-2018 11:09:11:887 phase1 [TRACE] : Inserting into Log the operation: AddOperation [recipe=[jeqkicvn, Content--jeqkicvn, user0], timestamp=user0:   3]
29-10-2018 11:09:11:887 phase1 [TRACE] : Log updated:
AddOperation [recipe=[ftyqqryp, Content--ftyqqryp, user0], timestamp=user0:   0]
AddOperation [recipe=[vgrxismv, Content--vgrxismv, user2], timestamp=user2:   0]
AddOperation [recipe=[mrtsccko, Content--mrtsccko, user1], timestamp=user1:   0]
AddOperation [recipe=[mtxhcsxk, Content--mtxhcsxk, user4], timestamp=user4:   0]
AddOperation [recipe=[naenayif, Content--naenayif, user3], timestamp=user3:   0]

29-10-2018 11:09:11:888 phase1 [TRACE] : Updating the TimestampVectorInserting with the timestamp: user0:   3
29-10-2018 11:09:11:888 phase1 [TRACE] : Summary updated:
user0:   3
user2:   4
user1:   2
user4:   3
user3:   2

29-10-2018 11:09:11:888 phase1 [TRACE] : Inserting into Log the operation: AddOperation [recipe=[gsktxxsh, Content--gsktxxsh, user1], timestamp=user1:   3]
29-10-2018 11:09:11:888 phase1 [TRACE] : Log updated:
AddOperation [recipe=[ftyqqryp, Content--ftyqqryp, user0], timestamp=user0:   0]
AddOperation [recipe=[vgrxismv, Content--vgrxismv, user2], timestamp=user2:   0]
AddOperation [recipe=[mrtsccko, Content--mrtsccko, user1], timestamp=user1:   0]
AddOperation [recipe=[mtxhcsxk, Content--mtxhcsxk, user4], timestamp=user4:   0]
AddOperation [recipe=[naenayif, Content--naenayif, user3], timestamp=user3:   0]

29-10-2018 11:09:11:889 phase1 [TRACE] : Updating the TimestampVectorInserting with the timestamp: user1:   3
29-10-2018 11:09:11:889 phase1 [TRACE] : Summary updated:
user0:   3
user2:   4
user1:   3
user4:   3
user3:   2

29-10-2018 11:09:11:889 phase1 [TRACE] : Inserting into Log the operation: AddOperation [recipe=[nhmswiev, Content--nhmswiev, user4], timestamp=user4:   4]
29-10-2018 11:09:11:890 phase1 [TRACE] : Log updated:
AddOperation [recipe=[ftyqqryp, Content--ftyqqryp, user0], timestamp=user0:   0]
AddOperation [recipe=[vgrxismv, Content--vgrxismv, user2], timestamp=user2:   0]
AddOperation [recipe=[mrtsccko, Content--mrtsccko, user1], timestamp=user1:   0]
AddOperation [recipe=[mtxhcsxk, Content--mtxhcsxk, user4], timestamp=user4:   0]
AddOperation [recipe=[naenayif, Content--naenayif, user3], timestamp=user3:   0]

29-10-2018 11:09:11:890 phase1 [TRACE] : Updating the TimestampVectorInserting with the timestamp: user4:   4
29-10-2018 11:09:11:890 phase1 [TRACE] : Summary updated:
user0:   3
user2:   4
user1:   3
user4:   4
user3:   2

29-10-2018 11:09:11:891 phase1 [TRACE] : Inserting into Log the operation: AddOperation [recipe=[gjtvehkq, Content--gjtvehkq, user0], timestamp=user0:   4]
29-10-2018 11:09:11:891 phase1 [TRACE] : Log updated:
AddOperation [recipe=[ftyqqryp, Content--ftyqqryp, user0], timestamp=user0:   0]
AddOperation [recipe=[vgrxismv, Content--vgrxismv, user2], timestamp=user2:   0]
AddOperation [recipe=[mrtsccko, Content--mrtsccko, user1], timestamp=user1:   0]
AddOperation [recipe=[mtxhcsxk, Content--mtxhcsxk, user4], timestamp=user4:   0]
AddOperation [recipe=[naenayif, Content--naenayif, user3], timestamp=user3:   0]

29-10-2018 11:09:11:891 phase1 [TRACE] : Updating the TimestampVectorInserting with the timestamp: user0:   4
29-10-2018 11:09:11:891 phase1 [TRACE] : Summary updated:
user0:   4
user2:   4
user1:   3
user4:   4
user3:   2

29-10-2018 11:09:11:892 phase1 [TRACE] : Inserting into Log the operation: AddOperation [recipe=[rlretsfx, Content--rlretsfx, user2], timestamp=user2:   5]
29-10-2018 11:09:11:892 phase1 [TRACE] : Log updated:
AddOperation [recipe=[ftyqqryp, Content--ftyqqryp, user0], timestamp=user0:   0]
AddOperation [recipe=[vgrxismv, Content--vgrxismv, user2], timestamp=user2:   0]
AddOperation [recipe=[mrtsccko, Content--mrtsccko, user1], timestamp=user1:   0]
AddOperation [recipe=[mtxhcsxk, Content--mtxhcsxk, user4], timestamp=user4:   0]
AddOperation [recipe=[naenayif, Content--naenayif, user3], timestamp=user3:   0]

29-10-2018 11:09:11:892 phase1 [TRACE] : Updating the TimestampVectorInserting with the timestamp: user2:   5
29-10-2018 11:09:11:893 phase1 [TRACE] : Summary updated:
user0:   4
user2:   5
user1:   3
user4:   4
user3:   2

29-10-2018 11:09:11:893 phase1 [TRACE] : Inserting into Log the operation: AddOperation [recipe=[hnsfjsrm, Content--hnsfjsrm, user0], timestamp=user0:   5]
29-10-2018 11:09:11:893 phase1 [TRACE] : Log updated:
AddOperation [recipe=[ftyqqryp, Content--ftyqqryp, user0], timestamp=user0:   0]
AddOperation [recipe=[vgrxismv, Content--vgrxismv, user2], timestamp=user2:   0]
AddOperation [recipe=[mrtsccko, Content--mrtsccko, user1], timestamp=user1:   0]
AddOperation [recipe=[mtxhcsxk, Content--mtxhcsxk, user4], timestamp=user4:   0]
AddOperation [recipe=[naenayif, Content--naenayif, user3], timestamp=user3:   0]

29-10-2018 11:09:11:894 phase1 [TRACE] : Updating the TimestampVectorInserting with the timestamp: user0:   5
29-10-2018 11:09:11:894 phase1 [TRACE] : Summary updated:
user0:   5
user2:   5
user1:   3
user4:   4
user3:   2

29-10-2018 11:09:11:895 phase1 [TRACE] : Inserting into Log the operation: AddOperation [recipe=[dtuaotah, Content--dtuaotah, user4], timestamp=user4:   5]
29-10-2018 11:09:11:895 phase1 [TRACE] : Log updated:
AddOperation [recipe=[ftyqqryp, Content--ftyqqryp, user0], timestamp=user0:   0]
AddOperation [recipe=[vgrxismv, Content--vgrxismv, user2], timestamp=user2:   0]
AddOperation [recipe=[mrtsccko, Content--mrtsccko, user1], timestamp=user1:   0]
AddOperation [recipe=[mtxhcsxk, Content--mtxhcsxk, user4], timestamp=user4:   0]
AddOperation [recipe=[naenayif, Content--naenayif, user3], timestamp=user3:   0]

29-10-2018 11:09:11:895 phase1 [TRACE] : Updating the TimestampVectorInserting with the timestamp: user4:   5
29-10-2018 11:09:11:896 phase1 [TRACE] : Summary updated:
user0:   5
user2:   5
user1:   3
user4:   5
user3:   2

29-10-2018 11:09:11:896 phase1 [TRACE] : Inserting into Log the operation: AddOperation [recipe=[vqkrfrdd, Content--vqkrfrdd, user2], timestamp=user2:   6]
29-10-2018 11:09:11:897 phase1 [TRACE] : Log updated:
AddOperation [recipe=[ftyqqryp, Content--ftyqqryp, user0], timestamp=user0:   0]
AddOperation [recipe=[vgrxismv, Content--vgrxismv, user2], timestamp=user2:   0]
AddOperation [recipe=[mrtsccko, Content--mrtsccko, user1], timestamp=user1:   0]
AddOperation [recipe=[mtxhcsxk, Content--mtxhcsxk, user4], timestamp=user4:   0]
AddOperation [recipe=[naenayif, Content--naenayif, user3], timestamp=user3:   0]

29-10-2018 11:09:11:897 phase1 [TRACE] : Updating the TimestampVectorInserting with the timestamp: user2:   6
29-10-2018 11:09:11:898 phase1 [TRACE] : Summary updated:
user0:   5
user2:   6
user1:   3
user4:   5
user3:   2

29-10-2018 11:09:11:898 phase1 [TRACE] : Inserting into Log the operation: AddOperation [recipe=[hlvdoryn, Content--hlvdoryn, user1], timestamp=user1:   4]
29-10-2018 11:09:11:898 phase1 [TRACE] : Log updated:
AddOperation [recipe=[ftyqqryp, Content--ftyqqryp, user0], timestamp=user0:   0]
AddOperation [recipe=[vgrxismv, Content--vgrxismv, user2], timestamp=user2:   0]
AddOperation [recipe=[mrtsccko, Content--mrtsccko, user1], timestamp=user1:   0]
AddOperation [recipe=[mtxhcsxk, Content--mtxhcsxk, user4], timestamp=user4:   0]
AddOperation [recipe=[naenayif, Content--naenayif, user3], timestamp=user3:   0]

29-10-2018 11:09:11:900 phase1 [TRACE] : Updating the TimestampVectorInserting with the timestamp: user1:   4
29-10-2018 11:09:11:900 phase1 [TRACE] : Summary updated:
user0:   5
user2:   6
user1:   4
user4:   5
user3:   2

29-10-2018 11:09:11:900 phase1 [TRACE] : Inserting into Log the operation: AddOperation [recipe=[srhvddam, Content--srhvddam, user2], timestamp=user2:   7]
29-10-2018 11:09:11:901 phase1 [TRACE] : Log updated:
AddOperation [recipe=[ftyqqryp, Content--ftyqqryp, user0], timestamp=user0:   0]
AddOperation [recipe=[vgrxismv, Content--vgrxismv, user2], timestamp=user2:   0]
AddOperation [recipe=[mrtsccko, Content--mrtsccko, user1], timestamp=user1:   0]
AddOperation [recipe=[mtxhcsxk, Content--mtxhcsxk, user4], timestamp=user4:   0]
AddOperation [recipe=[naenayif, Content--naenayif, user3], timestamp=user3:   0]

29-10-2018 11:09:11:901 phase1 [TRACE] : Updating the TimestampVectorInserting with the timestamp: user2:   7
29-10-2018 11:09:11:901 phase1 [TRACE] : Summary updated:
user0:   5
user2:   7
user1:   4
user4:   5
user3:   2

29-10-2018 11:09:11:901 phase1 [TRACE] : Inserting into Log the operation: AddOperation [recipe=[jfyqttss, Content--jfyqttss, user4], timestamp=user4:   6]
29-10-2018 11:09:11:902 phase1 [TRACE] : Log updated:
AddOperation [recipe=[ftyqqryp, Content--ftyqqryp, user0], timestamp=user0:   0]
AddOperation [recipe=[vgrxismv, Content--vgrxismv, user2], timestamp=user2:   0]
AddOperation [recipe=[mrtsccko, Content--mrtsccko, user1], timestamp=user1:   0]
AddOperation [recipe=[mtxhcsxk, Content--mtxhcsxk, user4], timestamp=user4:   0]
AddOperation [recipe=[naenayif, Content--naenayif, user3], timestamp=user3:   0]

29-10-2018 11:09:11:902 phase1 [TRACE] : Updating the TimestampVectorInserting with the timestamp: user4:   6
29-10-2018 11:09:11:902 phase1 [TRACE] : Summary updated:
user0:   5
user2:   7
user1:   4
user4:   6
user3:   2

29-10-2018 11:09:11:904 phase1 [TRACE] : Inserting into Log the operation: AddOperation [recipe=[tustxmqr, Content--tustxmqr, user0], timestamp=user0:   6]
29-10-2018 11:09:11:905 phase1 [TRACE] : Log updated:
AddOperation [recipe=[ftyqqryp, Content--ftyqqryp, user0], timestamp=user0:   0]
AddOperation [recipe=[vgrxismv, Content--vgrxismv, user2], timestamp=user2:   0]
AddOperation [recipe=[mrtsccko, Content--mrtsccko, user1], timestamp=user1:   0]
AddOperation [recipe=[mtxhcsxk, Content--mtxhcsxk, user4], timestamp=user4:   0]
AddOperation [recipe=[naenayif, Content--naenayif, user3], timestamp=user3:   0]

29-10-2018 11:09:11:905 phase1 [TRACE] : Updating the TimestampVectorInserting with the timestamp: user0:   6
29-10-2018 11:09:11:905 phase1 [TRACE] : Summary updated:
user0:   6
user2:   7
user1:   4
user4:   6
user3:   2

29-10-2018 11:09:11:906 phase1 [TRACE] : Inserting into Log the operation: AddOperation [recipe=[vribeukc, Content--vribeukc, user3], timestamp=user3:   3]
29-10-2018 11:09:11:906 phase1 [TRACE] : Log updated:
AddOperation [recipe=[ftyqqryp, Content--ftyqqryp, user0], timestamp=user0:   0]
AddOperation [recipe=[vgrxismv, Content--vgrxismv, user2], timestamp=user2:   0]
AddOperation [recipe=[mrtsccko, Content--mrtsccko, user1], timestamp=user1:   0]
AddOperation [recipe=[mtxhcsxk, Content--mtxhcsxk, user4], timestamp=user4:   0]
AddOperation [recipe=[naenayif, Content--naenayif, user3], timestamp=user3:   0]

29-10-2018 11:09:11:906 phase1 [TRACE] : Updating the TimestampVectorInserting with the timestamp: user3:   3
29-10-2018 11:09:11:907 phase1 [TRACE] : Summary updated:
user0:   6
user2:   7
user1:   4
user4:   6
user3:   3

29-10-2018 11:09:11:914 phase1 [TRACE] : Inserting into Log the operation: AddOperation [recipe=[xakmtotn, Content--xakmtotn, user4], timestamp=user4:   7]
29-10-2018 11:09:11:915 phase1 [TRACE] : Log updated:
AddOperation [recipe=[ftyqqryp, Content--ftyqqryp, user0], timestamp=user0:   0]
AddOperation [recipe=[vgrxismv, Content--vgrxismv, user2], timestamp=user2:   0]
AddOperation [recipe=[mrtsccko, Content--mrtsccko, user1], timestamp=user1:   0]
AddOperation [recipe=[mtxhcsxk, Content--mtxhcsxk, user4], timestamp=user4:   0]
AddOperation [recipe=[naenayif, Content--naenayif, user3], timestamp=user3:   0]

29-10-2018 11:09:11:915 phase1 [TRACE] : Updating the TimestampVectorInserting with the timestamp: user4:   7
29-10-2018 11:09:11:915 phase1 [TRACE] : Summary updated:
user0:   6
user2:   7
user1:   4
user4:   7
user3:   3

29-10-2018 11:09:11:915 phase1 [TRACE] : Inserting into Log the operation: AddOperation [recipe=[skotncrs, Content--skotncrs, user2], timestamp=user2:   8]
29-10-2018 11:09:11:916 phase1 [TRACE] : Log updated:
AddOperation [recipe=[ftyqqryp, Content--ftyqqryp, user0], timestamp=user0:   0]
AddOperation [recipe=[vgrxismv, Content--vgrxismv, user2], timestamp=user2:   0]
AddOperation [recipe=[mrtsccko, Content--mrtsccko, user1], timestamp=user1:   0]
AddOperation [recipe=[mtxhcsxk, Content--mtxhcsxk, user4], timestamp=user4:   0]
AddOperation [recipe=[naenayif, Content--naenayif, user3], timestamp=user3:   0]

29-10-2018 11:09:11:916 phase1 [TRACE] : Updating the TimestampVectorInserting with the timestamp: user2:   8
29-10-2018 11:09:11:916 phase1 [TRACE] : Summary updated:
user0:   6
user2:   8
user1:   4
user4:   7
user3:   3

29-10-2018 11:09:11:917 phase1 [TRACE] : Inserting into Log the operation: AddOperation [recipe=[tluqowex, Content--tluqowex, user2], timestamp=user2:   9]
29-10-2018 11:09:11:917 phase1 [TRACE] : Log updated:
AddOperation [recipe=[ftyqqryp, Content--ftyqqryp, user0], timestamp=user0:   0]
AddOperation [recipe=[vgrxismv, Content--vgrxismv, user2], timestamp=user2:   0]
AddOperation [recipe=[mrtsccko, Content--mrtsccko, user1], timestamp=user1:   0]
AddOperation [recipe=[mtxhcsxk, Content--mtxhcsxk, user4], timestamp=user4:   0]
AddOperation [recipe=[naenayif, Content--naenayif, user3], timestamp=user3:   0]

29-10-2018 11:09:11:917 phase1 [TRACE] : Updating the TimestampVectorInserting with the timestamp: user2:   9
29-10-2018 11:09:11:917 phase1 [TRACE] : Summary updated:
user0:   6
user2:   9
user1:   4
user4:   7
user3:   3

29-10-2018 11:09:11:918 phase1 [TRACE] : Inserting into Log the operation: AddOperation [recipe=[lupjjovh, Content--lupjjovh, user3], timestamp=user3:   4]
29-10-2018 11:09:11:918 phase1 [TRACE] : Log updated:
AddOperation [recipe=[ftyqqryp, Content--ftyqqryp, user0], timestamp=user0:   0]
AddOperation [recipe=[vgrxismv, Content--vgrxismv, user2], timestamp=user2:   0]
AddOperation [recipe=[mrtsccko, Content--mrtsccko, user1], timestamp=user1:   0]
AddOperation [recipe=[mtxhcsxk, Content--mtxhcsxk, user4], timestamp=user4:   0]
AddOperation [recipe=[naenayif, Content--naenayif, user3], timestamp=user3:   0]

29-10-2018 11:09:11:918 phase1 [TRACE] : Updating the TimestampVectorInserting with the timestamp: user3:   4
29-10-2018 11:09:11:919 phase1 [TRACE] : Summary updated:
user0:   6
user2:   9
user1:   4
user4:   7
user3:   4

29-10-2018 11:09:11:919 phase1 [TRACE] : Inserting into Log the operation: AddOperation [recipe=[qbmyxmeo, Content--qbmyxmeo, user3], timestamp=user3:   5]
29-10-2018 11:09:11:919 phase1 [TRACE] : Log updated:
AddOperation [recipe=[ftyqqryp, Content--ftyqqryp, user0], timestamp=user0:   0]
AddOperation [recipe=[vgrxismv, Content--vgrxismv, user2], timestamp=user2:   0]
AddOperation [recipe=[mrtsccko, Content--mrtsccko, user1], timestamp=user1:   0]
AddOperation [recipe=[mtxhcsxk, Content--mtxhcsxk, user4], timestamp=user4:   0]
AddOperation [recipe=[naenayif, Content--naenayif, user3], timestamp=user3:   0]

29-10-2018 11:09:11:920 phase1 [TRACE] : Updating the TimestampVectorInserting with the timestamp: user3:   5
29-10-2018 11:09:11:920 phase1 [TRACE] : Summary updated:
user0:   6
user2:   9
user1:   4
user4:   7
user3:   5

29-10-2018 11:09:11:921 phase1 [TRACE] : Inserting into Log the operation: AddOperation [recipe=[ooqduvgv, Content--ooqduvgv, user4], timestamp=user4:   8]
29-10-2018 11:09:11:921 phase1 [TRACE] : Log updated:
AddOperation [recipe=[ftyqqryp, Content--ftyqqryp, user0], timestamp=user0:   0]
AddOperation [recipe=[vgrxismv, Content--vgrxismv, user2], timestamp=user2:   0]
AddOperation [recipe=[mrtsccko, Content--mrtsccko, user1], timestamp=user1:   0]
AddOperation [recipe=[mtxhcsxk, Content--mtxhcsxk, user4], timestamp=user4:   0]
AddOperation [recipe=[naenayif, Content--naenayif, user3], timestamp=user3:   0]

29-10-2018 11:09:11:921 phase1 [TRACE] : Updating the TimestampVectorInserting with the timestamp: user4:   8
29-10-2018 11:09:11:928 phase1 [TRACE] : Summary updated:
user0:   6
user2:   9
user1:   4
user4:   8
user3:   5

29-10-2018 11:09:11:929 phase1 [TRACE] : Inserting into Log the operation: AddOperation [recipe=[hauelsfc, Content--hauelsfc, user1], timestamp=user1:   5]
29-10-2018 11:09:11:929 phase1 [TRACE] : Log updated:
AddOperation [recipe=[ftyqqryp, Content--ftyqqryp, user0], timestamp=user0:   0]
AddOperation [recipe=[vgrxismv, Content--vgrxismv, user2], timestamp=user2:   0]
AddOperation [recipe=[mrtsccko, Content--mrtsccko, user1], timestamp=user1:   0]
AddOperation [recipe=[mtxhcsxk, Content--mtxhcsxk, user4], timestamp=user4:   0]
AddOperation [recipe=[naenayif, Content--naenayif, user3], timestamp=user3:   0]

29-10-2018 11:09:11:929 phase1 [TRACE] : Updating the TimestampVectorInserting with the timestamp: user1:   5
29-10-2018 11:09:11:929 phase1 [TRACE] : Summary updated:
user0:   6
user2:   9
user1:   5
user4:   8
user3:   5

29-10-2018 11:09:11:929 phase1 [TRACE] : Inserting into Log the operation: AddOperation [recipe=[jvuacyfw, Content--jvuacyfw, user3], timestamp=user3:   6]
29-10-2018 11:09:11:930 phase1 [TRACE] : Log updated:
AddOperation [recipe=[ftyqqryp, Content--ftyqqryp, user0], timestamp=user0:   0]
AddOperation [recipe=[vgrxismv, Content--vgrxismv, user2], timestamp=user2:   0]
AddOperation [recipe=[mrtsccko, Content--mrtsccko, user1], timestamp=user1:   0]
AddOperation [recipe=[mtxhcsxk, Content--mtxhcsxk, user4], timestamp=user4:   0]
AddOperation [recipe=[naenayif, Content--naenayif, user3], timestamp=user3:   0]

29-10-2018 11:09:11:930 phase1 [TRACE] : Updating the TimestampVectorInserting with the timestamp: user3:   6
29-10-2018 11:09:11:930 phase1 [TRACE] : Summary updated:
user0:   6
user2:   9
user1:   5
user4:   8
user3:   6

29-10-2018 11:09:11:930 phase1 [TRACE] : Inserting into Log the operation: AddOperation [recipe=[kpetxjqi, Content--kpetxjqi, user1], timestamp=user1:   6]
29-10-2018 11:09:11:930 phase1 [TRACE] : Log updated:
AddOperation [recipe=[ftyqqryp, Content--ftyqqryp, user0], timestamp=user0:   0]
AddOperation [recipe=[vgrxismv, Content--vgrxismv, user2], timestamp=user2:   0]
AddOperation [recipe=[mrtsccko, Content--mrtsccko, user1], timestamp=user1:   0]
AddOperation [recipe=[mtxhcsxk, Content--mtxhcsxk, user4], timestamp=user4:   0]
AddOperation [recipe=[naenayif, Content--naenayif, user3], timestamp=user3:   0]

29-10-2018 11:09:11:931 phase1 [TRACE] : Updating the TimestampVectorInserting with the timestamp: user1:   6
29-10-2018 11:09:11:937 phase1 [TRACE] : Summary updated:
user0:   6
user2:   9
user1:   6
user4:   8
user3:   6

29-10-2018 11:09:11:937 phase1 [TRACE] : Inserting into Log the operation: AddOperation [recipe=[fdfyucma, Content--fdfyucma, user2], timestamp=user2:   10]
29-10-2018 11:09:11:937 phase1 [TRACE] : Log updated:
AddOperation [recipe=[ftyqqryp, Content--ftyqqryp, user0], timestamp=user0:   0]
AddOperation [recipe=[vgrxismv, Content--vgrxismv, user2], timestamp=user2:   0]
AddOperation [recipe=[mrtsccko, Content--mrtsccko, user1], timestamp=user1:   0]
AddOperation [recipe=[mtxhcsxk, Content--mtxhcsxk, user4], timestamp=user4:   0]
AddOperation [recipe=[naenayif, Content--naenayif, user3], timestamp=user3:   0]

29-10-2018 11:09:11:937 phase1 [TRACE] : Updating the TimestampVectorInserting with the timestamp: user2:   10
29-10-2018 11:09:11:938 phase1 [TRACE] : Summary updated:
user0:   6
user2:   10
user1:   6
user4:   8
user3:   6

29-10-2018 11:09:11:938 phase1 [TRACE] : Inserting into Log the operation: AddOperation [recipe=[lvckthrq, Content--lvckthrq, user4], timestamp=user4:   9]
29-10-2018 11:09:11:938 phase1 [TRACE] : Log updated:
AddOperation [recipe=[ftyqqryp, Content--ftyqqryp, user0], timestamp=user0:   0]
AddOperation [recipe=[vgrxismv, Content--vgrxismv, user2], timestamp=user2:   0]
AddOperation [recipe=[mrtsccko, Content--mrtsccko, user1], timestamp=user1:   0]
AddOperation [recipe=[mtxhcsxk, Content--mtxhcsxk, user4], timestamp=user4:   0]
AddOperation [recipe=[naenayif, Content--naenayif, user3], timestamp=user3:   0]

29-10-2018 11:09:11:938 phase1 [TRACE] : Updating the TimestampVectorInserting with the timestamp: user4:   9
29-10-2018 11:09:11:939 phase1 [TRACE] : Summary updated:
user0:   6
user2:   10
user1:   6
user4:   9
user3:   6

29-10-2018 11:09:11:939 phase1 [TRACE] : Inserting into Log the operation: AddOperation [recipe=[booxoevo, Content--booxoevo, user3], timestamp=user3:   7]
29-10-2018 11:09:11:939 phase1 [TRACE] : Log updated:
AddOperation [recipe=[ftyqqryp, Content--ftyqqryp, user0], timestamp=user0:   0]
AddOperation [recipe=[vgrxismv, Content--vgrxismv, user2], timestamp=user2:   0]
AddOperation [recipe=[mrtsccko, Content--mrtsccko, user1], timestamp=user1:   0]
AddOperation [recipe=[mtxhcsxk, Content--mtxhcsxk, user4], timestamp=user4:   0]
AddOperation [recipe=[naenayif, Content--naenayif, user3], timestamp=user3:   0]

29-10-2018 11:09:11:939 phase1 [TRACE] : Updating the TimestampVectorInserting with the timestamp: user3:   7
29-10-2018 11:09:11:939 phase1 [TRACE] : Summary updated:
user0:   6
user2:   10
user1:   6
user4:   9
user3:   7

29-10-2018 11:09:11:940 phase1 [TRACE] : Inserting into Log the operation: AddOperation [recipe=[pytljyec, Content--pytljyec, user4], timestamp=user4:   10]
29-10-2018 11:09:11:940 phase1 [TRACE] : Log updated:
AddOperation [recipe=[ftyqqryp, Content--ftyqqryp, user0], timestamp=user0:   0]
AddOperation [recipe=[vgrxismv, Content--vgrxismv, user2], timestamp=user2:   0]
AddOperation [recipe=[mrtsccko, Content--mrtsccko, user1], timestamp=user1:   0]
AddOperation [recipe=[mtxhcsxk, Content--mtxhcsxk, user4], timestamp=user4:   0]
AddOperation [recipe=[naenayif, Content--naenayif, user3], timestamp=user3:   0]

29-10-2018 11:09:11:940 phase1 [TRACE] : Updating the TimestampVectorInserting with the timestamp: user4:   10
29-10-2018 11:09:11:942 phase1 [TRACE] : Summary updated:
user0:   6
user2:   10
user1:   6
user4:   10
user3:   7

29-10-2018 11:09:11:942 phase1 [TRACE] : Inserting into Log the operation: AddOperation [recipe=[cefxgrfy, Content--cefxgrfy, user3], timestamp=user3:   8]
29-10-2018 11:09:11:942 phase1 [TRACE] : Log updated:
AddOperation [recipe=[ftyqqryp, Content--ftyqqryp, user0], timestamp=user0:   0]
AddOperation [recipe=[vgrxismv, Content--vgrxismv, user2], timestamp=user2:   0]
AddOperation [recipe=[mrtsccko, Content--mrtsccko, user1], timestamp=user1:   0]
AddOperation [recipe=[mtxhcsxk, Content--mtxhcsxk, user4], timestamp=user4:   0]
AddOperation [recipe=[naenayif, Content--naenayif, user3], timestamp=user3:   0]

29-10-2018 11:09:11:942 phase1 [TRACE] : Updating the TimestampVectorInserting with the timestamp: user3:   8
29-10-2018 11:09:11:942 phase1 [TRACE] : Summary updated:
user0:   6
user2:   10
user1:   6
user4:   10
user3:   8

29-10-2018 11:09:11:943 phase1 [TRACE] : Inserting into Log the operation: AddOperation [recipe=[nikvppdg, Content--nikvppdg, user3], timestamp=user3:   9]
29-10-2018 11:09:11:943 phase1 [TRACE] : Log updated:
AddOperation [recipe=[ftyqqryp, Content--ftyqqryp, user0], timestamp=user0:   0]
AddOperation [recipe=[vgrxismv, Content--vgrxismv, user2], timestamp=user2:   0]
AddOperation [recipe=[mrtsccko, Content--mrtsccko, user1], timestamp=user1:   0]
AddOperation [recipe=[mtxhcsxk, Content--mtxhcsxk, user4], timestamp=user4:   0]
AddOperation [recipe=[naenayif, Content--naenayif, user3], timestamp=user3:   0]

29-10-2018 11:09:11:945 phase1 [TRACE] : Updating the TimestampVectorInserting with the timestamp: user3:   9
29-10-2018 11:09:11:945 phase1 [TRACE] : Summary updated:
user0:   6
user2:   10
user1:   6
user4:   10
user3:   9

29-10-2018 11:09:11:952 phase1 [TRACE] : Inserting into Log the operation: AddOperation [recipe=[phmfgbsu, Content--phmfgbsu, user3], timestamp=user3:   10]
29-10-2018 11:09:11:952 phase1 [TRACE] : Log updated:
AddOperation [recipe=[ftyqqryp, Content--ftyqqryp, user0], timestamp=user0:   0]
AddOperation [recipe=[vgrxismv, Content--vgrxismv, user2], timestamp=user2:   0]
AddOperation [recipe=[mrtsccko, Content--mrtsccko, user1], timestamp=user1:   0]
AddOperation [recipe=[mtxhcsxk, Content--mtxhcsxk, user4], timestamp=user4:   0]
AddOperation [recipe=[naenayif, Content--naenayif, user3], timestamp=user3:   0]

29-10-2018 11:09:11:953 phase1 [TRACE] : Updating the TimestampVectorInserting with the timestamp: user3:   10
29-10-2018 11:09:11:953 phase1 [TRACE] : Summary updated:
user0:   6
user2:   10
user1:   6
user4:   10
user3:   10

29-10-2018 11:09:11:953 phase1 [TRACE] : Inserting into Log the operation: AddOperation [recipe=[fewjqkrh, Content--fewjqkrh, user3], timestamp=user3:   11]
29-10-2018 11:09:11:953 phase1 [TRACE] : Log updated:
AddOperation [recipe=[ftyqqryp, Content--ftyqqryp, user0], timestamp=user0:   0]
AddOperation [recipe=[vgrxismv, Content--vgrxismv, user2], timestamp=user2:   0]
AddOperation [recipe=[mrtsccko, Content--mrtsccko, user1], timestamp=user1:   0]
AddOperation [recipe=[mtxhcsxk, Content--mtxhcsxk, user4], timestamp=user4:   0]
AddOperation [recipe=[naenayif, Content--naenayif, user3], timestamp=user3:   0]

29-10-2018 11:09:11:953 phase1 [TRACE] : Updating the TimestampVectorInserting with the timestamp: user3:   11
29-10-2018 11:09:11:954 phase1 [TRACE] : Summary updated:
user0:   6
user2:   10
user1:   6
user4:   10
user3:   11

29-10-2018 11:09:11:954 phase1 [TRACE] : Inserting into Log the operation: AddOperation [recipe=[yjcaeuhb, Content--yjcaeuhb, user1], timestamp=user1:   7]
29-10-2018 11:09:11:954 phase1 [TRACE] : Log updated:
AddOperation [recipe=[ftyqqryp, Content--ftyqqryp, user0], timestamp=user0:   0]
AddOperation [recipe=[vgrxismv, Content--vgrxismv, user2], timestamp=user2:   0]
AddOperation [recipe=[mrtsccko, Content--mrtsccko, user1], timestamp=user1:   0]
AddOperation [recipe=[mtxhcsxk, Content--mtxhcsxk, user4], timestamp=user4:   0]
AddOperation [recipe=[naenayif, Content--naenayif, user3], timestamp=user3:   0]

29-10-2018 11:09:11:954 phase1 [TRACE] : Updating the TimestampVectorInserting with the timestamp: user1:   7
29-10-2018 11:09:11:954 phase1 [TRACE] : Summary updated:
user0:   6
user2:   10
user1:   7
user4:   10
user3:   11

29-10-2018 11:09:11:954 phase1 [TRACE] : Inserting into Log the operation: AddOperation [recipe=[roppuwew, Content--roppuwew, user4], timestamp=user4:   11]
29-10-2018 11:09:11:955 phase1 [TRACE] : Log updated:
AddOperation [recipe=[ftyqqryp, Content--ftyqqryp, user0], timestamp=user0:   0]
AddOperation [recipe=[vgrxismv, Content--vgrxismv, user2], timestamp=user2:   0]
AddOperation [recipe=[mrtsccko, Content--mrtsccko, user1], timestamp=user1:   0]
AddOperation [recipe=[mtxhcsxk, Content--mtxhcsxk, user4], timestamp=user4:   0]
AddOperation [recipe=[naenayif, Content--naenayif, user3], timestamp=user3:   0]

29-10-2018 11:09:11:955 phase1 [TRACE] : Updating the TimestampVectorInserting with the timestamp: user4:   11
29-10-2018 11:09:11:955 phase1 [TRACE] : Summary updated:
user0:   6
user2:   10
user1:   7
user4:   11
user3:   11

29-10-2018 11:09:11:955 phase1 [INFO] : Log:
AddOperation [recipe=[ftyqqryp, Content--ftyqqryp, user0], timestamp=user0:   0]
AddOperation [recipe=[vgrxismv, Content--vgrxismv, user2], timestamp=user2:   0]
AddOperation [recipe=[mrtsccko, Content--mrtsccko, user1], timestamp=user1:   0]
AddOperation [recipe=[mtxhcsxk, Content--mtxhcsxk, user4], timestamp=user4:   0]
AddOperation [recipe=[naenayif, Content--naenayif, user3], timestamp=user3:   0]

29-10-2018 11:09:11:955 phase1 [INFO] : Summary:
user0:   6
user2:   10
user1:   7
user4:   11
user3:   11

