23-10-2018 16:10:24:119 phase1 [INFO] : List of users: [user0, user1, user2, user3, user4]
23-10-2018 16:10:24:147 phase1 [INFO] : List of operations:
[AddOperation [recipe=[ftyqqryp, Content--ftyqqryp, user0], timestamp=user0:   0], AddOperation [recipe=[vgrxismv, Content--vgrxismv, user2], timestamp=user2:   0], AddOperation [recipe=[mrtsccko, Content--mrtsccko, user1], timestamp=user1:   0], AddOperation [recipe=[mtxhcsxk, Content--mtxhcsxk, user4], timestamp=user4:   0], AddOperation [recipe=[igutjmas, Content--igutjmas, user2], timestamp=user2:   1], AddOperation [recipe=[enwxuoaq, Content--enwxuoaq, user2], timestamp=user2:   2], AddOperation [recipe=[naenayif, Content--naenayif, user3], timestamp=user3:   0], AddOperation [recipe=[paqhlrar, Content--paqhlrar, user3], timestamp=user3:   1], AddOperation [recipe=[guimxcvn, Content--guimxcvn, user4], timestamp=user4:   1], AddOperation [recipe=[brqcmawf, Content--brqcmawf, user3], timestamp=user3:   2], AddOperation [recipe=[wvfvcioe, Content--wvfvcioe, user0], timestamp=user0:   1], AddOperation [recipe=[jdpmsrot, Content--jdpmsrot, user4], timestamp=user4:   2], AddOperation [recipe=[bycjuiap, Content--bycjuiap, user2], timestamp=user2:   3], AddOperation [recipe=[prrrbyyq, Content--prrrbyyq, user4], timestamp=user4:   3], AddOperation [recipe=[ayxlnxfj, Content--ayxlnxfj, user0], timestamp=user0:   2], AddOperation [recipe=[fbybqmkf, Content--fbybqmkf, user1], timestamp=user1:   1], AddOperation [recipe=[clibbrbl, Content--clibbrbl, user2], timestamp=user2:   4], AddOperation [recipe=[qycxccpi, Content--qycxccpi, user1], timestamp=user1:   2], AddOperation [recipe=[jeqkicvn, Content--jeqkicvn, user0], timestamp=user0:   3], AddOperation [recipe=[gsktxxsh, Content--gsktxxsh, user1], timestamp=user1:   3], AddOperation [recipe=[nhmswiev, Content--nhmswiev, user4], timestamp=user4:   4], AddOperation [recipe=[gjtvehkq, Content--gjtvehkq, user0], timestamp=user0:   4], AddOperation [recipe=[rlretsfx, Content--rlretsfx, user2], timestamp=user2:   5], AddOperation [recipe=[hnsfjsrm, Content--hnsfjsrm, user0], timestamp=user0:   5], AddOperation [recipe=[dtuaotah, Content--dtuaotah, user4], timestamp=user4:   5], AddOperation [recipe=[vqkrfrdd, Content--vqkrfrdd, user2], timestamp=user2:   6], AddOperation [recipe=[hlvdoryn, Content--hlvdoryn, user1], timestamp=user1:   4], AddOperation [recipe=[srhvddam, Content--srhvddam, user2], timestamp=user2:   7], AddOperation [recipe=[jfyqttss, Content--jfyqttss, user4], timestamp=user4:   6], AddOperation [recipe=[tustxmqr, Content--tustxmqr, user0], timestamp=user0:   6], AddOperation [recipe=[vribeukc, Content--vribeukc, user3], timestamp=user3:   3], AddOperation [recipe=[xakmtotn, Content--xakmtotn, user4], timestamp=user4:   7], AddOperation [recipe=[skotncrs, Content--skotncrs, user2], timestamp=user2:   8], AddOperation [recipe=[tluqowex, Content--tluqowex, user2], timestamp=user2:   9], AddOperation [recipe=[lupjjovh, Content--lupjjovh, user3], timestamp=user3:   4], AddOperation [recipe=[qbmyxmeo, Content--qbmyxmeo, user3], timestamp=user3:   5], AddOperation [recipe=[ooqduvgv, Content--ooqduvgv, user4], timestamp=user4:   8], AddOperation [recipe=[hauelsfc, Content--hauelsfc, user1], timestamp=user1:   5], AddOperation [recipe=[jvuacyfw, Content--jvuacyfw, user3], timestamp=user3:   6], AddOperation [recipe=[kpetxjqi, Content--kpetxjqi, user1], timestamp=user1:   6], AddOperation [recipe=[fdfyucma, Content--fdfyucma, user2], timestamp=user2:   10], AddOperation [recipe=[lvckthrq, Content--lvckthrq, user4], timestamp=user4:   9], AddOperation [recipe=[booxoevo, Content--booxoevo, user3], timestamp=user3:   7], AddOperation [recipe=[pytljyec, Content--pytljyec, user4], timestamp=user4:   10], AddOperation [recipe=[cefxgrfy, Content--cefxgrfy, user3], timestamp=user3:   8], AddOperation [recipe=[nikvppdg, Content--nikvppdg, user3], timestamp=user3:   9], AddOperation [recipe=[phmfgbsu, Content--phmfgbsu, user3], timestamp=user3:   10], AddOperation [recipe=[fewjqkrh, Content--fewjqkrh, user3], timestamp=user3:   11], AddOperation [recipe=[yjcaeuhb, Content--yjcaeuhb, user1], timestamp=user1:   7], AddOperation [recipe=[roppuwew, Content--roppuwew, user4], timestamp=user4:   11]]
23-10-2018 16:10:24:151 phase1 [TRACE] : Inserting into Log the operation: AddOperation [recipe=[ftyqqryp, Content--ftyqqryp, user0], timestamp=user0:   0]
23-10-2018 16:10:24:152 phase1 [TRACE] : Log updated:

23-10-2018 16:10:24:153 phase1 [TRACE] : Updating the TimestampVectorInserting with the timestamp: user0:   0
23-10-2018 16:10:24:153 phase1 [TRACE] : Summary updated:
user0:   -1000
user2:   -1000
user1:   -1000
user4:   -1000
user3:   -1000

23-10-2018 16:10:24:154 phase1 [TRACE] : Inserting into Log the operation: AddOperation [recipe=[vgrxismv, Content--vgrxismv, user2], timestamp=user2:   0]
23-10-2018 16:10:24:154 phase1 [TRACE] : Log updated:

23-10-2018 16:10:24:154 phase1 [TRACE] : Updating the TimestampVectorInserting with the timestamp: user2:   0
23-10-2018 16:10:24:155 phase1 [TRACE] : Summary updated:
user0:   -1000
user2:   -1000
user1:   -1000
user4:   -1000
user3:   -1000

23-10-2018 16:10:24:155 phase1 [TRACE] : Inserting into Log the operation: AddOperation [recipe=[mrtsccko, Content--mrtsccko, user1], timestamp=user1:   0]
23-10-2018 16:10:24:156 phase1 [TRACE] : Log updated:

23-10-2018 16:10:24:156 phase1 [TRACE] : Updating the TimestampVectorInserting with the timestamp: user1:   0
23-10-2018 16:10:24:157 phase1 [TRACE] : Summary updated:
user0:   -1000
user2:   -1000
user1:   -1000
user4:   -1000
user3:   -1000

23-10-2018 16:10:24:157 phase1 [TRACE] : Inserting into Log the operation: AddOperation [recipe=[mtxhcsxk, Content--mtxhcsxk, user4], timestamp=user4:   0]
23-10-2018 16:10:24:157 phase1 [TRACE] : Log updated:

23-10-2018 16:10:24:158 phase1 [TRACE] : Updating the TimestampVectorInserting with the timestamp: user4:   0
23-10-2018 16:10:24:158 phase1 [TRACE] : Summary updated:
user0:   -1000
user2:   -1000
user1:   -1000
user4:   -1000
user3:   -1000

23-10-2018 16:10:24:158 phase1 [TRACE] : Inserting into Log the operation: AddOperation [recipe=[igutjmas, Content--igutjmas, user2], timestamp=user2:   1]
23-10-2018 16:10:24:159 phase1 [TRACE] : Log updated:

23-10-2018 16:10:24:159 phase1 [TRACE] : Updating the TimestampVectorInserting with the timestamp: user2:   1
23-10-2018 16:10:24:159 phase1 [TRACE] : Summary updated:
user0:   -1000
user2:   -1000
user1:   -1000
user4:   -1000
user3:   -1000

23-10-2018 16:10:24:160 phase1 [TRACE] : Inserting into Log the operation: AddOperation [recipe=[enwxuoaq, Content--enwxuoaq, user2], timestamp=user2:   2]
23-10-2018 16:10:24:160 phase1 [TRACE] : Log updated:

23-10-2018 16:10:24:160 phase1 [TRACE] : Updating the TimestampVectorInserting with the timestamp: user2:   2
23-10-2018 16:10:24:161 phase1 [TRACE] : Summary updated:
user0:   -1000
user2:   -1000
user1:   -1000
user4:   -1000
user3:   -1000

23-10-2018 16:10:24:163 phase1 [TRACE] : Inserting into Log the operation: AddOperation [recipe=[naenayif, Content--naenayif, user3], timestamp=user3:   0]
23-10-2018 16:10:24:165 phase1 [TRACE] : Log updated:

23-10-2018 16:10:24:165 phase1 [TRACE] : Updating the TimestampVectorInserting with the timestamp: user3:   0
23-10-2018 16:10:24:166 phase1 [TRACE] : Summary updated:
user0:   -1000
user2:   -1000
user1:   -1000
user4:   -1000
user3:   -1000

23-10-2018 16:10:24:166 phase1 [TRACE] : Inserting into Log the operation: AddOperation [recipe=[paqhlrar, Content--paqhlrar, user3], timestamp=user3:   1]
23-10-2018 16:10:24:166 phase1 [TRACE] : Log updated:

23-10-2018 16:10:24:166 phase1 [TRACE] : Updating the TimestampVectorInserting with the timestamp: user3:   1
23-10-2018 16:10:24:167 phase1 [TRACE] : Summary updated:
user0:   -1000
user2:   -1000
user1:   -1000
user4:   -1000
user3:   -1000

23-10-2018 16:10:24:167 phase1 [TRACE] : Inserting into Log the operation: AddOperation [recipe=[guimxcvn, Content--guimxcvn, user4], timestamp=user4:   1]
23-10-2018 16:10:24:167 phase1 [TRACE] : Log updated:

23-10-2018 16:10:24:168 phase1 [TRACE] : Updating the TimestampVectorInserting with the timestamp: user4:   1
23-10-2018 16:10:24:169 phase1 [TRACE] : Summary updated:
user0:   -1000
user2:   -1000
user1:   -1000
user4:   -1000
user3:   -1000

23-10-2018 16:10:24:169 phase1 [TRACE] : Inserting into Log the operation: AddOperation [recipe=[brqcmawf, Content--brqcmawf, user3], timestamp=user3:   2]
23-10-2018 16:10:24:169 phase1 [TRACE] : Log updated:

23-10-2018 16:10:24:169 phase1 [TRACE] : Updating the TimestampVectorInserting with the timestamp: user3:   2
23-10-2018 16:10:24:170 phase1 [TRACE] : Summary updated:
user0:   -1000
user2:   -1000
user1:   -1000
user4:   -1000
user3:   -1000

23-10-2018 16:10:24:170 phase1 [TRACE] : Inserting into Log the operation: AddOperation [recipe=[wvfvcioe, Content--wvfvcioe, user0], timestamp=user0:   1]
23-10-2018 16:10:24:171 phase1 [TRACE] : Log updated:

23-10-2018 16:10:24:171 phase1 [TRACE] : Updating the TimestampVectorInserting with the timestamp: user0:   1
23-10-2018 16:10:24:171 phase1 [TRACE] : Summary updated:
user0:   -1000
user2:   -1000
user1:   -1000
user4:   -1000
user3:   -1000

23-10-2018 16:10:24:172 phase1 [TRACE] : Inserting into Log the operation: AddOperation [recipe=[jdpmsrot, Content--jdpmsrot, user4], timestamp=user4:   2]
23-10-2018 16:10:24:172 phase1 [TRACE] : Log updated:

23-10-2018 16:10:24:172 phase1 [TRACE] : Updating the TimestampVectorInserting with the timestamp: user4:   2
23-10-2018 16:10:24:173 phase1 [TRACE] : Summary updated:
user0:   -1000
user2:   -1000
user1:   -1000
user4:   -1000
user3:   -1000

23-10-2018 16:10:24:173 phase1 [TRACE] : Inserting into Log the operation: AddOperation [recipe=[bycjuiap, Content--bycjuiap, user2], timestamp=user2:   3]
23-10-2018 16:10:24:173 phase1 [TRACE] : Log updated:

23-10-2018 16:10:24:174 phase1 [TRACE] : Updating the TimestampVectorInserting with the timestamp: user2:   3
23-10-2018 16:10:24:174 phase1 [TRACE] : Summary updated:
user0:   -1000
user2:   -1000
user1:   -1000
user4:   -1000
user3:   -1000

23-10-2018 16:10:24:174 phase1 [TRACE] : Inserting into Log the operation: AddOperation [recipe=[prrrbyyq, Content--prrrbyyq, user4], timestamp=user4:   3]
23-10-2018 16:10:24:175 phase1 [TRACE] : Log updated:

23-10-2018 16:10:24:175 phase1 [TRACE] : Updating the TimestampVectorInserting with the timestamp: user4:   3
23-10-2018 16:10:24:175 phase1 [TRACE] : Summary updated:
user0:   -1000
user2:   -1000
user1:   -1000
user4:   -1000
user3:   -1000

23-10-2018 16:10:24:175 phase1 [TRACE] : Inserting into Log the operation: AddOperation [recipe=[ayxlnxfj, Content--ayxlnxfj, user0], timestamp=user0:   2]
23-10-2018 16:10:24:176 phase1 [TRACE] : Log updated:

23-10-2018 16:10:24:176 phase1 [TRACE] : Updating the TimestampVectorInserting with the timestamp: user0:   2
23-10-2018 16:10:24:176 phase1 [TRACE] : Summary updated:
user0:   -1000
user2:   -1000
user1:   -1000
user4:   -1000
user3:   -1000

23-10-2018 16:10:24:177 phase1 [TRACE] : Inserting into Log the operation: AddOperation [recipe=[fbybqmkf, Content--fbybqmkf, user1], timestamp=user1:   1]
23-10-2018 16:10:24:181 phase1 [TRACE] : Log updated:

23-10-2018 16:10:24:182 phase1 [TRACE] : Updating the TimestampVectorInserting with the timestamp: user1:   1
23-10-2018 16:10:24:182 phase1 [TRACE] : Summary updated:
user0:   -1000
user2:   -1000
user1:   -1000
user4:   -1000
user3:   -1000

23-10-2018 16:10:24:183 phase1 [TRACE] : Inserting into Log the operation: AddOperation [recipe=[clibbrbl, Content--clibbrbl, user2], timestamp=user2:   4]
23-10-2018 16:10:24:184 phase1 [TRACE] : Log updated:

23-10-2018 16:10:24:184 phase1 [TRACE] : Updating the TimestampVectorInserting with the timestamp: user2:   4
23-10-2018 16:10:24:184 phase1 [TRACE] : Summary updated:
user0:   -1000
user2:   -1000
user1:   -1000
user4:   -1000
user3:   -1000

23-10-2018 16:10:24:185 phase1 [TRACE] : Inserting into Log the operation: AddOperation [recipe=[qycxccpi, Content--qycxccpi, user1], timestamp=user1:   2]
23-10-2018 16:10:24:185 phase1 [TRACE] : Log updated:

23-10-2018 16:10:24:185 phase1 [TRACE] : Updating the TimestampVectorInserting with the timestamp: user1:   2
23-10-2018 16:10:24:186 phase1 [TRACE] : Summary updated:
user0:   -1000
user2:   -1000
user1:   -1000
user4:   -1000
user3:   -1000

23-10-2018 16:10:24:186 phase1 [TRACE] : Inserting into Log the operation: AddOperation [recipe=[jeqkicvn, Content--jeqkicvn, user0], timestamp=user0:   3]
23-10-2018 16:10:24:186 phase1 [TRACE] : Log updated:

23-10-2018 16:10:24:187 phase1 [TRACE] : Updating the TimestampVectorInserting with the timestamp: user0:   3
23-10-2018 16:10:24:187 phase1 [TRACE] : Summary updated:
user0:   -1000
user2:   -1000
user1:   -1000
user4:   -1000
user3:   -1000

23-10-2018 16:10:24:187 phase1 [TRACE] : Inserting into Log the operation: AddOperation [recipe=[gsktxxsh, Content--gsktxxsh, user1], timestamp=user1:   3]
23-10-2018 16:10:24:188 phase1 [TRACE] : Log updated:

23-10-2018 16:10:24:188 phase1 [TRACE] : Updating the TimestampVectorInserting with the timestamp: user1:   3
23-10-2018 16:10:24:188 phase1 [TRACE] : Summary updated:
user0:   -1000
user2:   -1000
user1:   -1000
user4:   -1000
user3:   -1000

23-10-2018 16:10:24:189 phase1 [TRACE] : Inserting into Log the operation: AddOperation [recipe=[nhmswiev, Content--nhmswiev, user4], timestamp=user4:   4]
23-10-2018 16:10:24:189 phase1 [TRACE] : Log updated:

23-10-2018 16:10:24:189 phase1 [TRACE] : Updating the TimestampVectorInserting with the timestamp: user4:   4
23-10-2018 16:10:24:190 phase1 [TRACE] : Summary updated:
user0:   -1000
user2:   -1000
user1:   -1000
user4:   -1000
user3:   -1000

23-10-2018 16:10:24:190 phase1 [TRACE] : Inserting into Log the operation: AddOperation [recipe=[gjtvehkq, Content--gjtvehkq, user0], timestamp=user0:   4]
23-10-2018 16:10:24:190 phase1 [TRACE] : Log updated:

23-10-2018 16:10:24:191 phase1 [TRACE] : Updating the TimestampVectorInserting with the timestamp: user0:   4
23-10-2018 16:10:24:191 phase1 [TRACE] : Summary updated:
user0:   -1000
user2:   -1000
user1:   -1000
user4:   -1000
user3:   -1000

23-10-2018 16:10:24:191 phase1 [TRACE] : Inserting into Log the operation: AddOperation [recipe=[rlretsfx, Content--rlretsfx, user2], timestamp=user2:   5]
23-10-2018 16:10:24:192 phase1 [TRACE] : Log updated:

23-10-2018 16:10:24:192 phase1 [TRACE] : Updating the TimestampVectorInserting with the timestamp: user2:   5
23-10-2018 16:10:24:192 phase1 [TRACE] : Summary updated:
user0:   -1000
user2:   -1000
user1:   -1000
user4:   -1000
user3:   -1000

23-10-2018 16:10:24:193 phase1 [TRACE] : Inserting into Log the operation: AddOperation [recipe=[hnsfjsrm, Content--hnsfjsrm, user0], timestamp=user0:   5]
23-10-2018 16:10:24:193 phase1 [TRACE] : Log updated:

23-10-2018 16:10:24:193 phase1 [TRACE] : Updating the TimestampVectorInserting with the timestamp: user0:   5
23-10-2018 16:10:24:194 phase1 [TRACE] : Summary updated:
user0:   -1000
user2:   -1000
user1:   -1000
user4:   -1000
user3:   -1000

23-10-2018 16:10:24:194 phase1 [TRACE] : Inserting into Log the operation: AddOperation [recipe=[dtuaotah, Content--dtuaotah, user4], timestamp=user4:   5]
23-10-2018 16:10:24:194 phase1 [TRACE] : Log updated:

23-10-2018 16:10:24:195 phase1 [TRACE] : Updating the TimestampVectorInserting with the timestamp: user4:   5
23-10-2018 16:10:24:195 phase1 [TRACE] : Summary updated:
user0:   -1000
user2:   -1000
user1:   -1000
user4:   -1000
user3:   -1000

23-10-2018 16:10:24:195 phase1 [TRACE] : Inserting into Log the operation: AddOperation [recipe=[vqkrfrdd, Content--vqkrfrdd, user2], timestamp=user2:   6]
23-10-2018 16:10:24:196 phase1 [TRACE] : Log updated:

23-10-2018 16:10:24:196 phase1 [TRACE] : Updating the TimestampVectorInserting with the timestamp: user2:   6
23-10-2018 16:10:24:196 phase1 [TRACE] : Summary updated:
user0:   -1000
user2:   -1000
user1:   -1000
user4:   -1000
user3:   -1000

23-10-2018 16:10:24:197 phase1 [TRACE] : Inserting into Log the operation: AddOperation [recipe=[hlvdoryn, Content--hlvdoryn, user1], timestamp=user1:   4]
23-10-2018 16:10:24:197 phase1 [TRACE] : Log updated:

23-10-2018 16:10:24:198 phase1 [TRACE] : Updating the TimestampVectorInserting with the timestamp: user1:   4
23-10-2018 16:10:24:199 phase1 [TRACE] : Summary updated:
user0:   -1000
user2:   -1000
user1:   -1000
user4:   -1000
user3:   -1000

23-10-2018 16:10:24:199 phase1 [TRACE] : Inserting into Log the operation: AddOperation [recipe=[srhvddam, Content--srhvddam, user2], timestamp=user2:   7]
23-10-2018 16:10:24:199 phase1 [TRACE] : Log updated:

23-10-2018 16:10:24:199 phase1 [TRACE] : Updating the TimestampVectorInserting with the timestamp: user2:   7
23-10-2018 16:10:24:200 phase1 [TRACE] : Summary updated:
user0:   -1000
user2:   -1000
user1:   -1000
user4:   -1000
user3:   -1000

23-10-2018 16:10:24:200 phase1 [TRACE] : Inserting into Log the operation: AddOperation [recipe=[jfyqttss, Content--jfyqttss, user4], timestamp=user4:   6]
23-10-2018 16:10:24:200 phase1 [TRACE] : Log updated:

23-10-2018 16:10:24:200 phase1 [TRACE] : Updating the TimestampVectorInserting with the timestamp: user4:   6
23-10-2018 16:10:24:201 phase1 [TRACE] : Summary updated:
user0:   -1000
user2:   -1000
user1:   -1000
user4:   -1000
user3:   -1000

23-10-2018 16:10:24:203 phase1 [TRACE] : Inserting into Log the operation: AddOperation [recipe=[tustxmqr, Content--tustxmqr, user0], timestamp=user0:   6]
23-10-2018 16:10:24:203 phase1 [TRACE] : Log updated:

23-10-2018 16:10:24:204 phase1 [TRACE] : Updating the TimestampVectorInserting with the timestamp: user0:   6
23-10-2018 16:10:24:204 phase1 [TRACE] : Summary updated:
user0:   -1000
user2:   -1000
user1:   -1000
user4:   -1000
user3:   -1000

23-10-2018 16:10:24:204 phase1 [TRACE] : Inserting into Log the operation: AddOperation [recipe=[vribeukc, Content--vribeukc, user3], timestamp=user3:   3]
23-10-2018 16:10:24:204 phase1 [TRACE] : Log updated:

23-10-2018 16:10:24:205 phase1 [TRACE] : Updating the TimestampVectorInserting with the timestamp: user3:   3
23-10-2018 16:10:24:205 phase1 [TRACE] : Summary updated:
user0:   -1000
user2:   -1000
user1:   -1000
user4:   -1000
user3:   -1000

23-10-2018 16:10:24:205 phase1 [TRACE] : Inserting into Log the operation: AddOperation [recipe=[xakmtotn, Content--xakmtotn, user4], timestamp=user4:   7]
23-10-2018 16:10:24:205 phase1 [TRACE] : Log updated:

23-10-2018 16:10:24:206 phase1 [TRACE] : Updating the TimestampVectorInserting with the timestamp: user4:   7
23-10-2018 16:10:24:206 phase1 [TRACE] : Summary updated:
user0:   -1000
user2:   -1000
user1:   -1000
user4:   -1000
user3:   -1000

23-10-2018 16:10:24:206 phase1 [TRACE] : Inserting into Log the operation: AddOperation [recipe=[skotncrs, Content--skotncrs, user2], timestamp=user2:   8]
23-10-2018 16:10:24:207 phase1 [TRACE] : Log updated:

23-10-2018 16:10:24:207 phase1 [TRACE] : Updating the TimestampVectorInserting with the timestamp: user2:   8
23-10-2018 16:10:24:207 phase1 [TRACE] : Summary updated:
user0:   -1000
user2:   -1000
user1:   -1000
user4:   -1000
user3:   -1000

23-10-2018 16:10:24:207 phase1 [TRACE] : Inserting into Log the operation: AddOperation [recipe=[tluqowex, Content--tluqowex, user2], timestamp=user2:   9]
23-10-2018 16:10:24:208 phase1 [TRACE] : Log updated:

23-10-2018 16:10:24:208 phase1 [TRACE] : Updating the TimestampVectorInserting with the timestamp: user2:   9
23-10-2018 16:10:24:208 phase1 [TRACE] : Summary updated:
user0:   -1000
user2:   -1000
user1:   -1000
user4:   -1000
user3:   -1000

23-10-2018 16:10:24:208 phase1 [TRACE] : Inserting into Log the operation: AddOperation [recipe=[lupjjovh, Content--lupjjovh, user3], timestamp=user3:   4]
23-10-2018 16:10:24:209 phase1 [TRACE] : Log updated:

23-10-2018 16:10:24:209 phase1 [TRACE] : Updating the TimestampVectorInserting with the timestamp: user3:   4
23-10-2018 16:10:24:209 phase1 [TRACE] : Summary updated:
user0:   -1000
user2:   -1000
user1:   -1000
user4:   -1000
user3:   -1000

23-10-2018 16:10:24:209 phase1 [TRACE] : Inserting into Log the operation: AddOperation [recipe=[qbmyxmeo, Content--qbmyxmeo, user3], timestamp=user3:   5]
23-10-2018 16:10:24:210 phase1 [TRACE] : Log updated:

23-10-2018 16:10:24:210 phase1 [TRACE] : Updating the TimestampVectorInserting with the timestamp: user3:   5
23-10-2018 16:10:24:211 phase1 [TRACE] : Summary updated:
user0:   -1000
user2:   -1000
user1:   -1000
user4:   -1000
user3:   -1000

23-10-2018 16:10:24:211 phase1 [TRACE] : Inserting into Log the operation: AddOperation [recipe=[ooqduvgv, Content--ooqduvgv, user4], timestamp=user4:   8]
23-10-2018 16:10:24:211 phase1 [TRACE] : Log updated:

23-10-2018 16:10:24:211 phase1 [TRACE] : Updating the TimestampVectorInserting with the timestamp: user4:   8
23-10-2018 16:10:24:212 phase1 [TRACE] : Summary updated:
user0:   -1000
user2:   -1000
user1:   -1000
user4:   -1000
user3:   -1000

23-10-2018 16:10:24:212 phase1 [TRACE] : Inserting into Log the operation: AddOperation [recipe=[hauelsfc, Content--hauelsfc, user1], timestamp=user1:   5]
23-10-2018 16:10:24:212 phase1 [TRACE] : Log updated:

23-10-2018 16:10:24:213 phase1 [TRACE] : Updating the TimestampVectorInserting with the timestamp: user1:   5
23-10-2018 16:10:24:213 phase1 [TRACE] : Summary updated:
user0:   -1000
user2:   -1000
user1:   -1000
user4:   -1000
user3:   -1000

23-10-2018 16:10:24:213 phase1 [TRACE] : Inserting into Log the operation: AddOperation [recipe=[jvuacyfw, Content--jvuacyfw, user3], timestamp=user3:   6]
23-10-2018 16:10:24:214 phase1 [TRACE] : Log updated:

23-10-2018 16:10:24:214 phase1 [TRACE] : Updating the TimestampVectorInserting with the timestamp: user3:   6
23-10-2018 16:10:24:215 phase1 [TRACE] : Summary updated:
user0:   -1000
user2:   -1000
user1:   -1000
user4:   -1000
user3:   -1000

23-10-2018 16:10:24:215 phase1 [TRACE] : Inserting into Log the operation: AddOperation [recipe=[kpetxjqi, Content--kpetxjqi, user1], timestamp=user1:   6]
23-10-2018 16:10:24:215 phase1 [TRACE] : Log updated:

23-10-2018 16:10:24:215 phase1 [TRACE] : Updating the TimestampVectorInserting with the timestamp: user1:   6
23-10-2018 16:10:24:216 phase1 [TRACE] : Summary updated:
user0:   -1000
user2:   -1000
user1:   -1000
user4:   -1000
user3:   -1000

23-10-2018 16:10:24:216 phase1 [TRACE] : Inserting into Log the operation: AddOperation [recipe=[fdfyucma, Content--fdfyucma, user2], timestamp=user2:   10]
23-10-2018 16:10:24:225 phase1 [TRACE] : Log updated:

23-10-2018 16:10:24:226 phase1 [TRACE] : Updating the TimestampVectorInserting with the timestamp: user2:   10
23-10-2018 16:10:24:226 phase1 [TRACE] : Summary updated:
user0:   -1000
user2:   -1000
user1:   -1000
user4:   -1000
user3:   -1000

23-10-2018 16:10:24:227 phase1 [TRACE] : Inserting into Log the operation: AddOperation [recipe=[lvckthrq, Content--lvckthrq, user4], timestamp=user4:   9]
23-10-2018 16:10:24:227 phase1 [TRACE] : Log updated:

23-10-2018 16:10:24:227 phase1 [TRACE] : Updating the TimestampVectorInserting with the timestamp: user4:   9
23-10-2018 16:10:24:227 phase1 [TRACE] : Summary updated:
user0:   -1000
user2:   -1000
user1:   -1000
user4:   -1000
user3:   -1000

23-10-2018 16:10:24:228 phase1 [TRACE] : Inserting into Log the operation: AddOperation [recipe=[booxoevo, Content--booxoevo, user3], timestamp=user3:   7]
23-10-2018 16:10:24:228 phase1 [TRACE] : Log updated:

23-10-2018 16:10:24:242 phase1 [TRACE] : Updating the TimestampVectorInserting with the timestamp: user3:   7
23-10-2018 16:10:24:243 phase1 [TRACE] : Summary updated:
user0:   -1000
user2:   -1000
user1:   -1000
user4:   -1000
user3:   -1000

23-10-2018 16:10:24:243 phase1 [TRACE] : Inserting into Log the operation: AddOperation [recipe=[pytljyec, Content--pytljyec, user4], timestamp=user4:   10]
23-10-2018 16:10:24:243 phase1 [TRACE] : Log updated:

23-10-2018 16:10:24:243 phase1 [TRACE] : Updating the TimestampVectorInserting with the timestamp: user4:   10
23-10-2018 16:10:24:243 phase1 [TRACE] : Summary updated:
user0:   -1000
user2:   -1000
user1:   -1000
user4:   -1000
user3:   -1000

23-10-2018 16:10:24:244 phase1 [TRACE] : Inserting into Log the operation: AddOperation [recipe=[cefxgrfy, Content--cefxgrfy, user3], timestamp=user3:   8]
23-10-2018 16:10:24:244 phase1 [TRACE] : Log updated:

23-10-2018 16:10:24:244 phase1 [TRACE] : Updating the TimestampVectorInserting with the timestamp: user3:   8
23-10-2018 16:10:24:244 phase1 [TRACE] : Summary updated:
user0:   -1000
user2:   -1000
user1:   -1000
user4:   -1000
user3:   -1000

23-10-2018 16:10:24:244 phase1 [TRACE] : Inserting into Log the operation: AddOperation [recipe=[nikvppdg, Content--nikvppdg, user3], timestamp=user3:   9]
23-10-2018 16:10:24:244 phase1 [TRACE] : Log updated:

23-10-2018 16:10:24:248 phase1 [TRACE] : Updating the TimestampVectorInserting with the timestamp: user3:   9
23-10-2018 16:10:24:249 phase1 [TRACE] : Summary updated:
user0:   -1000
user2:   -1000
user1:   -1000
user4:   -1000
user3:   -1000

23-10-2018 16:10:24:251 phase1 [TRACE] : Inserting into Log the operation: AddOperation [recipe=[phmfgbsu, Content--phmfgbsu, user3], timestamp=user3:   10]
23-10-2018 16:10:24:251 phase1 [TRACE] : Log updated:

23-10-2018 16:10:24:251 phase1 [TRACE] : Updating the TimestampVectorInserting with the timestamp: user3:   10
23-10-2018 16:10:24:251 phase1 [TRACE] : Summary updated:
user0:   -1000
user2:   -1000
user1:   -1000
user4:   -1000
user3:   -1000

23-10-2018 16:10:24:251 phase1 [TRACE] : Inserting into Log the operation: AddOperation [recipe=[fewjqkrh, Content--fewjqkrh, user3], timestamp=user3:   11]
23-10-2018 16:10:24:252 phase1 [TRACE] : Log updated:

23-10-2018 16:10:24:252 phase1 [TRACE] : Updating the TimestampVectorInserting with the timestamp: user3:   11
23-10-2018 16:10:24:252 phase1 [TRACE] : Summary updated:
user0:   -1000
user2:   -1000
user1:   -1000
user4:   -1000
user3:   -1000

23-10-2018 16:10:24:252 phase1 [TRACE] : Inserting into Log the operation: AddOperation [recipe=[yjcaeuhb, Content--yjcaeuhb, user1], timestamp=user1:   7]
23-10-2018 16:10:24:253 phase1 [TRACE] : Log updated:

23-10-2018 16:10:24:257 phase1 [TRACE] : Updating the TimestampVectorInserting with the timestamp: user1:   7
23-10-2018 16:10:24:258 phase1 [TRACE] : Summary updated:
user0:   -1000
user2:   -1000
user1:   -1000
user4:   -1000
user3:   -1000

23-10-2018 16:10:24:258 phase1 [TRACE] : Inserting into Log the operation: AddOperation [recipe=[roppuwew, Content--roppuwew, user4], timestamp=user4:   11]
23-10-2018 16:10:24:258 phase1 [TRACE] : Log updated:

23-10-2018 16:10:24:258 phase1 [TRACE] : Updating the TimestampVectorInserting with the timestamp: user4:   11
23-10-2018 16:10:24:259 phase1 [TRACE] : Summary updated:
user0:   -1000
user2:   -1000
user1:   -1000
user4:   -1000
user3:   -1000

23-10-2018 16:10:24:259 phase1 [INFO] : Log:

23-10-2018 16:10:24:259 phase1 [INFO] : Summary:
user0:   -1000
user2:   -1000
user1:   -1000
user4:   -1000
user3:   -1000

