29-10-2018 11:09:01:652 phase1 [INFO] : List of users: [user0, user1, user2, user3, user4]
29-10-2018 11:09:01:674 phase1 [INFO] : List of operations:
[AddOperation [recipe=[ftyqqryp, Content--ftyqqryp, user0], timestamp=user0:   0], AddOperation [recipe=[vgrxismv, Content--vgrxismv, user2], timestamp=user2:   0], AddOperation [recipe=[mrtsccko, Content--mrtsccko, user1], timestamp=user1:   0], AddOperation [recipe=[mtxhcsxk, Content--mtxhcsxk, user4], timestamp=user4:   0], AddOperation [recipe=[igutjmas, Content--igutjmas, user2], timestamp=user2:   1], AddOperation [recipe=[enwxuoaq, Content--enwxuoaq, user2], timestamp=user2:   2], AddOperation [recipe=[naenayif, Content--naenayif, user3], timestamp=user3:   0], AddOperation [recipe=[paqhlrar, Content--paqhlrar, user3], timestamp=user3:   1], AddOperation [recipe=[guimxcvn, Content--guimxcvn, user4], timestamp=user4:   1], AddOperation [recipe=[brqcmawf, Content--brqcmawf, user3], timestamp=user3:   2], AddOperation [recipe=[wvfvcioe, Content--wvfvcioe, user0], timestamp=user0:   1], AddOperation [recipe=[jdpmsrot, Content--jdpmsrot, user4], timestamp=user4:   2], AddOperation [recipe=[bycjuiap, Content--bycjuiap, user2], timestamp=user2:   3], AddOperation [recipe=[prrrbyyq, Content--prrrbyyq, user4], timestamp=user4:   3], AddOperation [recipe=[ayxlnxfj, Content--ayxlnxfj, user0], timestamp=user0:   2], AddOperation [recipe=[fbybqmkf, Content--fbybqmkf, user1], timestamp=user1:   1], AddOperation [recipe=[clibbrbl, Content--clibbrbl, user2], timestamp=user2:   4], AddOperation [recipe=[qycxccpi, Content--qycxccpi, user1], timestamp=user1:   2], AddOperation [recipe=[jeqkicvn, Content--jeqkicvn, user0], timestamp=user0:   3], AddOperation [recipe=[gsktxxsh, Content--gsktxxsh, user1], timestamp=user1:   3], AddOperation [recipe=[nhmswiev, Content--nhmswiev, user4], timestamp=user4:   4], AddOperation [recipe=[gjtvehkq, Content--gjtvehkq, user0], timestamp=user0:   4], AddOperation [recipe=[rlretsfx, Content--rlretsfx, user2], timestamp=user2:   5], AddOperation [recipe=[hnsfjsrm, Content--hnsfjsrm, user0], timestamp=user0:   5], AddOperation [recipe=[dtuaotah, Content--dtuaotah, user4], timestamp=user4:   5], AddOperation [recipe=[vqkrfrdd, Content--vqkrfrdd, user2], timestamp=user2:   6], AddOperation [recipe=[hlvdoryn, Content--hlvdoryn, user1], timestamp=user1:   4], AddOperation [recipe=[srhvddam, Content--srhvddam, user2], timestamp=user2:   7], AddOperation [recipe=[jfyqttss, Content--jfyqttss, user4], timestamp=user4:   6], AddOperation [recipe=[tustxmqr, Content--tustxmqr, user0], timestamp=user0:   6], AddOperation [recipe=[vribeukc, Content--vribeukc, user3], timestamp=user3:   3], AddOperation [recipe=[xakmtotn, Content--xakmtotn, user4], timestamp=user4:   7], AddOperation [recipe=[skotncrs, Content--skotncrs, user2], timestamp=user2:   8], AddOperation [recipe=[tluqowex, Content--tluqowex, user2], timestamp=user2:   9], AddOperation [recipe=[lupjjovh, Content--lupjjovh, user3], timestamp=user3:   4], AddOperation [recipe=[qbmyxmeo, Content--qbmyxmeo, user3], timestamp=user3:   5], AddOperation [recipe=[ooqduvgv, Content--ooqduvgv, user4], timestamp=user4:   8], AddOperation [recipe=[hauelsfc, Content--hauelsfc, user1], timestamp=user1:   5], AddOperation [recipe=[jvuacyfw, Content--jvuacyfw, user3], timestamp=user3:   6], AddOperation [recipe=[kpetxjqi, Content--kpetxjqi, user1], timestamp=user1:   6], AddOperation [recipe=[fdfyucma, Content--fdfyucma, user2], timestamp=user2:   10], AddOperation [recipe=[lvckthrq, Content--lvckthrq, user4], timestamp=user4:   9], AddOperation [recipe=[booxoevo, Content--booxoevo, user3], timestamp=user3:   7], AddOperation [recipe=[pytljyec, Content--pytljyec, user4], timestamp=user4:   10], AddOperation [recipe=[cefxgrfy, Content--cefxgrfy, user3], timestamp=user3:   8], AddOperation [recipe=[nikvppdg, Content--nikvppdg, user3], timestamp=user3:   9], AddOperation [recipe=[phmfgbsu, Content--phmfgbsu, user3], timestamp=user3:   10], AddOperation [recipe=[fewjqkrh, Content--fewjqkrh, user3], timestamp=user3:   11], AddOperation [recipe=[yjcaeuhb, Content--yjcaeuhb, user1], timestamp=user1:   7], AddOperation [recipe=[roppuwew, Content--roppuwew, user4], timestamp=user4:   11]]
29-10-2018 11:09:01:683 phase1 [TRACE] : Inserting into Log the operation: AddOperation [recipe=[ftyqqryp, Content--ftyqqryp, user0], timestamp=user0:   0]
29-10-2018 11:09:01:684 phase1 [TRACE] : Log updated:
AddOperation [recipe=[ftyqqryp, Content--ftyqqryp, user0], timestamp=user0:   0]

29-10-2018 11:09:01:684 phase1 [TRACE] : Updating the TimestampVectorInserting with the timestamp: user0:   0
29-10-2018 11:09:01:688 phase1 [TRACE] : Summary updated:
user0:   0
user2:   -1000
user1:   -1000
user4:   -1000
user3:   -1000

29-10-2018 11:09:01:691 phase1 [TRACE] : Inserting into Log the operation: AddOperation [recipe=[vgrxismv, Content--vgrxismv, user2], timestamp=user2:   0]
29-10-2018 11:09:01:691 phase1 [TRACE] : Log updated:
AddOperation [recipe=[ftyqqryp, Content--ftyqqryp, user0], timestamp=user0:   0]
AddOperation [recipe=[vgrxismv, Content--vgrxismv, user2], timestamp=user2:   0]

29-10-2018 11:09:01:691 phase1 [TRACE] : Updating the TimestampVectorInserting with the timestamp: user2:   0
29-10-2018 11:09:01:694 phase1 [TRACE] : Summary updated:
user0:   0
user2:   0
user1:   -1000
user4:   -1000
user3:   -1000

29-10-2018 11:09:01:695 phase1 [TRACE] : Inserting into Log the operation: AddOperation [recipe=[mrtsccko, Content--mrtsccko, user1], timestamp=user1:   0]
29-10-2018 11:09:01:696 phase1 [TRACE] : Log updated:
AddOperation [recipe=[ftyqqryp, Content--ftyqqryp, user0], timestamp=user0:   0]
AddOperation [recipe=[vgrxismv, Content--vgrxismv, user2], timestamp=user2:   0]
AddOperation [recipe=[mrtsccko, Content--mrtsccko, user1], timestamp=user1:   0]

29-10-2018 11:09:01:697 phase1 [TRACE] : Updating the TimestampVectorInserting with the timestamp: user1:   0
29-10-2018 11:09:01:698 phase1 [TRACE] : Summary updated:
user0:   0
user2:   0
user1:   0
user4:   -1000
user3:   -1000

29-10-2018 11:09:01:698 phase1 [TRACE] : Inserting into Log the operation: AddOperation [recipe=[mtxhcsxk, Content--mtxhcsxk, user4], timestamp=user4:   0]
29-10-2018 11:09:01:699 phase1 [TRACE] : Log updated:
AddOperation [recipe=[ftyqqryp, Content--ftyqqryp, user0], timestamp=user0:   0]
AddOperation [recipe=[vgrxismv, Content--vgrxismv, user2], timestamp=user2:   0]
AddOperation [recipe=[mrtsccko, Content--mrtsccko, user1], timestamp=user1:   0]
AddOperation [recipe=[mtxhcsxk, Content--mtxhcsxk, user4], timestamp=user4:   0]

29-10-2018 11:09:01:699 phase1 [TRACE] : Updating the TimestampVectorInserting with the timestamp: user4:   0
29-10-2018 11:09:01:699 phase1 [TRACE] : Summary updated:
user0:   0
user2:   0
user1:   0
user4:   0
user3:   -1000

29-10-2018 11:09:01:699 phase1 [TRACE] : Inserting into Log the operation: AddOperation [recipe=[igutjmas, Content--igutjmas, user2], timestamp=user2:   1]
29-10-2018 11:09:01:700 phase1 [TRACE] : Log updated:
AddOperation [recipe=[ftyqqryp, Content--ftyqqryp, user0], timestamp=user0:   0]
AddOperation [recipe=[vgrxismv, Content--vgrxismv, user2], timestamp=user2:   0]
AddOperation [recipe=[mrtsccko, Content--mrtsccko, user1], timestamp=user1:   0]
AddOperation [recipe=[mtxhcsxk, Content--mtxhcsxk, user4], timestamp=user4:   0]

29-10-2018 11:09:01:700 phase1 [TRACE] : Updating the TimestampVectorInserting with the timestamp: user2:   1
29-10-2018 11:09:01:701 phase1 [TRACE] : Summary updated:
user0:   0
user2:   1
user1:   0
user4:   0
user3:   -1000

29-10-2018 11:09:01:701 phase1 [TRACE] : Inserting into Log the operation: AddOperation [recipe=[enwxuoaq, Content--enwxuoaq, user2], timestamp=user2:   2]
29-10-2018 11:09:01:701 phase1 [TRACE] : Log updated:
AddOperation [recipe=[ftyqqryp, Content--ftyqqryp, user0], timestamp=user0:   0]
AddOperation [recipe=[vgrxismv, Content--vgrxismv, user2], timestamp=user2:   0]
AddOperation [recipe=[mrtsccko, Content--mrtsccko, user1], timestamp=user1:   0]
AddOperation [recipe=[mtxhcsxk, Content--mtxhcsxk, user4], timestamp=user4:   0]

29-10-2018 11:09:01:702 phase1 [TRACE] : Updating the TimestampVectorInserting with the timestamp: user2:   2
29-10-2018 11:09:01:702 phase1 [TRACE] : Summary updated:
user0:   0
user2:   2
user1:   0
user4:   0
user3:   -1000

29-10-2018 11:09:01:703 phase1 [TRACE] : Inserting into Log the operation: AddOperation [recipe=[naenayif, Content--naenayif, user3], timestamp=user3:   0]
29-10-2018 11:09:01:703 phase1 [TRACE] : Log updated:
AddOperation [recipe=[ftyqqryp, Content--ftyqqryp, user0], timestamp=user0:   0]
AddOperation [recipe=[vgrxismv, Content--vgrxismv, user2], timestamp=user2:   0]
AddOperation [recipe=[mrtsccko, Content--mrtsccko, user1], timestamp=user1:   0]
AddOperation [recipe=[mtxhcsxk, Content--mtxhcsxk, user4], timestamp=user4:   0]
AddOperation [recipe=[naenayif, Content--naenayif, user3], timestamp=user3:   0]

29-10-2018 11:09:01:704 phase1 [TRACE] : Updating the TimestampVectorInserting with the timestamp: user3:   0
29-10-2018 11:09:01:704 phase1 [TRACE] : Summary updated:
user0:   0
user2:   2
user1:   0
user4:   0
user3:   0

29-10-2018 11:09:01:704 phase1 [TRACE] : Inserting into Log the operation: AddOperation [recipe=[paqhlrar, Content--paqhlrar, user3], timestamp=user3:   1]
29-10-2018 11:09:01:705 phase1 [TRACE] : Log updated:
AddOperation [recipe=[ftyqqryp, Content--ftyqqryp, user0], timestamp=user0:   0]
AddOperation [recipe=[vgrxismv, Content--vgrxismv, user2], timestamp=user2:   0]
AddOperation [recipe=[mrtsccko, Content--mrtsccko, user1], timestamp=user1:   0]
AddOperation [recipe=[mtxhcsxk, Content--mtxhcsxk, user4], timestamp=user4:   0]
AddOperation [recipe=[naenayif, Content--naenayif, user3], timestamp=user3:   0]

29-10-2018 11:09:01:705 phase1 [TRACE] : Updating the TimestampVectorInserting with the timestamp: user3:   1
29-10-2018 11:09:01:706 phase1 [TRACE] : Summary updated:
user0:   0
user2:   2
user1:   0
user4:   0
user3:   1

29-10-2018 11:09:01:706 phase1 [TRACE] : Inserting into Log the operation: AddOperation [recipe=[guimxcvn, Content--guimxcvn, user4], timestamp=user4:   1]
29-10-2018 11:09:01:706 phase1 [TRACE] : Log updated:
AddOperation [recipe=[ftyqqryp, Content--ftyqqryp, user0], timestamp=user0:   0]
AddOperation [recipe=[vgrxismv, Content--vgrxismv, user2], timestamp=user2:   0]
AddOperation [recipe=[mrtsccko, Content--mrtsccko, user1], timestamp=user1:   0]
AddOperation [recipe=[mtxhcsxk, Content--mtxhcsxk, user4], timestamp=user4:   0]
AddOperation [recipe=[naenayif, Content--naenayif, user3], timestamp=user3:   0]

29-10-2018 11:09:01:707 phase1 [TRACE] : Updating the TimestampVectorInserting with the timestamp: user4:   1
29-10-2018 11:09:01:708 phase1 [TRACE] : Summary updated:
user0:   0
user2:   2
user1:   0
user4:   1
user3:   1

29-10-2018 11:09:01:708 phase1 [TRACE] : Inserting into Log the operation: AddOperation [recipe=[brqcmawf, Content--brqcmawf, user3], timestamp=user3:   2]
29-10-2018 11:09:01:708 phase1 [TRACE] : Log updated:
AddOperation [recipe=[ftyqqryp, Content--ftyqqryp, user0], timestamp=user0:   0]
AddOperation [recipe=[vgrxismv, Content--vgrxismv, user2], timestamp=user2:   0]
AddOperation [recipe=[mrtsccko, Content--mrtsccko, user1], timestamp=user1:   0]
AddOperation [recipe=[mtxhcsxk, Content--mtxhcsxk, user4], timestamp=user4:   0]
AddOperation [recipe=[naenayif, Content--naenayif, user3], timestamp=user3:   0]

29-10-2018 11:09:01:709 phase1 [TRACE] : Updating the TimestampVectorInserting with the timestamp: user3:   2
29-10-2018 11:09:01:709 phase1 [TRACE] : Summary updated:
user0:   0
user2:   2
user1:   0
user4:   1
user3:   2

29-10-2018 11:09:01:709 phase1 [TRACE] : Inserting into Log the operation: AddOperation [recipe=[wvfvcioe, Content--wvfvcioe, user0], timestamp=user0:   1]
29-10-2018 11:09:01:710 phase1 [TRACE] : Log updated:
AddOperation [recipe=[ftyqqryp, Content--ftyqqryp, user0], timestamp=user0:   0]
AddOperation [recipe=[vgrxismv, Content--vgrxismv, user2], timestamp=user2:   0]
AddOperation [recipe=[mrtsccko, Content--mrtsccko, user1], timestamp=user1:   0]
AddOperation [recipe=[mtxhcsxk, Content--mtxhcsxk, user4], timestamp=user4:   0]
AddOperation [recipe=[naenayif, Content--naenayif, user3], timestamp=user3:   0]

29-10-2018 11:09:01:710 phase1 [TRACE] : Updating the TimestampVectorInserting with the timestamp: user0:   1
29-10-2018 11:09:01:711 phase1 [TRACE] : Summary updated:
user0:   1
user2:   2
user1:   0
user4:   1
user3:   2

29-10-2018 11:09:01:711 phase1 [TRACE] : Inserting into Log the operation: AddOperation [recipe=[jdpmsrot, Content--jdpmsrot, user4], timestamp=user4:   2]
29-10-2018 11:09:01:712 phase1 [TRACE] : Log updated:
AddOperation [recipe=[ftyqqryp, Content--ftyqqryp, user0], timestamp=user0:   0]
AddOperation [recipe=[vgrxismv, Content--vgrxismv, user2], timestamp=user2:   0]
AddOperation [recipe=[mrtsccko, Content--mrtsccko, user1], timestamp=user1:   0]
AddOperation [recipe=[mtxhcsxk, Content--mtxhcsxk, user4], timestamp=user4:   0]
AddOperation [recipe=[naenayif, Content--naenayif, user3], timestamp=user3:   0]

29-10-2018 11:09:01:712 phase1 [TRACE] : Updating the TimestampVectorInserting with the timestamp: user4:   2
29-10-2018 11:09:01:713 phase1 [TRACE] : Summary updated:
user0:   1
user2:   2
user1:   0
user4:   2
user3:   2

29-10-2018 11:09:01:713 phase1 [TRACE] : Inserting into Log the operation: AddOperation [recipe=[bycjuiap, Content--bycjuiap, user2], timestamp=user2:   3]
29-10-2018 11:09:01:713 phase1 [TRACE] : Log updated:
AddOperation [recipe=[ftyqqryp, Content--ftyqqryp, user0], timestamp=user0:   0]
AddOperation [recipe=[vgrxismv, Content--vgrxismv, user2], timestamp=user2:   0]
AddOperation [recipe=[mrtsccko, Content--mrtsccko, user1], timestamp=user1:   0]
AddOperation [recipe=[mtxhcsxk, Content--mtxhcsxk, user4], timestamp=user4:   0]
AddOperation [recipe=[naenayif, Content--naenayif, user3], timestamp=user3:   0]

29-10-2018 11:09:01:714 phase1 [TRACE] : Updating the TimestampVectorInserting with the timestamp: user2:   3
29-10-2018 11:09:01:714 phase1 [TRACE] : Summary updated:
user0:   1
user2:   3
user1:   0
user4:   2
user3:   2

29-10-2018 11:09:01:714 phase1 [TRACE] : Inserting into Log the operation: AddOperation [recipe=[prrrbyyq, Content--prrrbyyq, user4], timestamp=user4:   3]
29-10-2018 11:09:01:715 phase1 [TRACE] : Log updated:
AddOperation [recipe=[ftyqqryp, Content--ftyqqryp, user0], timestamp=user0:   0]
AddOperation [recipe=[vgrxismv, Content--vgrxismv, user2], timestamp=user2:   0]
AddOperation [recipe=[mrtsccko, Content--mrtsccko, user1], timestamp=user1:   0]
AddOperation [recipe=[mtxhcsxk, Content--mtxhcsxk, user4], timestamp=user4:   0]
AddOperation [recipe=[naenayif, Content--naenayif, user3], timestamp=user3:   0]

29-10-2018 11:09:01:715 phase1 [TRACE] : Updating the TimestampVectorInserting with the timestamp: user4:   3
29-10-2018 11:09:01:715 phase1 [TRACE] : Summary updated:
user0:   1
user2:   3
user1:   0
user4:   3
user3:   2

29-10-2018 11:09:01:715 phase1 [TRACE] : Inserting into Log the operation: AddOperation [recipe=[ayxlnxfj, Content--ayxlnxfj, user0], timestamp=user0:   2]
29-10-2018 11:09:01:716 phase1 [TRACE] : Log updated:
AddOperation [recipe=[ftyqqryp, Content--ftyqqryp, user0], timestamp=user0:   0]
AddOperation [recipe=[vgrxismv, Content--vgrxismv, user2], timestamp=user2:   0]
AddOperation [recipe=[mrtsccko, Content--mrtsccko, user1], timestamp=user1:   0]
AddOperation [recipe=[mtxhcsxk, Content--mtxhcsxk, user4], timestamp=user4:   0]
AddOperation [recipe=[naenayif, Content--naenayif, user3], timestamp=user3:   0]

29-10-2018 11:09:01:716 phase1 [TRACE] : Updating the TimestampVectorInserting with the timestamp: user0:   2
29-10-2018 11:09:01:716 phase1 [TRACE] : Summary updated:
user0:   2
user2:   3
user1:   0
user4:   3
user3:   2

29-10-2018 11:09:01:717 phase1 [TRACE] : Inserting into Log the operation: AddOperation [recipe=[fbybqmkf, Content--fbybqmkf, user1], timestamp=user1:   1]
29-10-2018 11:09:01:721 phase1 [TRACE] : Log updated:
AddOperation [recipe=[ftyqqryp, Content--ftyqqryp, user0], timestamp=user0:   0]
AddOperation [recipe=[vgrxismv, Content--vgrxismv, user2], timestamp=user2:   0]
AddOperation [recipe=[mrtsccko, Content--mrtsccko, user1], timestamp=user1:   0]
AddOperation [recipe=[mtxhcsxk, Content--mtxhcsxk, user4], timestamp=user4:   0]
AddOperation [recipe=[naenayif, Content--naenayif, user3], timestamp=user3:   0]

29-10-2018 11:09:01:721 phase1 [TRACE] : Updating the TimestampVectorInserting with the timestamp: user1:   1
29-10-2018 11:09:01:722 phase1 [TRACE] : Summary updated:
user0:   2
user2:   3
user1:   1
user4:   3
user3:   2

29-10-2018 11:09:01:722 phase1 [TRACE] : Inserting into Log the operation: AddOperation [recipe=[clibbrbl, Content--clibbrbl, user2], timestamp=user2:   4]
29-10-2018 11:09:01:722 phase1 [TRACE] : Log updated:
AddOperation [recipe=[ftyqqryp, Content--ftyqqryp, user0], timestamp=user0:   0]
AddOperation [recipe=[vgrxismv, Content--vgrxismv, user2], timestamp=user2:   0]
AddOperation [recipe=[mrtsccko, Content--mrtsccko, user1], timestamp=user1:   0]
AddOperation [recipe=[mtxhcsxk, Content--mtxhcsxk, user4], timestamp=user4:   0]
AddOperation [recipe=[naenayif, Content--naenayif, user3], timestamp=user3:   0]

29-10-2018 11:09:01:723 phase1 [TRACE] : Updating the TimestampVectorInserting with the timestamp: user2:   4
29-10-2018 11:09:01:723 phase1 [TRACE] : Summary updated:
user0:   2
user2:   4
user1:   1
user4:   3
user3:   2

29-10-2018 11:09:01:724 phase1 [TRACE] : Inserting into Log the operation: AddOperation [recipe=[qycxccpi, Content--qycxccpi, user1], timestamp=user1:   2]
29-10-2018 11:09:01:725 phase1 [TRACE] : Log updated:
AddOperation [recipe=[ftyqqryp, Content--ftyqqryp, user0], timestamp=user0:   0]
AddOperation [recipe=[vgrxismv, Content--vgrxismv, user2], timestamp=user2:   0]
AddOperation [recipe=[mrtsccko, Content--mrtsccko, user1], timestamp=user1:   0]
AddOperation [recipe=[mtxhcsxk, Content--mtxhcsxk, user4], timestamp=user4:   0]
AddOperation [recipe=[naenayif, Content--naenayif, user3], timestamp=user3:   0]

29-10-2018 11:09:01:725 phase1 [TRACE] : Updating the TimestampVectorInserting with the timestamp: user1:   2
29-10-2018 11:09:01:725 phase1 [TRACE] : Summary updated:
user0:   2
user2:   4
user1:   2
user4:   3
user3:   2

29-10-2018 11:09:01:726 phase1 [TRACE] : Inserting into Log the operation: AddOperation [recipe=[jeqkicvn, Content--jeqkicvn, user0], timestamp=user0:   3]
29-10-2018 11:09:01:726 phase1 [TRACE] : Log updated:
AddOperation [recipe=[ftyqqryp, Content--ftyqqryp, user0], timestamp=user0:   0]
AddOperation [recipe=[vgrxismv, Content--vgrxismv, user2], timestamp=user2:   0]
AddOperation [recipe=[mrtsccko, Content--mrtsccko, user1], timestamp=user1:   0]
AddOperation [recipe=[mtxhcsxk, Content--mtxhcsxk, user4], timestamp=user4:   0]
AddOperation [recipe=[naenayif, Content--naenayif, user3], timestamp=user3:   0]

29-10-2018 11:09:01:726 phase1 [TRACE] : Updating the TimestampVectorInserting with the timestamp: user0:   3
29-10-2018 11:09:01:727 phase1 [TRACE] : Summary updated:
user0:   3
user2:   4
user1:   2
user4:   3
user3:   2

29-10-2018 11:09:01:727 phase1 [TRACE] : Inserting into Log the operation: AddOperation [recipe=[gsktxxsh, Content--gsktxxsh, user1], timestamp=user1:   3]
29-10-2018 11:09:01:728 phase1 [TRACE] : Log updated:
AddOperation [recipe=[ftyqqryp, Content--ftyqqryp, user0], timestamp=user0:   0]
AddOperation [recipe=[vgrxismv, Content--vgrxismv, user2], timestamp=user2:   0]
AddOperation [recipe=[mrtsccko, Content--mrtsccko, user1], timestamp=user1:   0]
AddOperation [recipe=[mtxhcsxk, Content--mtxhcsxk, user4], timestamp=user4:   0]
AddOperation [recipe=[naenayif, Content--naenayif, user3], timestamp=user3:   0]

29-10-2018 11:09:01:728 phase1 [TRACE] : Updating the TimestampVectorInserting with the timestamp: user1:   3
29-10-2018 11:09:01:728 phase1 [TRACE] : Summary updated:
user0:   3
user2:   4
user1:   3
user4:   3
user3:   2

29-10-2018 11:09:01:729 phase1 [TRACE] : Inserting into Log the operation: AddOperation [recipe=[nhmswiev, Content--nhmswiev, user4], timestamp=user4:   4]
29-10-2018 11:09:01:730 phase1 [TRACE] : Log updated:
AddOperation [recipe=[ftyqqryp, Content--ftyqqryp, user0], timestamp=user0:   0]
AddOperation [recipe=[vgrxismv, Content--vgrxismv, user2], timestamp=user2:   0]
AddOperation [recipe=[mrtsccko, Content--mrtsccko, user1], timestamp=user1:   0]
AddOperation [recipe=[mtxhcsxk, Content--mtxhcsxk, user4], timestamp=user4:   0]
AddOperation [recipe=[naenayif, Content--naenayif, user3], timestamp=user3:   0]

29-10-2018 11:09:01:730 phase1 [TRACE] : Updating the TimestampVectorInserting with the timestamp: user4:   4
29-10-2018 11:09:01:730 phase1 [TRACE] : Summary updated:
user0:   3
user2:   4
user1:   3
user4:   4
user3:   2

29-10-2018 11:09:01:731 phase1 [TRACE] : Inserting into Log the operation: AddOperation [recipe=[gjtvehkq, Content--gjtvehkq, user0], timestamp=user0:   4]
29-10-2018 11:09:01:731 phase1 [TRACE] : Log updated:
AddOperation [recipe=[ftyqqryp, Content--ftyqqryp, user0], timestamp=user0:   0]
AddOperation [recipe=[vgrxismv, Content--vgrxismv, user2], timestamp=user2:   0]
AddOperation [recipe=[mrtsccko, Content--mrtsccko, user1], timestamp=user1:   0]
AddOperation [recipe=[mtxhcsxk, Content--mtxhcsxk, user4], timestamp=user4:   0]
AddOperation [recipe=[naenayif, Content--naenayif, user3], timestamp=user3:   0]

29-10-2018 11:09:01:731 phase1 [TRACE] : Updating the TimestampVectorInserting with the timestamp: user0:   4
29-10-2018 11:09:01:732 phase1 [TRACE] : Summary updated:
user0:   4
user2:   4
user1:   3
user4:   4
user3:   2

29-10-2018 11:09:01:732 phase1 [TRACE] : Inserting into Log the operation: AddOperation [recipe=[rlretsfx, Content--rlretsfx, user2], timestamp=user2:   5]
29-10-2018 11:09:01:732 phase1 [TRACE] : Log updated:
AddOperation [recipe=[ftyqqryp, Content--ftyqqryp, user0], timestamp=user0:   0]
AddOperation [recipe=[vgrxismv, Content--vgrxismv, user2], timestamp=user2:   0]
AddOperation [recipe=[mrtsccko, Content--mrtsccko, user1], timestamp=user1:   0]
AddOperation [recipe=[mtxhcsxk, Content--mtxhcsxk, user4], timestamp=user4:   0]
AddOperation [recipe=[naenayif, Content--naenayif, user3], timestamp=user3:   0]

29-10-2018 11:09:01:732 phase1 [TRACE] : Updating the TimestampVectorInserting with the timestamp: user2:   5
29-10-2018 11:09:01:733 phase1 [TRACE] : Summary updated:
user0:   4
user2:   5
user1:   3
user4:   4
user3:   2

29-10-2018 11:09:01:733 phase1 [TRACE] : Inserting into Log the operation: AddOperation [recipe=[hnsfjsrm, Content--hnsfjsrm, user0], timestamp=user0:   5]
29-10-2018 11:09:01:734 phase1 [TRACE] : Log updated:
AddOperation [recipe=[ftyqqryp, Content--ftyqqryp, user0], timestamp=user0:   0]
AddOperation [recipe=[vgrxismv, Content--vgrxismv, user2], timestamp=user2:   0]
AddOperation [recipe=[mrtsccko, Content--mrtsccko, user1], timestamp=user1:   0]
AddOperation [recipe=[mtxhcsxk, Content--mtxhcsxk, user4], timestamp=user4:   0]
AddOperation [recipe=[naenayif, Content--naenayif, user3], timestamp=user3:   0]

29-10-2018 11:09:01:734 phase1 [TRACE] : Updating the TimestampVectorInserting with the timestamp: user0:   5
29-10-2018 11:09:01:734 phase1 [TRACE] : Summary updated:
user0:   5
user2:   5
user1:   3
user4:   4
user3:   2

29-10-2018 11:09:01:734 phase1 [TRACE] : Inserting into Log the operation: AddOperation [recipe=[dtuaotah, Content--dtuaotah, user4], timestamp=user4:   5]
29-10-2018 11:09:01:735 phase1 [TRACE] : Log updated:
AddOperation [recipe=[ftyqqryp, Content--ftyqqryp, user0], timestamp=user0:   0]
AddOperation [recipe=[vgrxismv, Content--vgrxismv, user2], timestamp=user2:   0]
AddOperation [recipe=[mrtsccko, Content--mrtsccko, user1], timestamp=user1:   0]
AddOperation [recipe=[mtxhcsxk, Content--mtxhcsxk, user4], timestamp=user4:   0]
AddOperation [recipe=[naenayif, Content--naenayif, user3], timestamp=user3:   0]

29-10-2018 11:09:01:735 phase1 [TRACE] : Updating the TimestampVectorInserting with the timestamp: user4:   5
29-10-2018 11:09:01:735 phase1 [TRACE] : Summary updated:
user0:   5
user2:   5
user1:   3
user4:   5
user3:   2

29-10-2018 11:09:01:736 phase1 [TRACE] : Inserting into Log the operation: AddOperation [recipe=[vqkrfrdd, Content--vqkrfrdd, user2], timestamp=user2:   6]
29-10-2018 11:09:01:736 phase1 [TRACE] : Log updated:
AddOperation [recipe=[ftyqqryp, Content--ftyqqryp, user0], timestamp=user0:   0]
AddOperation [recipe=[vgrxismv, Content--vgrxismv, user2], timestamp=user2:   0]
AddOperation [recipe=[mrtsccko, Content--mrtsccko, user1], timestamp=user1:   0]
AddOperation [recipe=[mtxhcsxk, Content--mtxhcsxk, user4], timestamp=user4:   0]
AddOperation [recipe=[naenayif, Content--naenayif, user3], timestamp=user3:   0]

29-10-2018 11:09:01:736 phase1 [TRACE] : Updating the TimestampVectorInserting with the timestamp: user2:   6
29-10-2018 11:09:01:737 phase1 [TRACE] : Summary updated:
user0:   5
user2:   6
user1:   3
user4:   5
user3:   2

29-10-2018 11:09:01:737 phase1 [TRACE] : Inserting into Log the operation: AddOperation [recipe=[hlvdoryn, Content--hlvdoryn, user1], timestamp=user1:   4]
29-10-2018 11:09:01:738 phase1 [TRACE] : Log updated:
AddOperation [recipe=[ftyqqryp, Content--ftyqqryp, user0], timestamp=user0:   0]
AddOperation [recipe=[vgrxismv, Content--vgrxismv, user2], timestamp=user2:   0]
AddOperation [recipe=[mrtsccko, Content--mrtsccko, user1], timestamp=user1:   0]
AddOperation [recipe=[mtxhcsxk, Content--mtxhcsxk, user4], timestamp=user4:   0]
AddOperation [recipe=[naenayif, Content--naenayif, user3], timestamp=user3:   0]

29-10-2018 11:09:01:739 phase1 [TRACE] : Updating the TimestampVectorInserting with the timestamp: user1:   4
29-10-2018 11:09:01:739 phase1 [TRACE] : Summary updated:
user0:   5
user2:   6
user1:   4
user4:   5
user3:   2

29-10-2018 11:09:01:740 phase1 [TRACE] : Inserting into Log the operation: AddOperation [recipe=[srhvddam, Content--srhvddam, user2], timestamp=user2:   7]
29-10-2018 11:09:01:740 phase1 [TRACE] : Log updated:
AddOperation [recipe=[ftyqqryp, Content--ftyqqryp, user0], timestamp=user0:   0]
AddOperation [recipe=[vgrxismv, Content--vgrxismv, user2], timestamp=user2:   0]
AddOperation [recipe=[mrtsccko, Content--mrtsccko, user1], timestamp=user1:   0]
AddOperation [recipe=[mtxhcsxk, Content--mtxhcsxk, user4], timestamp=user4:   0]
AddOperation [recipe=[naenayif, Content--naenayif, user3], timestamp=user3:   0]

29-10-2018 11:09:01:740 phase1 [TRACE] : Updating the TimestampVectorInserting with the timestamp: user2:   7
29-10-2018 11:09:01:740 phase1 [TRACE] : Summary updated:
user0:   5
user2:   7
user1:   4
user4:   5
user3:   2

29-10-2018 11:09:01:741 phase1 [TRACE] : Inserting into Log the operation: AddOperation [recipe=[jfyqttss, Content--jfyqttss, user4], timestamp=user4:   6]
29-10-2018 11:09:01:741 phase1 [TRACE] : Log updated:
AddOperation [recipe=[ftyqqryp, Content--ftyqqryp, user0], timestamp=user0:   0]
AddOperation [recipe=[vgrxismv, Content--vgrxismv, user2], timestamp=user2:   0]
AddOperation [recipe=[mrtsccko, Content--mrtsccko, user1], timestamp=user1:   0]
AddOperation [recipe=[mtxhcsxk, Content--mtxhcsxk, user4], timestamp=user4:   0]
AddOperation [recipe=[naenayif, Content--naenayif, user3], timestamp=user3:   0]

29-10-2018 11:09:01:741 phase1 [TRACE] : Updating the TimestampVectorInserting with the timestamp: user4:   6
29-10-2018 11:09:01:741 phase1 [TRACE] : Summary updated:
user0:   5
user2:   7
user1:   4
user4:   6
user3:   2

29-10-2018 11:09:01:744 phase1 [TRACE] : Inserting into Log the operation: AddOperation [recipe=[tustxmqr, Content--tustxmqr, user0], timestamp=user0:   6]
29-10-2018 11:09:01:744 phase1 [TRACE] : Log updated:
AddOperation [recipe=[ftyqqryp, Content--ftyqqryp, user0], timestamp=user0:   0]
AddOperation [recipe=[vgrxismv, Content--vgrxismv, user2], timestamp=user2:   0]
AddOperation [recipe=[mrtsccko, Content--mrtsccko, user1], timestamp=user1:   0]
AddOperation [recipe=[mtxhcsxk, Content--mtxhcsxk, user4], timestamp=user4:   0]
AddOperation [recipe=[naenayif, Content--naenayif, user3], timestamp=user3:   0]

29-10-2018 11:09:01:745 phase1 [TRACE] : Updating the TimestampVectorInserting with the timestamp: user0:   6
29-10-2018 11:09:01:745 phase1 [TRACE] : Summary updated:
user0:   6
user2:   7
user1:   4
user4:   6
user3:   2

29-10-2018 11:09:01:745 phase1 [TRACE] : Inserting into Log the operation: AddOperation [recipe=[vribeukc, Content--vribeukc, user3], timestamp=user3:   3]
29-10-2018 11:09:01:746 phase1 [TRACE] : Log updated:
AddOperation [recipe=[ftyqqryp, Content--ftyqqryp, user0], timestamp=user0:   0]
AddOperation [recipe=[vgrxismv, Content--vgrxismv, user2], timestamp=user2:   0]
AddOperation [recipe=[mrtsccko, Content--mrtsccko, user1], timestamp=user1:   0]
AddOperation [recipe=[mtxhcsxk, Content--mtxhcsxk, user4], timestamp=user4:   0]
AddOperation [recipe=[naenayif, Content--naenayif, user3], timestamp=user3:   0]

29-10-2018 11:09:01:746 phase1 [TRACE] : Updating the TimestampVectorInserting with the timestamp: user3:   3
29-10-2018 11:09:01:746 phase1 [TRACE] : Summary updated:
user0:   6
user2:   7
user1:   4
user4:   6
user3:   3

29-10-2018 11:09:01:752 phase1 [TRACE] : Inserting into Log the operation: AddOperation [recipe=[xakmtotn, Content--xakmtotn, user4], timestamp=user4:   7]
29-10-2018 11:09:01:753 phase1 [TRACE] : Log updated:
AddOperation [recipe=[ftyqqryp, Content--ftyqqryp, user0], timestamp=user0:   0]
AddOperation [recipe=[vgrxismv, Content--vgrxismv, user2], timestamp=user2:   0]
AddOperation [recipe=[mrtsccko, Content--mrtsccko, user1], timestamp=user1:   0]
AddOperation [recipe=[mtxhcsxk, Content--mtxhcsxk, user4], timestamp=user4:   0]
AddOperation [recipe=[naenayif, Content--naenayif, user3], timestamp=user3:   0]

29-10-2018 11:09:01:753 phase1 [TRACE] : Updating the TimestampVectorInserting with the timestamp: user4:   7
29-10-2018 11:09:01:753 phase1 [TRACE] : Summary updated:
user0:   6
user2:   7
user1:   4
user4:   7
user3:   3

29-10-2018 11:09:01:753 phase1 [TRACE] : Inserting into Log the operation: AddOperation [recipe=[skotncrs, Content--skotncrs, user2], timestamp=user2:   8]
29-10-2018 11:09:01:754 phase1 [TRACE] : Log updated:
AddOperation [recipe=[ftyqqryp, Content--ftyqqryp, user0], timestamp=user0:   0]
AddOperation [recipe=[vgrxismv, Content--vgrxismv, user2], timestamp=user2:   0]
AddOperation [recipe=[mrtsccko, Content--mrtsccko, user1], timestamp=user1:   0]
AddOperation [recipe=[mtxhcsxk, Content--mtxhcsxk, user4], timestamp=user4:   0]
AddOperation [recipe=[naenayif, Content--naenayif, user3], timestamp=user3:   0]

29-10-2018 11:09:01:754 phase1 [TRACE] : Updating the TimestampVectorInserting with the timestamp: user2:   8
29-10-2018 11:09:01:754 phase1 [TRACE] : Summary updated:
user0:   6
user2:   8
user1:   4
user4:   7
user3:   3

29-10-2018 11:09:01:754 phase1 [TRACE] : Inserting into Log the operation: AddOperation [recipe=[tluqowex, Content--tluqowex, user2], timestamp=user2:   9]
29-10-2018 11:09:01:754 phase1 [TRACE] : Log updated:
AddOperation [recipe=[ftyqqryp, Content--ftyqqryp, user0], timestamp=user0:   0]
AddOperation [recipe=[vgrxismv, Content--vgrxismv, user2], timestamp=user2:   0]
AddOperation [recipe=[mrtsccko, Content--mrtsccko, user1], timestamp=user1:   0]
AddOperation [recipe=[mtxhcsxk, Content--mtxhcsxk, user4], timestamp=user4:   0]
AddOperation [recipe=[naenayif, Content--naenayif, user3], timestamp=user3:   0]

29-10-2018 11:09:01:755 phase1 [TRACE] : Updating the TimestampVectorInserting with the timestamp: user2:   9
29-10-2018 11:09:01:755 phase1 [TRACE] : Summary updated:
user0:   6
user2:   9
user1:   4
user4:   7
user3:   3

29-10-2018 11:09:01:755 phase1 [TRACE] : Inserting into Log the operation: AddOperation [recipe=[lupjjovh, Content--lupjjovh, user3], timestamp=user3:   4]
29-10-2018 11:09:01:756 phase1 [TRACE] : Log updated:
AddOperation [recipe=[ftyqqryp, Content--ftyqqryp, user0], timestamp=user0:   0]
AddOperation [recipe=[vgrxismv, Content--vgrxismv, user2], timestamp=user2:   0]
AddOperation [recipe=[mrtsccko, Content--mrtsccko, user1], timestamp=user1:   0]
AddOperation [recipe=[mtxhcsxk, Content--mtxhcsxk, user4], timestamp=user4:   0]
AddOperation [recipe=[naenayif, Content--naenayif, user3], timestamp=user3:   0]

29-10-2018 11:09:01:756 phase1 [TRACE] : Updating the TimestampVectorInserting with the timestamp: user3:   4
29-10-2018 11:09:01:756 phase1 [TRACE] : Summary updated:
user0:   6
user2:   9
user1:   4
user4:   7
user3:   4

29-10-2018 11:09:01:756 phase1 [TRACE] : Inserting into Log the operation: AddOperation [recipe=[qbmyxmeo, Content--qbmyxmeo, user3], timestamp=user3:   5]
29-10-2018 11:09:01:757 phase1 [TRACE] : Log updated:
AddOperation [recipe=[ftyqqryp, Content--ftyqqryp, user0], timestamp=user0:   0]
AddOperation [recipe=[vgrxismv, Content--vgrxismv, user2], timestamp=user2:   0]
AddOperation [recipe=[mrtsccko, Content--mrtsccko, user1], timestamp=user1:   0]
AddOperation [recipe=[mtxhcsxk, Content--mtxhcsxk, user4], timestamp=user4:   0]
AddOperation [recipe=[naenayif, Content--naenayif, user3], timestamp=user3:   0]

29-10-2018 11:09:01:757 phase1 [TRACE] : Updating the TimestampVectorInserting with the timestamp: user3:   5
29-10-2018 11:09:01:758 phase1 [TRACE] : Summary updated:
user0:   6
user2:   9
user1:   4
user4:   7
user3:   5

29-10-2018 11:09:01:758 phase1 [TRACE] : Inserting into Log the operation: AddOperation [recipe=[ooqduvgv, Content--ooqduvgv, user4], timestamp=user4:   8]
29-10-2018 11:09:01:759 phase1 [TRACE] : Log updated:
AddOperation [recipe=[ftyqqryp, Content--ftyqqryp, user0], timestamp=user0:   0]
AddOperation [recipe=[vgrxismv, Content--vgrxismv, user2], timestamp=user2:   0]
AddOperation [recipe=[mrtsccko, Content--mrtsccko, user1], timestamp=user1:   0]
AddOperation [recipe=[mtxhcsxk, Content--mtxhcsxk, user4], timestamp=user4:   0]
AddOperation [recipe=[naenayif, Content--naenayif, user3], timestamp=user3:   0]

29-10-2018 11:09:01:759 phase1 [TRACE] : Updating the TimestampVectorInserting with the timestamp: user4:   8
29-10-2018 11:09:01:759 phase1 [TRACE] : Summary updated:
user0:   6
user2:   9
user1:   4
user4:   8
user3:   5

29-10-2018 11:09:01:760 phase1 [TRACE] : Inserting into Log the operation: AddOperation [recipe=[hauelsfc, Content--hauelsfc, user1], timestamp=user1:   5]
29-10-2018 11:09:01:760 phase1 [TRACE] : Log updated:
AddOperation [recipe=[ftyqqryp, Content--ftyqqryp, user0], timestamp=user0:   0]
AddOperation [recipe=[vgrxismv, Content--vgrxismv, user2], timestamp=user2:   0]
AddOperation [recipe=[mrtsccko, Content--mrtsccko, user1], timestamp=user1:   0]
AddOperation [recipe=[mtxhcsxk, Content--mtxhcsxk, user4], timestamp=user4:   0]
AddOperation [recipe=[naenayif, Content--naenayif, user3], timestamp=user3:   0]

29-10-2018 11:09:01:760 phase1 [TRACE] : Updating the TimestampVectorInserting with the timestamp: user1:   5
29-10-2018 11:09:01:760 phase1 [TRACE] : Summary updated:
user0:   6
user2:   9
user1:   5
user4:   8
user3:   5

29-10-2018 11:09:01:761 phase1 [TRACE] : Inserting into Log the operation: AddOperation [recipe=[jvuacyfw, Content--jvuacyfw, user3], timestamp=user3:   6]
29-10-2018 11:09:01:761 phase1 [TRACE] : Log updated:
AddOperation [recipe=[ftyqqryp, Content--ftyqqryp, user0], timestamp=user0:   0]
AddOperation [recipe=[vgrxismv, Content--vgrxismv, user2], timestamp=user2:   0]
AddOperation [recipe=[mrtsccko, Content--mrtsccko, user1], timestamp=user1:   0]
AddOperation [recipe=[mtxhcsxk, Content--mtxhcsxk, user4], timestamp=user4:   0]
AddOperation [recipe=[naenayif, Content--naenayif, user3], timestamp=user3:   0]

29-10-2018 11:09:01:761 phase1 [TRACE] : Updating the TimestampVectorInserting with the timestamp: user3:   6
29-10-2018 11:09:01:762 phase1 [TRACE] : Summary updated:
user0:   6
user2:   9
user1:   5
user4:   8
user3:   6

29-10-2018 11:09:01:762 phase1 [TRACE] : Inserting into Log the operation: AddOperation [recipe=[kpetxjqi, Content--kpetxjqi, user1], timestamp=user1:   6]
29-10-2018 11:09:01:763 phase1 [TRACE] : Log updated:
AddOperation [recipe=[ftyqqryp, Content--ftyqqryp, user0], timestamp=user0:   0]
AddOperation [recipe=[vgrxismv, Content--vgrxismv, user2], timestamp=user2:   0]
AddOperation [recipe=[mrtsccko, Content--mrtsccko, user1], timestamp=user1:   0]
AddOperation [recipe=[mtxhcsxk, Content--mtxhcsxk, user4], timestamp=user4:   0]
AddOperation [recipe=[naenayif, Content--naenayif, user3], timestamp=user3:   0]

29-10-2018 11:09:01:763 phase1 [TRACE] : Updating the TimestampVectorInserting with the timestamp: user1:   6
29-10-2018 11:09:01:763 phase1 [TRACE] : Summary updated:
user0:   6
user2:   9
user1:   6
user4:   8
user3:   6

29-10-2018 11:09:01:772 phase1 [TRACE] : Inserting into Log the operation: AddOperation [recipe=[fdfyucma, Content--fdfyucma, user2], timestamp=user2:   10]
29-10-2018 11:09:01:773 phase1 [TRACE] : Log updated:
AddOperation [recipe=[ftyqqryp, Content--ftyqqryp, user0], timestamp=user0:   0]
AddOperation [recipe=[vgrxismv, Content--vgrxismv, user2], timestamp=user2:   0]
AddOperation [recipe=[mrtsccko, Content--mrtsccko, user1], timestamp=user1:   0]
AddOperation [recipe=[mtxhcsxk, Content--mtxhcsxk, user4], timestamp=user4:   0]
AddOperation [recipe=[naenayif, Content--naenayif, user3], timestamp=user3:   0]

29-10-2018 11:09:01:773 phase1 [TRACE] : Updating the TimestampVectorInserting with the timestamp: user2:   10
29-10-2018 11:09:01:773 phase1 [TRACE] : Summary updated:
user0:   6
user2:   10
user1:   6
user4:   8
user3:   6

29-10-2018 11:09:01:774 phase1 [TRACE] : Inserting into Log the operation: AddOperation [recipe=[lvckthrq, Content--lvckthrq, user4], timestamp=user4:   9]
29-10-2018 11:09:01:774 phase1 [TRACE] : Log updated:
AddOperation [recipe=[ftyqqryp, Content--ftyqqryp, user0], timestamp=user0:   0]
AddOperation [recipe=[vgrxismv, Content--vgrxismv, user2], timestamp=user2:   0]
AddOperation [recipe=[mrtsccko, Content--mrtsccko, user1], timestamp=user1:   0]
AddOperation [recipe=[mtxhcsxk, Content--mtxhcsxk, user4], timestamp=user4:   0]
AddOperation [recipe=[naenayif, Content--naenayif, user3], timestamp=user3:   0]

29-10-2018 11:09:01:774 phase1 [TRACE] : Updating the TimestampVectorInserting with the timestamp: user4:   9
29-10-2018 11:09:01:774 phase1 [TRACE] : Summary updated:
user0:   6
user2:   10
user1:   6
user4:   9
user3:   6

29-10-2018 11:09:01:774 phase1 [TRACE] : Inserting into Log the operation: AddOperation [recipe=[booxoevo, Content--booxoevo, user3], timestamp=user3:   7]
29-10-2018 11:09:01:775 phase1 [TRACE] : Log updated:
AddOperation [recipe=[ftyqqryp, Content--ftyqqryp, user0], timestamp=user0:   0]
AddOperation [recipe=[vgrxismv, Content--vgrxismv, user2], timestamp=user2:   0]
AddOperation [recipe=[mrtsccko, Content--mrtsccko, user1], timestamp=user1:   0]
AddOperation [recipe=[mtxhcsxk, Content--mtxhcsxk, user4], timestamp=user4:   0]
AddOperation [recipe=[naenayif, Content--naenayif, user3], timestamp=user3:   0]

29-10-2018 11:09:01:775 phase1 [TRACE] : Updating the TimestampVectorInserting with the timestamp: user3:   7
29-10-2018 11:09:01:775 phase1 [TRACE] : Summary updated:
user0:   6
user2:   10
user1:   6
user4:   9
user3:   7

29-10-2018 11:09:01:775 phase1 [TRACE] : Inserting into Log the operation: AddOperation [recipe=[pytljyec, Content--pytljyec, user4], timestamp=user4:   10]
29-10-2018 11:09:01:775 phase1 [TRACE] : Log updated:
AddOperation [recipe=[ftyqqryp, Content--ftyqqryp, user0], timestamp=user0:   0]
AddOperation [recipe=[vgrxismv, Content--vgrxismv, user2], timestamp=user2:   0]
AddOperation [recipe=[mrtsccko, Content--mrtsccko, user1], timestamp=user1:   0]
AddOperation [recipe=[mtxhcsxk, Content--mtxhcsxk, user4], timestamp=user4:   0]
AddOperation [recipe=[naenayif, Content--naenayif, user3], timestamp=user3:   0]

29-10-2018 11:09:01:776 phase1 [TRACE] : Updating the TimestampVectorInserting with the timestamp: user4:   10
29-10-2018 11:09:01:776 phase1 [TRACE] : Summary updated:
user0:   6
user2:   10
user1:   6
user4:   10
user3:   7

29-10-2018 11:09:01:780 phase1 [TRACE] : Inserting into Log the operation: AddOperation [recipe=[cefxgrfy, Content--cefxgrfy, user3], timestamp=user3:   8]
29-10-2018 11:09:01:780 phase1 [TRACE] : Log updated:
AddOperation [recipe=[ftyqqryp, Content--ftyqqryp, user0], timestamp=user0:   0]
AddOperation [recipe=[vgrxismv, Content--vgrxismv, user2], timestamp=user2:   0]
AddOperation [recipe=[mrtsccko, Content--mrtsccko, user1], timestamp=user1:   0]
AddOperation [recipe=[mtxhcsxk, Content--mtxhcsxk, user4], timestamp=user4:   0]
AddOperation [recipe=[naenayif, Content--naenayif, user3], timestamp=user3:   0]

29-10-2018 11:09:01:780 phase1 [TRACE] : Updating the TimestampVectorInserting with the timestamp: user3:   8
29-10-2018 11:09:01:781 phase1 [TRACE] : Summary updated:
user0:   6
user2:   10
user1:   6
user4:   10
user3:   8

29-10-2018 11:09:01:781 phase1 [TRACE] : Inserting into Log the operation: AddOperation [recipe=[nikvppdg, Content--nikvppdg, user3], timestamp=user3:   9]
29-10-2018 11:09:01:781 phase1 [TRACE] : Log updated:
AddOperation [recipe=[ftyqqryp, Content--ftyqqryp, user0], timestamp=user0:   0]
AddOperation [recipe=[vgrxismv, Content--vgrxismv, user2], timestamp=user2:   0]
AddOperation [recipe=[mrtsccko, Content--mrtsccko, user1], timestamp=user1:   0]
AddOperation [recipe=[mtxhcsxk, Content--mtxhcsxk, user4], timestamp=user4:   0]
AddOperation [recipe=[naenayif, Content--naenayif, user3], timestamp=user3:   0]

29-10-2018 11:09:01:781 phase1 [TRACE] : Updating the TimestampVectorInserting with the timestamp: user3:   9
29-10-2018 11:09:01:782 phase1 [TRACE] : Summary updated:
user0:   6
user2:   10
user1:   6
user4:   10
user3:   9

29-10-2018 11:09:01:788 phase1 [TRACE] : Inserting into Log the operation: AddOperation [recipe=[phmfgbsu, Content--phmfgbsu, user3], timestamp=user3:   10]
29-10-2018 11:09:01:789 phase1 [TRACE] : Log updated:
AddOperation [recipe=[ftyqqryp, Content--ftyqqryp, user0], timestamp=user0:   0]
AddOperation [recipe=[vgrxismv, Content--vgrxismv, user2], timestamp=user2:   0]
AddOperation [recipe=[mrtsccko, Content--mrtsccko, user1], timestamp=user1:   0]
AddOperation [recipe=[mtxhcsxk, Content--mtxhcsxk, user4], timestamp=user4:   0]
AddOperation [recipe=[naenayif, Content--naenayif, user3], timestamp=user3:   0]

29-10-2018 11:09:01:789 phase1 [TRACE] : Updating the TimestampVectorInserting with the timestamp: user3:   10
29-10-2018 11:09:01:789 phase1 [TRACE] : Summary updated:
user0:   6
user2:   10
user1:   6
user4:   10
user3:   10

29-10-2018 11:09:01:789 phase1 [TRACE] : Inserting into Log the operation: AddOperation [recipe=[fewjqkrh, Content--fewjqkrh, user3], timestamp=user3:   11]
29-10-2018 11:09:01:790 phase1 [TRACE] : Log updated:
AddOperation [recipe=[ftyqqryp, Content--ftyqqryp, user0], timestamp=user0:   0]
AddOperation [recipe=[vgrxismv, Content--vgrxismv, user2], timestamp=user2:   0]
AddOperation [recipe=[mrtsccko, Content--mrtsccko, user1], timestamp=user1:   0]
AddOperation [recipe=[mtxhcsxk, Content--mtxhcsxk, user4], timestamp=user4:   0]
AddOperation [recipe=[naenayif, Content--naenayif, user3], timestamp=user3:   0]

29-10-2018 11:09:01:790 phase1 [TRACE] : Updating the TimestampVectorInserting with the timestamp: user3:   11
29-10-2018 11:09:01:790 phase1 [TRACE] : Summary updated:
user0:   6
user2:   10
user1:   6
user4:   10
user3:   11

29-10-2018 11:09:01:790 phase1 [TRACE] : Inserting into Log the operation: AddOperation [recipe=[yjcaeuhb, Content--yjcaeuhb, user1], timestamp=user1:   7]
29-10-2018 11:09:01:790 phase1 [TRACE] : Log updated:
AddOperation [recipe=[ftyqqryp, Content--ftyqqryp, user0], timestamp=user0:   0]
AddOperation [recipe=[vgrxismv, Content--vgrxismv, user2], timestamp=user2:   0]
AddOperation [recipe=[mrtsccko, Content--mrtsccko, user1], timestamp=user1:   0]
AddOperation [recipe=[mtxhcsxk, Content--mtxhcsxk, user4], timestamp=user4:   0]
AddOperation [recipe=[naenayif, Content--naenayif, user3], timestamp=user3:   0]

29-10-2018 11:09:01:791 phase1 [TRACE] : Updating the TimestampVectorInserting with the timestamp: user1:   7
29-10-2018 11:09:01:791 phase1 [TRACE] : Summary updated:
user0:   6
user2:   10
user1:   7
user4:   10
user3:   11

29-10-2018 11:09:01:791 phase1 [TRACE] : Inserting into Log the operation: AddOperation [recipe=[roppuwew, Content--roppuwew, user4], timestamp=user4:   11]
29-10-2018 11:09:01:791 phase1 [TRACE] : Log updated:
AddOperation [recipe=[ftyqqryp, Content--ftyqqryp, user0], timestamp=user0:   0]
AddOperation [recipe=[vgrxismv, Content--vgrxismv, user2], timestamp=user2:   0]
AddOperation [recipe=[mrtsccko, Content--mrtsccko, user1], timestamp=user1:   0]
AddOperation [recipe=[mtxhcsxk, Content--mtxhcsxk, user4], timestamp=user4:   0]
AddOperation [recipe=[naenayif, Content--naenayif, user3], timestamp=user3:   0]

29-10-2018 11:09:01:792 phase1 [TRACE] : Updating the TimestampVectorInserting with the timestamp: user4:   11
29-10-2018 11:09:01:792 phase1 [TRACE] : Summary updated:
user0:   6
user2:   10
user1:   7
user4:   11
user3:   11

29-10-2018 11:09:01:794 phase1 [INFO] : Log:
AddOperation [recipe=[ftyqqryp, Content--ftyqqryp, user0], timestamp=user0:   0]
AddOperation [recipe=[vgrxismv, Content--vgrxismv, user2], timestamp=user2:   0]
AddOperation [recipe=[mrtsccko, Content--mrtsccko, user1], timestamp=user1:   0]
AddOperation [recipe=[mtxhcsxk, Content--mtxhcsxk, user4], timestamp=user4:   0]
AddOperation [recipe=[naenayif, Content--naenayif, user3], timestamp=user3:   0]

29-10-2018 11:09:01:794 phase1 [INFO] : Summary:
user0:   6
user2:   10
user1:   7
user4:   11
user3:   11

