28-10-2018 10:01:55:247 phase1 [INFO] : List of users: [user0, user1, user2, user3, user4]
28-10-2018 10:01:55:270 phase1 [INFO] : List of operations:
[AddOperation [recipe=[ftyqqryp, Content--ftyqqryp, user0], timestamp=user0:   0], AddOperation [recipe=[vgrxismv, Content--vgrxismv, user2], timestamp=user2:   0], AddOperation [recipe=[mrtsccko, Content--mrtsccko, user1], timestamp=user1:   0], AddOperation [recipe=[mtxhcsxk, Content--mtxhcsxk, user4], timestamp=user4:   0], AddOperation [recipe=[igutjmas, Content--igutjmas, user2], timestamp=user2:   1], AddOperation [recipe=[enwxuoaq, Content--enwxuoaq, user2], timestamp=user2:   2], AddOperation [recipe=[naenayif, Content--naenayif, user3], timestamp=user3:   0], AddOperation [recipe=[paqhlrar, Content--paqhlrar, user3], timestamp=user3:   1], AddOperation [recipe=[guimxcvn, Content--guimxcvn, user4], timestamp=user4:   1], AddOperation [recipe=[brqcmawf, Content--brqcmawf, user3], timestamp=user3:   2], AddOperation [recipe=[wvfvcioe, Content--wvfvcioe, user0], timestamp=user0:   1], AddOperation [recipe=[jdpmsrot, Content--jdpmsrot, user4], timestamp=user4:   2], AddOperation [recipe=[bycjuiap, Content--bycjuiap, user2], timestamp=user2:   3], AddOperation [recipe=[prrrbyyq, Content--prrrbyyq, user4], timestamp=user4:   3], AddOperation [recipe=[ayxlnxfj, Content--ayxlnxfj, user0], timestamp=user0:   2], AddOperation [recipe=[fbybqmkf, Content--fbybqmkf, user1], timestamp=user1:   1], AddOperation [recipe=[clibbrbl, Content--clibbrbl, user2], timestamp=user2:   4], AddOperation [recipe=[qycxccpi, Content--qycxccpi, user1], timestamp=user1:   2], AddOperation [recipe=[jeqkicvn, Content--jeqkicvn, user0], timestamp=user0:   3], AddOperation [recipe=[gsktxxsh, Content--gsktxxsh, user1], timestamp=user1:   3], AddOperation [recipe=[nhmswiev, Content--nhmswiev, user4], timestamp=user4:   4], AddOperation [recipe=[gjtvehkq, Content--gjtvehkq, user0], timestamp=user0:   4], AddOperation [recipe=[rlretsfx, Content--rlretsfx, user2], timestamp=user2:   5], AddOperation [recipe=[hnsfjsrm, Content--hnsfjsrm, user0], timestamp=user0:   5], AddOperation [recipe=[dtuaotah, Content--dtuaotah, user4], timestamp=user4:   5], AddOperation [recipe=[vqkrfrdd, Content--vqkrfrdd, user2], timestamp=user2:   6], AddOperation [recipe=[hlvdoryn, Content--hlvdoryn, user1], timestamp=user1:   4], AddOperation [recipe=[srhvddam, Content--srhvddam, user2], timestamp=user2:   7], AddOperation [recipe=[jfyqttss, Content--jfyqttss, user4], timestamp=user4:   6], AddOperation [recipe=[tustxmqr, Content--tustxmqr, user0], timestamp=user0:   6], AddOperation [recipe=[vribeukc, Content--vribeukc, user3], timestamp=user3:   3], AddOperation [recipe=[xakmtotn, Content--xakmtotn, user4], timestamp=user4:   7], AddOperation [recipe=[skotncrs, Content--skotncrs, user2], timestamp=user2:   8], AddOperation [recipe=[tluqowex, Content--tluqowex, user2], timestamp=user2:   9], AddOperation [recipe=[lupjjovh, Content--lupjjovh, user3], timestamp=user3:   4], AddOperation [recipe=[qbmyxmeo, Content--qbmyxmeo, user3], timestamp=user3:   5], AddOperation [recipe=[ooqduvgv, Content--ooqduvgv, user4], timestamp=user4:   8], AddOperation [recipe=[hauelsfc, Content--hauelsfc, user1], timestamp=user1:   5], AddOperation [recipe=[jvuacyfw, Content--jvuacyfw, user3], timestamp=user3:   6], AddOperation [recipe=[kpetxjqi, Content--kpetxjqi, user1], timestamp=user1:   6], AddOperation [recipe=[fdfyucma, Content--fdfyucma, user2], timestamp=user2:   10], AddOperation [recipe=[lvckthrq, Content--lvckthrq, user4], timestamp=user4:   9], AddOperation [recipe=[booxoevo, Content--booxoevo, user3], timestamp=user3:   7], AddOperation [recipe=[pytljyec, Content--pytljyec, user4], timestamp=user4:   10], AddOperation [recipe=[cefxgrfy, Content--cefxgrfy, user3], timestamp=user3:   8], AddOperation [recipe=[nikvppdg, Content--nikvppdg, user3], timestamp=user3:   9], AddOperation [recipe=[phmfgbsu, Content--phmfgbsu, user3], timestamp=user3:   10], AddOperation [recipe=[fewjqkrh, Content--fewjqkrh, user3], timestamp=user3:   11], AddOperation [recipe=[yjcaeuhb, Content--yjcaeuhb, user1], timestamp=user1:   7], AddOperation [recipe=[roppuwew, Content--roppuwew, user4], timestamp=user4:   11]]
28-10-2018 10:01:55:285 phase1 [TRACE] : Inserting into Log the operation: AddOperation [recipe=[ftyqqryp, Content--ftyqqryp, user0], timestamp=user0:   0]
28-10-2018 10:01:55:286 phase1 [TRACE] : Log updated:

28-10-2018 10:01:55:286 phase1 [TRACE] : Updating the TimestampVectorInserting with the timestamp: user0:   0
28-10-2018 10:01:55:287 phase1 [TRACE] : Summary updated:
user0:   -1000
user2:   -1000
user1:   -1000
user4:   -1000
user3:   -1000

28-10-2018 10:01:55:287 phase1 [TRACE] : Inserting into Log the operation: AddOperation [recipe=[vgrxismv, Content--vgrxismv, user2], timestamp=user2:   0]
28-10-2018 10:01:55:291 phase1 [TRACE] : Log updated:

28-10-2018 10:01:55:291 phase1 [TRACE] : Updating the TimestampVectorInserting with the timestamp: user2:   0
28-10-2018 10:01:55:291 phase1 [TRACE] : Summary updated:
user0:   -1000
user2:   -1000
user1:   -1000
user4:   -1000
user3:   -1000

28-10-2018 10:01:55:291 phase1 [TRACE] : Inserting into Log the operation: AddOperation [recipe=[mrtsccko, Content--mrtsccko, user1], timestamp=user1:   0]
28-10-2018 10:01:55:292 phase1 [TRACE] : Log updated:

28-10-2018 10:01:55:292 phase1 [TRACE] : Updating the TimestampVectorInserting with the timestamp: user1:   0
28-10-2018 10:01:55:293 phase1 [TRACE] : Summary updated:
user0:   -1000
user2:   -1000
user1:   -1000
user4:   -1000
user3:   -1000

28-10-2018 10:01:55:293 phase1 [TRACE] : Inserting into Log the operation: AddOperation [recipe=[mtxhcsxk, Content--mtxhcsxk, user4], timestamp=user4:   0]
28-10-2018 10:01:55:293 phase1 [TRACE] : Log updated:

28-10-2018 10:01:55:294 phase1 [TRACE] : Updating the TimestampVectorInserting with the timestamp: user4:   0
28-10-2018 10:01:55:294 phase1 [TRACE] : Summary updated:
user0:   -1000
user2:   -1000
user1:   -1000
user4:   -1000
user3:   -1000

28-10-2018 10:01:55:295 phase1 [TRACE] : Inserting into Log the operation: AddOperation [recipe=[igutjmas, Content--igutjmas, user2], timestamp=user2:   1]
28-10-2018 10:01:55:299 phase1 [TRACE] : Log updated:

28-10-2018 10:01:55:300 phase1 [TRACE] : Updating the TimestampVectorInserting with the timestamp: user2:   1
28-10-2018 10:01:55:300 phase1 [TRACE] : Summary updated:
user0:   -1000
user2:   -1000
user1:   -1000
user4:   -1000
user3:   -1000

28-10-2018 10:01:55:301 phase1 [TRACE] : Inserting into Log the operation: AddOperation [recipe=[enwxuoaq, Content--enwxuoaq, user2], timestamp=user2:   2]
28-10-2018 10:01:55:301 phase1 [TRACE] : Log updated:

28-10-2018 10:01:55:301 phase1 [TRACE] : Updating the TimestampVectorInserting with the timestamp: user2:   2
28-10-2018 10:01:55:302 phase1 [TRACE] : Summary updated:
user0:   -1000
user2:   -1000
user1:   -1000
user4:   -1000
user3:   -1000

28-10-2018 10:01:55:302 phase1 [TRACE] : Inserting into Log the operation: AddOperation [recipe=[naenayif, Content--naenayif, user3], timestamp=user3:   0]
28-10-2018 10:01:55:306 phase1 [TRACE] : Log updated:

28-10-2018 10:01:55:306 phase1 [TRACE] : Updating the TimestampVectorInserting with the timestamp: user3:   0
28-10-2018 10:01:55:306 phase1 [TRACE] : Summary updated:
user0:   -1000
user2:   -1000
user1:   -1000
user4:   -1000
user3:   -1000

28-10-2018 10:01:55:307 phase1 [TRACE] : Inserting into Log the operation: AddOperation [recipe=[paqhlrar, Content--paqhlrar, user3], timestamp=user3:   1]
28-10-2018 10:01:55:307 phase1 [TRACE] : Log updated:

28-10-2018 10:01:55:307 phase1 [TRACE] : Updating the TimestampVectorInserting with the timestamp: user3:   1
28-10-2018 10:01:55:312 phase1 [TRACE] : Summary updated:
user0:   -1000
user2:   -1000
user1:   -1000
user4:   -1000
user3:   -1000

28-10-2018 10:01:55:312 phase1 [TRACE] : Inserting into Log the operation: AddOperation [recipe=[guimxcvn, Content--guimxcvn, user4], timestamp=user4:   1]
28-10-2018 10:01:55:312 phase1 [TRACE] : Log updated:

28-10-2018 10:01:55:312 phase1 [TRACE] : Updating the TimestampVectorInserting with the timestamp: user4:   1
28-10-2018 10:01:55:313 phase1 [TRACE] : Summary updated:
user0:   -1000
user2:   -1000
user1:   -1000
user4:   -1000
user3:   -1000

28-10-2018 10:01:55:314 phase1 [TRACE] : Inserting into Log the operation: AddOperation [recipe=[brqcmawf, Content--brqcmawf, user3], timestamp=user3:   2]
28-10-2018 10:01:55:314 phase1 [TRACE] : Log updated:

28-10-2018 10:01:55:315 phase1 [TRACE] : Updating the TimestampVectorInserting with the timestamp: user3:   2
28-10-2018 10:01:55:318 phase1 [TRACE] : Summary updated:
user0:   -1000
user2:   -1000
user1:   -1000
user4:   -1000
user3:   -1000

28-10-2018 10:01:55:319 phase1 [TRACE] : Inserting into Log the operation: AddOperation [recipe=[wvfvcioe, Content--wvfvcioe, user0], timestamp=user0:   1]
28-10-2018 10:01:55:320 phase1 [TRACE] : Log updated:

28-10-2018 10:01:55:321 phase1 [TRACE] : Updating the TimestampVectorInserting with the timestamp: user0:   1
28-10-2018 10:01:55:321 phase1 [TRACE] : Summary updated:
user0:   -1000
user2:   -1000
user1:   -1000
user4:   -1000
user3:   -1000

28-10-2018 10:01:55:322 phase1 [TRACE] : Inserting into Log the operation: AddOperation [recipe=[jdpmsrot, Content--jdpmsrot, user4], timestamp=user4:   2]
28-10-2018 10:01:55:322 phase1 [TRACE] : Log updated:

28-10-2018 10:01:55:323 phase1 [TRACE] : Updating the TimestampVectorInserting with the timestamp: user4:   2
28-10-2018 10:01:55:328 phase1 [TRACE] : Summary updated:
user0:   -1000
user2:   -1000
user1:   -1000
user4:   -1000
user3:   -1000

28-10-2018 10:01:55:328 phase1 [TRACE] : Inserting into Log the operation: AddOperation [recipe=[bycjuiap, Content--bycjuiap, user2], timestamp=user2:   3]
28-10-2018 10:01:55:329 phase1 [TRACE] : Log updated:

28-10-2018 10:01:55:329 phase1 [TRACE] : Updating the TimestampVectorInserting with the timestamp: user2:   3
28-10-2018 10:01:55:330 phase1 [TRACE] : Summary updated:
user0:   -1000
user2:   -1000
user1:   -1000
user4:   -1000
user3:   -1000

28-10-2018 10:01:55:331 phase1 [TRACE] : Inserting into Log the operation: AddOperation [recipe=[prrrbyyq, Content--prrrbyyq, user4], timestamp=user4:   3]
28-10-2018 10:01:55:340 phase1 [TRACE] : Log updated:

28-10-2018 10:01:55:340 phase1 [TRACE] : Updating the TimestampVectorInserting with the timestamp: user4:   3
28-10-2018 10:01:55:341 phase1 [TRACE] : Summary updated:
user0:   -1000
user2:   -1000
user1:   -1000
user4:   -1000
user3:   -1000

28-10-2018 10:01:55:342 phase1 [TRACE] : Inserting into Log the operation: AddOperation [recipe=[ayxlnxfj, Content--ayxlnxfj, user0], timestamp=user0:   2]
28-10-2018 10:01:55:342 phase1 [TRACE] : Log updated:

28-10-2018 10:01:55:343 phase1 [TRACE] : Updating the TimestampVectorInserting with the timestamp: user0:   2
28-10-2018 10:01:55:347 phase1 [TRACE] : Summary updated:
user0:   -1000
user2:   -1000
user1:   -1000
user4:   -1000
user3:   -1000

28-10-2018 10:01:55:348 phase1 [TRACE] : Inserting into Log the operation: AddOperation [recipe=[fbybqmkf, Content--fbybqmkf, user1], timestamp=user1:   1]
28-10-2018 10:01:55:356 phase1 [TRACE] : Log updated:

28-10-2018 10:01:55:356 phase1 [TRACE] : Updating the TimestampVectorInserting with the timestamp: user1:   1
28-10-2018 10:01:55:356 phase1 [TRACE] : Summary updated:
user0:   -1000
user2:   -1000
user1:   -1000
user4:   -1000
user3:   -1000

28-10-2018 10:01:55:357 phase1 [TRACE] : Inserting into Log the operation: AddOperation [recipe=[clibbrbl, Content--clibbrbl, user2], timestamp=user2:   4]
28-10-2018 10:01:55:357 phase1 [TRACE] : Log updated:

28-10-2018 10:01:55:357 phase1 [TRACE] : Updating the TimestampVectorInserting with the timestamp: user2:   4
28-10-2018 10:01:55:358 phase1 [TRACE] : Summary updated:
user0:   -1000
user2:   -1000
user1:   -1000
user4:   -1000
user3:   -1000

28-10-2018 10:01:55:358 phase1 [TRACE] : Inserting into Log the operation: AddOperation [recipe=[qycxccpi, Content--qycxccpi, user1], timestamp=user1:   2]
28-10-2018 10:01:55:358 phase1 [TRACE] : Log updated:

28-10-2018 10:01:55:358 phase1 [TRACE] : Updating the TimestampVectorInserting with the timestamp: user1:   2
28-10-2018 10:01:55:359 phase1 [TRACE] : Summary updated:
user0:   -1000
user2:   -1000
user1:   -1000
user4:   -1000
user3:   -1000

28-10-2018 10:01:55:359 phase1 [TRACE] : Inserting into Log the operation: AddOperation [recipe=[jeqkicvn, Content--jeqkicvn, user0], timestamp=user0:   3]
28-10-2018 10:01:55:365 phase1 [TRACE] : Log updated:

28-10-2018 10:01:55:365 phase1 [TRACE] : Updating the TimestampVectorInserting with the timestamp: user0:   3
28-10-2018 10:01:55:366 phase1 [TRACE] : Summary updated:
user0:   -1000
user2:   -1000
user1:   -1000
user4:   -1000
user3:   -1000

28-10-2018 10:01:55:366 phase1 [TRACE] : Inserting into Log the operation: AddOperation [recipe=[gsktxxsh, Content--gsktxxsh, user1], timestamp=user1:   3]
28-10-2018 10:01:55:366 phase1 [TRACE] : Log updated:

28-10-2018 10:01:55:366 phase1 [TRACE] : Updating the TimestampVectorInserting with the timestamp: user1:   3
28-10-2018 10:01:55:367 phase1 [TRACE] : Summary updated:
user0:   -1000
user2:   -1000
user1:   -1000
user4:   -1000
user3:   -1000

28-10-2018 10:01:55:367 phase1 [TRACE] : Inserting into Log the operation: AddOperation [recipe=[nhmswiev, Content--nhmswiev, user4], timestamp=user4:   4]
28-10-2018 10:01:55:367 phase1 [TRACE] : Log updated:

28-10-2018 10:01:55:368 phase1 [TRACE] : Updating the TimestampVectorInserting with the timestamp: user4:   4
28-10-2018 10:01:55:368 phase1 [TRACE] : Summary updated:
user0:   -1000
user2:   -1000
user1:   -1000
user4:   -1000
user3:   -1000

28-10-2018 10:01:55:369 phase1 [TRACE] : Inserting into Log the operation: AddOperation [recipe=[gjtvehkq, Content--gjtvehkq, user0], timestamp=user0:   4]
28-10-2018 10:01:55:369 phase1 [TRACE] : Log updated:

28-10-2018 10:01:55:369 phase1 [TRACE] : Updating the TimestampVectorInserting with the timestamp: user0:   4
28-10-2018 10:01:55:369 phase1 [TRACE] : Summary updated:
user0:   -1000
user2:   -1000
user1:   -1000
user4:   -1000
user3:   -1000

28-10-2018 10:01:55:369 phase1 [TRACE] : Inserting into Log the operation: AddOperation [recipe=[rlretsfx, Content--rlretsfx, user2], timestamp=user2:   5]
28-10-2018 10:01:55:370 phase1 [TRACE] : Log updated:

28-10-2018 10:01:55:370 phase1 [TRACE] : Updating the TimestampVectorInserting with the timestamp: user2:   5
28-10-2018 10:01:55:375 phase1 [TRACE] : Summary updated:
user0:   -1000
user2:   -1000
user1:   -1000
user4:   -1000
user3:   -1000

28-10-2018 10:01:55:375 phase1 [TRACE] : Inserting into Log the operation: AddOperation [recipe=[hnsfjsrm, Content--hnsfjsrm, user0], timestamp=user0:   5]
28-10-2018 10:01:55:376 phase1 [TRACE] : Log updated:

28-10-2018 10:01:55:376 phase1 [TRACE] : Updating the TimestampVectorInserting with the timestamp: user0:   5
28-10-2018 10:01:55:376 phase1 [TRACE] : Summary updated:
user0:   -1000
user2:   -1000
user1:   -1000
user4:   -1000
user3:   -1000

28-10-2018 10:01:55:377 phase1 [TRACE] : Inserting into Log the operation: AddOperation [recipe=[dtuaotah, Content--dtuaotah, user4], timestamp=user4:   5]
28-10-2018 10:01:55:377 phase1 [TRACE] : Log updated:

28-10-2018 10:01:55:377 phase1 [TRACE] : Updating the TimestampVectorInserting with the timestamp: user4:   5
28-10-2018 10:01:55:378 phase1 [TRACE] : Summary updated:
user0:   -1000
user2:   -1000
user1:   -1000
user4:   -1000
user3:   -1000

28-10-2018 10:01:55:378 phase1 [TRACE] : Inserting into Log the operation: AddOperation [recipe=[vqkrfrdd, Content--vqkrfrdd, user2], timestamp=user2:   6]
28-10-2018 10:01:55:378 phase1 [TRACE] : Log updated:

28-10-2018 10:01:55:378 phase1 [TRACE] : Updating the TimestampVectorInserting with the timestamp: user2:   6
28-10-2018 10:01:55:384 phase1 [TRACE] : Summary updated:
user0:   -1000
user2:   -1000
user1:   -1000
user4:   -1000
user3:   -1000

28-10-2018 10:01:55:384 phase1 [TRACE] : Inserting into Log the operation: AddOperation [recipe=[hlvdoryn, Content--hlvdoryn, user1], timestamp=user1:   4]
28-10-2018 10:01:55:384 phase1 [TRACE] : Log updated:

28-10-2018 10:01:55:386 phase1 [TRACE] : Updating the TimestampVectorInserting with the timestamp: user1:   4
28-10-2018 10:01:55:386 phase1 [TRACE] : Summary updated:
user0:   -1000
user2:   -1000
user1:   -1000
user4:   -1000
user3:   -1000

28-10-2018 10:01:55:387 phase1 [TRACE] : Inserting into Log the operation: AddOperation [recipe=[srhvddam, Content--srhvddam, user2], timestamp=user2:   7]
28-10-2018 10:01:55:387 phase1 [TRACE] : Log updated:

28-10-2018 10:01:55:391 phase1 [TRACE] : Updating the TimestampVectorInserting with the timestamp: user2:   7
28-10-2018 10:01:55:392 phase1 [TRACE] : Summary updated:
user0:   -1000
user2:   -1000
user1:   -1000
user4:   -1000
user3:   -1000

28-10-2018 10:01:55:392 phase1 [TRACE] : Inserting into Log the operation: AddOperation [recipe=[jfyqttss, Content--jfyqttss, user4], timestamp=user4:   6]
28-10-2018 10:01:55:392 phase1 [TRACE] : Log updated:

28-10-2018 10:01:55:393 phase1 [TRACE] : Updating the TimestampVectorInserting with the timestamp: user4:   6
28-10-2018 10:01:55:393 phase1 [TRACE] : Summary updated:
user0:   -1000
user2:   -1000
user1:   -1000
user4:   -1000
user3:   -1000

28-10-2018 10:01:55:400 phase1 [TRACE] : Inserting into Log the operation: AddOperation [recipe=[tustxmqr, Content--tustxmqr, user0], timestamp=user0:   6]
28-10-2018 10:01:55:400 phase1 [TRACE] : Log updated:

28-10-2018 10:01:55:400 phase1 [TRACE] : Updating the TimestampVectorInserting with the timestamp: user0:   6
28-10-2018 10:01:55:400 phase1 [TRACE] : Summary updated:
user0:   -1000
user2:   -1000
user1:   -1000
user4:   -1000
user3:   -1000

28-10-2018 10:01:55:401 phase1 [TRACE] : Inserting into Log the operation: AddOperation [recipe=[vribeukc, Content--vribeukc, user3], timestamp=user3:   3]
28-10-2018 10:01:55:401 phase1 [TRACE] : Log updated:

28-10-2018 10:01:55:401 phase1 [TRACE] : Updating the TimestampVectorInserting with the timestamp: user3:   3
28-10-2018 10:01:55:401 phase1 [TRACE] : Summary updated:
user0:   -1000
user2:   -1000
user1:   -1000
user4:   -1000
user3:   -1000

28-10-2018 10:01:55:401 phase1 [TRACE] : Inserting into Log the operation: AddOperation [recipe=[xakmtotn, Content--xakmtotn, user4], timestamp=user4:   7]
28-10-2018 10:01:55:402 phase1 [TRACE] : Log updated:

28-10-2018 10:01:55:402 phase1 [TRACE] : Updating the TimestampVectorInserting with the timestamp: user4:   7
28-10-2018 10:01:55:402 phase1 [TRACE] : Summary updated:
user0:   -1000
user2:   -1000
user1:   -1000
user4:   -1000
user3:   -1000

28-10-2018 10:01:55:402 phase1 [TRACE] : Inserting into Log the operation: AddOperation [recipe=[skotncrs, Content--skotncrs, user2], timestamp=user2:   8]
28-10-2018 10:01:55:403 phase1 [TRACE] : Log updated:

28-10-2018 10:01:55:403 phase1 [TRACE] : Updating the TimestampVectorInserting with the timestamp: user2:   8
28-10-2018 10:01:55:407 phase1 [TRACE] : Summary updated:
user0:   -1000
user2:   -1000
user1:   -1000
user4:   -1000
user3:   -1000

28-10-2018 10:01:55:408 phase1 [TRACE] : Inserting into Log the operation: AddOperation [recipe=[tluqowex, Content--tluqowex, user2], timestamp=user2:   9]
28-10-2018 10:01:55:408 phase1 [TRACE] : Log updated:

28-10-2018 10:01:55:408 phase1 [TRACE] : Updating the TimestampVectorInserting with the timestamp: user2:   9
28-10-2018 10:01:55:408 phase1 [TRACE] : Summary updated:
user0:   -1000
user2:   -1000
user1:   -1000
user4:   -1000
user3:   -1000

28-10-2018 10:01:55:408 phase1 [TRACE] : Inserting into Log the operation: AddOperation [recipe=[lupjjovh, Content--lupjjovh, user3], timestamp=user3:   4]
28-10-2018 10:01:55:409 phase1 [TRACE] : Log updated:

28-10-2018 10:01:55:409 phase1 [TRACE] : Updating the TimestampVectorInserting with the timestamp: user3:   4
28-10-2018 10:01:55:409 phase1 [TRACE] : Summary updated:
user0:   -1000
user2:   -1000
user1:   -1000
user4:   -1000
user3:   -1000

28-10-2018 10:01:55:409 phase1 [TRACE] : Inserting into Log the operation: AddOperation [recipe=[qbmyxmeo, Content--qbmyxmeo, user3], timestamp=user3:   5]
28-10-2018 10:01:55:410 phase1 [TRACE] : Log updated:

28-10-2018 10:01:55:410 phase1 [TRACE] : Updating the TimestampVectorInserting with the timestamp: user3:   5
28-10-2018 10:01:55:411 phase1 [TRACE] : Summary updated:
user0:   -1000
user2:   -1000
user1:   -1000
user4:   -1000
user3:   -1000

28-10-2018 10:01:55:411 phase1 [TRACE] : Inserting into Log the operation: AddOperation [recipe=[ooqduvgv, Content--ooqduvgv, user4], timestamp=user4:   8]
28-10-2018 10:01:55:415 phase1 [TRACE] : Log updated:

28-10-2018 10:01:55:415 phase1 [TRACE] : Updating the TimestampVectorInserting with the timestamp: user4:   8
28-10-2018 10:01:55:415 phase1 [TRACE] : Summary updated:
user0:   -1000
user2:   -1000
user1:   -1000
user4:   -1000
user3:   -1000

28-10-2018 10:01:55:416 phase1 [TRACE] : Inserting into Log the operation: AddOperation [recipe=[hauelsfc, Content--hauelsfc, user1], timestamp=user1:   5]
28-10-2018 10:01:55:416 phase1 [TRACE] : Log updated:

28-10-2018 10:01:55:416 phase1 [TRACE] : Updating the TimestampVectorInserting with the timestamp: user1:   5
28-10-2018 10:01:55:416 phase1 [TRACE] : Summary updated:
user0:   -1000
user2:   -1000
user1:   -1000
user4:   -1000
user3:   -1000

28-10-2018 10:01:55:417 phase1 [TRACE] : Inserting into Log the operation: AddOperation [recipe=[jvuacyfw, Content--jvuacyfw, user3], timestamp=user3:   6]
28-10-2018 10:01:55:417 phase1 [TRACE] : Log updated:

28-10-2018 10:01:55:417 phase1 [TRACE] : Updating the TimestampVectorInserting with the timestamp: user3:   6
28-10-2018 10:01:55:417 phase1 [TRACE] : Summary updated:
user0:   -1000
user2:   -1000
user1:   -1000
user4:   -1000
user3:   -1000

28-10-2018 10:01:55:417 phase1 [TRACE] : Inserting into Log the operation: AddOperation [recipe=[kpetxjqi, Content--kpetxjqi, user1], timestamp=user1:   6]
28-10-2018 10:01:55:418 phase1 [TRACE] : Log updated:

28-10-2018 10:01:55:418 phase1 [TRACE] : Updating the TimestampVectorInserting with the timestamp: user1:   6
28-10-2018 10:01:55:418 phase1 [TRACE] : Summary updated:
user0:   -1000
user2:   -1000
user1:   -1000
user4:   -1000
user3:   -1000

28-10-2018 10:01:55:418 phase1 [TRACE] : Inserting into Log the operation: AddOperation [recipe=[fdfyucma, Content--fdfyucma, user2], timestamp=user2:   10]
28-10-2018 10:01:55:419 phase1 [TRACE] : Log updated:

28-10-2018 10:01:55:419 phase1 [TRACE] : Updating the TimestampVectorInserting with the timestamp: user2:   10
28-10-2018 10:01:55:423 phase1 [TRACE] : Summary updated:
user0:   -1000
user2:   -1000
user1:   -1000
user4:   -1000
user3:   -1000

28-10-2018 10:01:55:424 phase1 [TRACE] : Inserting into Log the operation: AddOperation [recipe=[lvckthrq, Content--lvckthrq, user4], timestamp=user4:   9]
28-10-2018 10:01:55:425 phase1 [TRACE] : Log updated:

28-10-2018 10:01:55:425 phase1 [TRACE] : Updating the TimestampVectorInserting with the timestamp: user4:   9
28-10-2018 10:01:55:425 phase1 [TRACE] : Summary updated:
user0:   -1000
user2:   -1000
user1:   -1000
user4:   -1000
user3:   -1000

28-10-2018 10:01:55:425 phase1 [TRACE] : Inserting into Log the operation: AddOperation [recipe=[booxoevo, Content--booxoevo, user3], timestamp=user3:   7]
28-10-2018 10:01:55:425 phase1 [TRACE] : Log updated:

28-10-2018 10:01:55:441 phase1 [TRACE] : Updating the TimestampVectorInserting with the timestamp: user3:   7
28-10-2018 10:01:55:441 phase1 [TRACE] : Summary updated:
user0:   -1000
user2:   -1000
user1:   -1000
user4:   -1000
user3:   -1000

28-10-2018 10:01:55:441 phase1 [TRACE] : Inserting into Log the operation: AddOperation [recipe=[pytljyec, Content--pytljyec, user4], timestamp=user4:   10]
28-10-2018 10:01:55:441 phase1 [TRACE] : Log updated:

28-10-2018 10:01:55:442 phase1 [TRACE] : Updating the TimestampVectorInserting with the timestamp: user4:   10
28-10-2018 10:01:55:442 phase1 [TRACE] : Summary updated:
user0:   -1000
user2:   -1000
user1:   -1000
user4:   -1000
user3:   -1000

28-10-2018 10:01:55:442 phase1 [TRACE] : Inserting into Log the operation: AddOperation [recipe=[cefxgrfy, Content--cefxgrfy, user3], timestamp=user3:   8]
28-10-2018 10:01:55:442 phase1 [TRACE] : Log updated:

28-10-2018 10:01:55:442 phase1 [TRACE] : Updating the TimestampVectorInserting with the timestamp: user3:   8
28-10-2018 10:01:55:442 phase1 [TRACE] : Summary updated:
user0:   -1000
user2:   -1000
user1:   -1000
user4:   -1000
user3:   -1000

28-10-2018 10:01:55:443 phase1 [TRACE] : Inserting into Log the operation: AddOperation [recipe=[nikvppdg, Content--nikvppdg, user3], timestamp=user3:   9]
28-10-2018 10:01:55:443 phase1 [TRACE] : Log updated:

28-10-2018 10:01:55:448 phase1 [TRACE] : Updating the TimestampVectorInserting with the timestamp: user3:   9
28-10-2018 10:01:55:455 phase1 [TRACE] : Summary updated:
user0:   -1000
user2:   -1000
user1:   -1000
user4:   -1000
user3:   -1000

28-10-2018 10:01:55:455 phase1 [TRACE] : Inserting into Log the operation: AddOperation [recipe=[phmfgbsu, Content--phmfgbsu, user3], timestamp=user3:   10]
28-10-2018 10:01:55:456 phase1 [TRACE] : Log updated:

28-10-2018 10:01:55:456 phase1 [TRACE] : Updating the TimestampVectorInserting with the timestamp: user3:   10
28-10-2018 10:01:55:456 phase1 [TRACE] : Summary updated:
user0:   -1000
user2:   -1000
user1:   -1000
user4:   -1000
user3:   -1000

28-10-2018 10:01:55:456 phase1 [TRACE] : Inserting into Log the operation: AddOperation [recipe=[fewjqkrh, Content--fewjqkrh, user3], timestamp=user3:   11]
28-10-2018 10:01:55:456 phase1 [TRACE] : Log updated:

28-10-2018 10:01:55:457 phase1 [TRACE] : Updating the TimestampVectorInserting with the timestamp: user3:   11
28-10-2018 10:01:55:457 phase1 [TRACE] : Summary updated:
user0:   -1000
user2:   -1000
user1:   -1000
user4:   -1000
user3:   -1000

28-10-2018 10:01:55:457 phase1 [TRACE] : Inserting into Log the operation: AddOperation [recipe=[yjcaeuhb, Content--yjcaeuhb, user1], timestamp=user1:   7]
28-10-2018 10:01:55:457 phase1 [TRACE] : Log updated:

28-10-2018 10:01:55:457 phase1 [TRACE] : Updating the TimestampVectorInserting with the timestamp: user1:   7
28-10-2018 10:01:55:458 phase1 [TRACE] : Summary updated:
user0:   -1000
user2:   -1000
user1:   -1000
user4:   -1000
user3:   -1000

28-10-2018 10:01:55:458 phase1 [TRACE] : Inserting into Log the operation: AddOperation [recipe=[roppuwew, Content--roppuwew, user4], timestamp=user4:   11]
28-10-2018 10:01:55:458 phase1 [TRACE] : Log updated:

28-10-2018 10:01:55:458 phase1 [TRACE] : Updating the TimestampVectorInserting with the timestamp: user4:   11
28-10-2018 10:01:55:458 phase1 [TRACE] : Summary updated:
user0:   -1000
user2:   -1000
user1:   -1000
user4:   -1000
user3:   -1000

28-10-2018 10:01:55:458 phase1 [INFO] : Log:

28-10-2018 10:01:55:459 phase1 [INFO] : Summary:
user0:   -1000
user2:   -1000
user1:   -1000
user4:   -1000
user3:   -1000

